<?xml version="1.0" encoding="UTF-8"?>
<!-- Generated by org.testng.reporters.JUnitReportReporter -->
<testsuite hostname="Sudarshan" failures="0" tests="3" name="groupingInTestNGxml.grouping2" time="0.005" errors="0" timestamp="2022-03-22T22:02:40 IST" skipped="0">
  <testcase classname="groupingInTestNGxml.grouping2" name="test6" time="0.002"/>
  <system-out>
    <![CDATA[test6 is running]]>
  </system-out>
  <testcase classname="groupingInTestNGxml.grouping2" name="test5" time="0.002"/>
  <system-out>
    <![CDATA[test5 is running]]>
  </system-out>
  <testcase classname="groupingInTestNGxml.grouping2" name="test8" time="0.001"/>
  <system-out>
    <![CDATA[test8 is running]]>
  </system-out>
</testsuite> <!-- groupingInTestNGxml.grouping2 -->
