<?xml version="1.0" encoding="UTF-8"?>
<!-- Generated by org.testng.reporters.JUnitReportReporter -->
<testsuite hostname="Sudarshan" failures="0" tests="2" name="kiteLoginbyudingTestNGandPOM.KiteTestUsingTestNG" time="19.170" errors="0" timestamp="2022-03-28T22:54:52 IST" skipped="0">
  <testcase classname="kiteLoginbyudingTestNGandPOM.KiteTestUsingTestNG" name="validateUserID" time="12.782"/>
  <system-out>
    <![CDATA[validating userID
User ID validated suceesfully, TC is passed]]>
  </system-out>
  <testcase classname="kiteLoginbyudingTestNGandPOM.KiteTestUsingTestNG" name="validateUserID" time="6.388"/>
  <system-out>
    <![CDATA[validating userID
User ID validated suceesfully, TC is passed]]>
  </system-out>
</testsuite> <!-- kiteLoginbyudingTestNGandPOM.KiteTestUsingTestNG -->
