<?xml version="1.0" encoding="UTF-8"?>
<!-- Generated by org.testng.reporters.JUnitReportReporter -->
<testsuite hostname="Sudarshan" failures="0" tests="4" name="TestNG_Study.NewTest" time="0.017" errors="0" timestamp="2022-03-18T19:50:17 IST" skipped="0">
  <testcase classname="TestNG_Study.NewTest" name="meethod3" time="0.007"/>
  <system-out/>
  <testcase classname="TestNG_Study.NewTest" name="meethod1" time="0.003"/>
  <system-out/>
  <testcase classname="TestNG_Study.NewTest" name="meethod4" time="0.002"/>
  <system-out/>
  <testcase classname="TestNG_Study.NewTest" name="meethod2" time="0.005"/>
  <system-out/>
</testsuite> <!-- TestNG_Study.NewTest -->
