<?xml version="1.0" encoding="UTF-8"?>
<!-- Generated by org.testng.reporters.JUnitReportReporter -->
<testsuite hostname="Sudarshan" failures="0" tests="1" name="TestNG_Study.AnnotationStudy" time="0.029" errors="0" timestamp="2022-03-17T23:00:49 IST" skipped="0">
  <testcase classname="TestNG_Study.AnnotationStudy" name="test1" time="0.029"/>
  <system-out/>
</testsuite> <!-- TestNG_Study.AnnotationStudy -->
