<?xml version="1.0" encoding="UTF-8"?>
<!-- Generated by org.testng.reporters.JUnitReportReporter -->
<testsuite hostname="Sudarshan" failures="0" tests="1" name="verification_assert_intestNG.AssertNull" time="0.026" errors="0" timestamp="2022-03-23T23:33:55 IST" skipped="0">
  <testcase classname="verification_assert_intestNG.AssertNull" name="method1" time="0.026"/>
  <system-out/>
</testsuite> <!-- verification_assert_intestNG.AssertNull -->
