<?xml version="1.0" encoding="UTF-8"?>
<!-- Generated by org.testng.reporters.JUnitReportReporter -->
<testsuite hostname="Sudarshan" failures="0" tests="3" name="groupingInTestNGxml.grouping1" time="0.028" errors="0" timestamp="2022-03-22T22:02:40 IST" skipped="0">
  <testcase classname="groupingInTestNGxml.grouping1" name="test1" time="0.021"/>
  <system-out>
    <![CDATA[test1 is running]]>
  </system-out>
  <testcase classname="groupingInTestNGxml.grouping1" name="test3" time="0.002"/>
  <system-out>
    <![CDATA[test3 is running]]>
  </system-out>
  <testcase classname="groupingInTestNGxml.grouping1" name="test2" time="0.005"/>
  <system-out>
    <![CDATA[test2 is running]]>
  </system-out>
</testsuite> <!-- groupingInTestNGxml.grouping1 -->
