<?xml version="1.0" encoding="UTF-8"?>
<!-- Generated by org.testng.reporters.JUnitReportReporter -->
<testsuite hostname="Sudarshan" failures="0" tests="1" name="KiteAppTestClasses.ValidatePWDerrormsg" time="658.082" errors="1" timestamp="2022-03-30T21:52:25 IST" skipped="0">
  <testcase classname="KiteAppTestClasses.ValidatePWDerrormsg" name="ValidatePWDerrorMsg" time="658.082">
    <error type="java.lang.StackOverflowError">
      <![CDATA[java.lang.StackOverflowError
at org.openqa.selenium.SharedCapabilitiesMethods.abbreviate(SharedCapabilitiesMethods.java:105)
at org.openqa.selenium.SharedCapabilitiesMethods.toString(SharedCapabilitiesMethods.java:78)
at org.openqa.selenium.ImmutableCapabilities.toString(ImmutableCapabilities.java:195)
at org.openqa.selenium.remote.RemoteWebDriver.populateWebDriverException(RemoteWebDriver.java:608)
at org.openqa.selenium.remote.RemoteWebDriver.execute(RemoteWebDriver.java:585)
at org.openqa.selenium.remote.ElementLocation$ElementFinder$2.findElement(ElementLocation.java:162)
at org.openqa.selenium.remote.ElementLocation.findElement(ElementLocation.java:60)
at org.openqa.selenium.remote.RemoteWebDriver.findElement(RemoteWebDriver.java:382)
at org.openqa.selenium.remote.RemoteWebDriver.findElement(RemoteWebDriver.java:374)
at org.openqa.selenium.support.pagefactory.DefaultElementLocator.findElement(DefaultElementLocator.java:70)
at org.openqa.selenium.support.pagefactory.internal.LocatingElementHandler.invoke(LocatingElementHandler.java:39)
at jdk.proxy2/jdk.proxy2.$Proxy18.getText(Unknown Source)
at POMClasses.KiteLoginPage.errormsgOfpassword(KiteLoginPage.java:35)
at POMClasses.KiteLoginPage.errormsgOfpassword(KiteLoginPage.java:36)
at POMClasses.KiteLoginPage.errormsgOfpassword(KiteLoginPage.java:36)
at POMClasses.KiteLoginPage.errormsgOfpassword(KiteLoginPage.java:36)
at POMClasses.KiteLoginPage.errormsgOfpassword(KiteLoginPage.java:36)
at POMClasses.KiteLoginPage.errormsgOfpassword(KiteLoginPage.java:36)
at POMClasses.KiteLoginPage.errormsgOfpassword(KiteLoginPage.java:36)
at POMClasses.KiteLoginPage.errormsgOfpassword(KiteLoginPage.java:36)
at POMClasses.KiteLoginPage.errormsgOfpassword(KiteLoginPage.java:36)
at POMClasses.KiteLoginPage.errormsgOfpassword(KiteLoginPage.java:36)
at POMClasses.KiteLoginPage.errormsgOfpassword(KiteLoginPage.java:36)
at POMClasses.KiteLoginPage.errormsgOfpassword(KiteLoginPage.java:36)
at POMClasses.KiteLoginPage.errormsgOfpassword(KiteLoginPage.java:36)
at POMClasses.KiteLoginPage.errormsgOfpassword(KiteLoginPage.java:36)
at POMClasses.KiteLoginPage.errormsgOfpassword(KiteLoginPage.java:36)
at POMClasses.KiteLoginPage.errormsgOfpassword(KiteLoginPage.java:36)
at POMClasses.KiteLoginPage.errormsgOfpassword(KiteLoginPage.java:36)
at POMClasses.KiteLoginPage.errormsgOfpassword(KiteLoginPage.java:36)
at POMClasses.KiteLoginPage.errormsgOfpassword(KiteLoginPage.java:36)
at POMClasses.KiteLoginPage.errormsgOfpassword(KiteLoginPage.java:36)
at POMClasses.KiteLoginPage.errormsgOfpassword(KiteLoginPage.java:36)
at POMClasses.KiteLoginPage.errormsgOfpassword(KiteLoginPage.java:36)
at POMClasses.KiteLoginPage.errormsgOfpassword(KiteLoginPage.java:36)
at POMClasses.KiteLoginPage.errormsgOfpassword(KiteLoginPage.java:36)
at POMClasses.KiteLoginPage.errormsgOfpassword(KiteLoginPage.java:36)
at POMClasses.KiteLoginPage.errormsgOfpassword(KiteLoginPage.java:36)
at POMClasses.KiteLoginPage.errormsgOfpassword(KiteLoginPage.java:36)
at POMClasses.KiteLoginPage.errormsgOfpassword(KiteLoginPage.java:36)
at POMClasses.KiteLoginPage.errormsgOfpassword(KiteLoginPage.java:36)
at POMClasses.KiteLoginPage.errormsgOfpassword(KiteLoginPage.java:36)
at POMClasses.KiteLoginPage.errormsgOfpassword(KiteLoginPage.java:36)
at POMClasses.KiteLoginPage.errormsgOfpassword(KiteLoginPage.java:36)
at POMClasses.KiteLoginPage.errormsgOfpassword(KiteLoginPage.java:36)
at POMClasses.KiteLoginPage.errormsgOfpassword(KiteLoginPage.java:36)
at POMClasses.KiteLoginPage.errormsgOfpassword(KiteLoginPage.java:36)
at POMClasses.KiteLoginPage.errormsgOfpassword(KiteLoginPage.java:36)
at POMClasses.KiteLoginPage.errormsgOfpassword(KiteLoginPage.java:36)
at POMClasses.KiteLoginPage.errormsgOfpassword(KiteLoginPage.java:36)
at POMClasses.KiteLoginPage.errormsgOfpassword(KiteLoginPage.java:36)
at POMClasses.KiteLoginPage.errormsgOfpassword(KiteLoginPage.java:36)
at POMClasses.KiteLoginPage.errormsgOfpassword(KiteLoginPage.java:36)
at POMClasses.KiteLoginPage.errormsgOfpassword(KiteLoginPage.java:36)
at POMClasses.KiteLoginPage.errormsgOfpassword(KiteLoginPage.java:36)
at POMClasses.KiteLoginPage.errormsgOfpassword(KiteLoginPage.java:36)
at POMClasses.KiteLoginPage.errormsgOfpassword(KiteLoginPage.java:36)
at POMClasses.KiteLoginPage.errormsgOfpassword(KiteLoginPage.java:36)
at POMClasses.KiteLoginPage.errormsgOfpassword(KiteLoginPage.java:36)
at POMClasses.KiteLoginPage.errormsgOfpassword(KiteLoginPage.java:36)
at POMClasses.KiteLoginPage.errormsgOfpassword(KiteLoginPage.java:36)
at POMClasses.KiteLoginPage.errormsgOfpassword(KiteLoginPage.java:36)
at POMClasses.KiteLoginPage.errormsgOfpassword(KiteLoginPage.java:36)
at POMClasses.KiteLoginPage.errormsgOfpassword(KiteLoginPage.java:36)
at POMClasses.KiteLoginPage.errormsgOfpassword(KiteLoginPage.java:36)
at POMClasses.KiteLoginPage.errormsgOfpassword(KiteLoginPage.java:36)
at POMClasses.KiteLoginPage.errormsgOfpassword(KiteLoginPage.java:36)
at POMClasses.KiteLoginPage.errormsgOfpassword(KiteLoginPage.java:36)
at POMClasses.KiteLoginPage.errormsgOfpassword(KiteLoginPage.java:36)
at POMClasses.KiteLoginPage.errormsgOfpassword(KiteLoginPage.java:36)
at POMClasses.KiteLoginPage.errormsgOfpassword(KiteLoginPage.java:36)
at POMClasses.KiteLoginPage.errormsgOfpassword(KiteLoginPage.java:36)
at POMClasses.KiteLoginPage.errormsgOfpassword(KiteLoginPage.java:36)
at POMClasses.KiteLoginPage.errormsgOfpassword(KiteLoginPage.java:36)
at POMClasses.KiteLoginPage.errormsgOfpassword(KiteLoginPage.java:36)
at POMClasses.KiteLoginPage.errormsgOfpassword(KiteLoginPage.java:36)
at POMClasses.KiteLoginPage.errormsgOfpassword(KiteLoginPage.java:36)
at POMClasses.KiteLoginPage.errormsgOfpassword(KiteLoginPage.java:36)
at POMClasses.KiteLoginPage.errormsgOfpassword(KiteLoginPage.java:36)
at POMClasses.KiteLoginPage.errormsgOfpassword(KiteLoginPage.java:36)
at POMClasses.KiteLoginPage.errormsgOfpassword(KiteLoginPage.java:36)
at POMClasses.KiteLoginPage.errormsgOfpassword(KiteLoginPage.java:36)
at POMClasses.KiteLoginPage.errormsgOfpassword(KiteLoginPage.java:36)
at POMClasses.KiteLoginPage.errormsgOfpassword(KiteLoginPage.java:36)
at POMClasses.KiteLoginPage.errormsgOfpassword(KiteLoginPage.java:36)
at POMClasses.KiteLoginPage.errormsgOfpassword(KiteLoginPage.java:36)
at POMClasses.KiteLoginPage.errormsgOfpassword(KiteLoginPage.java:36)
at POMClasses.KiteLoginPage.errormsgOfpassword(KiteLoginPage.java:36)
at POMClasses.KiteLoginPage.errormsgOfpassword(KiteLoginPage.java:36)
at POMClasses.KiteLoginPage.errormsgOfpassword(KiteLoginPage.java:36)
at POMClasses.KiteLoginPage.errormsgOfpassword(KiteLoginPage.java:36)
at POMClasses.KiteLoginPage.errormsgOfpassword(KiteLoginPage.java:36)
at POMClasses.KiteLoginPage.errormsgOfpassword(KiteLoginPage.java:36)
at POMClasses.KiteLoginPage.errormsgOfpassword(KiteLoginPage.java:36)
at POMClasses.KiteLoginPage.errormsgOfpassword(KiteLoginPage.java:36)
at POMClasses.KiteLoginPage.errormsgOfpassword(KiteLoginPage.java:36)
at POMClasses.KiteLoginPage.errormsgOfpassword(KiteLoginPage.java:36)
at POMClasses.KiteLoginPage.errormsgOfpassword(KiteLoginPage.java:36)
at POMClasses.KiteLoginPage.errormsgOfpassword(KiteLoginPage.java:36)
at POMClasses.KiteLoginPage.errormsgOfpassword(KiteLoginPage.java:36)
at POMClasses.KiteLoginPage.errormsgOfpassword(KiteLoginPage.java:36)
at POMClasses.KiteLoginPage.errormsgOfpassword(KiteLoginPage.java:36)
at POMClasses.KiteLoginPage.errormsgOfpassword(KiteLoginPage.java:36)
at POMClasses.KiteLoginPage.errormsgOfpassword(KiteLoginPage.java:36)
at POMClasses.KiteLoginPage.errormsgOfpassword(KiteLoginPage.java:36)
at POMClasses.KiteLoginPage.errormsgOfpassword(KiteLoginPage.java:36)
at POMClasses.KiteLoginPage.errormsgOfpassword(KiteLoginPage.java:36)
at POMClasses.KiteLoginPage.errormsgOfpassword(KiteLoginPage.java:36)
at POMClasses.KiteLoginPage.errormsgOfpassword(KiteLoginPage.java:36)
at POMClasses.KiteLoginPage.errormsgOfpassword(KiteLoginPage.java:36)
at POMClasses.KiteLoginPage.errormsgOfpassword(KiteLoginPage.java:36)
at POMClasses.KiteLoginPage.errormsgOfpassword(KiteLoginPage.java:36)
at POMClasses.KiteLoginPage.errormsgOfpassword(KiteLoginPage.java:36)
at POMClasses.KiteLoginPage.errormsgOfpassword(KiteLoginPage.java:36)
at POMClasses.KiteLoginPage.errormsgOfpassword(KiteLoginPage.java:36)
at POMClasses.KiteLoginPage.errormsgOfpassword(KiteLoginPage.java:36)
at POMClasses.KiteLoginPage.errormsgOfpassword(KiteLoginPage.java:36)
at POMClasses.KiteLoginPage.errormsgOfpassword(KiteLoginPage.java:36)
at POMClasses.KiteLoginPage.errormsgOfpassword(KiteLoginPage.java:36)
at POMClasses.KiteLoginPage.errormsgOfpassword(KiteLoginPage.java:36)
at POMClasses.KiteLoginPage.errormsgOfpassword(KiteLoginPage.java:36)
at POMClasses.KiteLoginPage.errormsgOfpassword(KiteLoginPage.java:36)
at POMClasses.KiteLoginPage.errormsgOfpassword(KiteLoginPage.java:36)
at POMClasses.KiteLoginPage.errormsgOfpassword(KiteLoginPage.java:36)
at POMClasses.KiteLoginPage.errormsgOfpassword(KiteLoginPage.java:36)
at POMClasses.KiteLoginPage.errormsgOfpassword(KiteLoginPage.java:36)
at POMClasses.KiteLoginPage.errormsgOfpassword(KiteLoginPage.java:36)
at POMClasses.KiteLoginPage.errormsgOfpassword(KiteLoginPage.java:36)
at POMClasses.KiteLoginPage.errormsgOfpassword(KiteLoginPage.java:36)
at POMClasses.KiteLoginPage.errormsgOfpassword(KiteLoginPage.java:36)
at POMClasses.KiteLoginPage.errormsgOfpassword(KiteLoginPage.java:36)
at POMClasses.KiteLoginPage.errormsgOfpassword(KiteLoginPage.java:36)
at POMClasses.KiteLoginPage.errormsgOfpassword(KiteLoginPage.java:36)
at POMClasses.KiteLoginPage.errormsgOfpassword(KiteLoginPage.java:36)
at POMClasses.KiteLoginPage.errormsgOfpassword(KiteLoginPage.java:36)
at POMClasses.KiteLoginPage.errormsgOfpassword(KiteLoginPage.java:36)
at POMClasses.KiteLoginPage.errormsgOfpassword(KiteLoginPage.java:36)
at POMClasses.KiteLoginPage.errormsgOfpassword(KiteLoginPage.java:36)
at POMClasses.KiteLoginPage.errormsgOfpassword(KiteLoginPage.java:36)
at POMClasses.KiteLoginPage.errormsgOfpassword(KiteLoginPage.java:36)
at POMClasses.KiteLoginPage.errormsgOfpassword(KiteLoginPage.java:36)
at POMClasses.KiteLoginPage.errormsgOfpassword(KiteLoginPage.java:36)
at POMClasses.KiteLoginPage.errormsgOfpassword(KiteLoginPage.java:36)
at POMClasses.KiteLoginPage.errormsgOfpassword(KiteLoginPage.java:36)
at POMClasses.KiteLoginPage.errormsgOfpassword(KiteLoginPage.java:36)
at POMClasses.KiteLoginPage.errormsgOfpassword(KiteLoginPage.java:36)
at POMClasses.KiteLoginPage.errormsgOfpassword(KiteLoginPage.java:36)
at POMClasses.KiteLoginPage.errormsgOfpassword(KiteLoginPage.java:36)
at POMClasses.KiteLoginPage.errormsgOfpassword(KiteLoginPage.java:36)
at POMClasses.KiteLoginPage.errormsgOfpassword(KiteLoginPage.java:36)
at POMClasses.KiteLoginPage.errormsgOfpassword(KiteLoginPage.java:36)
at POMClasses.KiteLoginPage.errormsgOfpassword(KiteLoginPage.java:36)
at POMClasses.KiteLoginPage.errormsgOfpassword(KiteLoginPage.java:36)
at POMClasses.KiteLoginPage.errormsgOfpassword(KiteLoginPage.java:36)
at POMClasses.KiteLoginPage.errormsgOfpassword(KiteLoginPage.java:36)
at POMClasses.KiteLoginPage.errormsgOfpassword(KiteLoginPage.java:36)
at POMClasses.KiteLoginPage.errormsgOfpassword(KiteLoginPage.java:36)
at POMClasses.KiteLoginPage.errormsgOfpassword(KiteLoginPage.java:36)
at POMClasses.KiteLoginPage.errormsgOfpassword(KiteLoginPage.java:36)
at POMClasses.KiteLoginPage.errormsgOfpassword(KiteLoginPage.java:36)
at POMClasses.KiteLoginPage.errormsgOfpassword(KiteLoginPage.java:36)
at POMClasses.KiteLoginPage.errormsgOfpassword(KiteLoginPage.java:36)
at POMClasses.KiteLoginPage.errormsgOfpassword(KiteLoginPage.java:36)
at POMClasses.KiteLoginPage.errormsgOfpassword(KiteLoginPage.java:36)
at POMClasses.KiteLoginPage.errormsgOfpassword(KiteLoginPage.java:36)
at POMClasses.KiteLoginPage.errormsgOfpassword(KiteLoginPage.java:36)
at POMClasses.KiteLoginPage.errormsgOfpassword(KiteLoginPage.java:36)
at POMClasses.KiteLoginPage.errormsgOfpassword(KiteLoginPage.java:36)
at POMClasses.KiteLoginPage.errormsgOfpassword(KiteLoginPage.java:36)
at POMClasses.KiteLoginPage.errormsgOfpassword(KiteLoginPage.java:36)
at POMClasses.KiteLoginPage.errormsgOfpassword(KiteLoginPage.java:36)
at POMClasses.KiteLoginPage.errormsgOfpassword(KiteLoginPage.java:36)
at POMClasses.KiteLoginPage.errormsgOfpassword(KiteLoginPage.java:36)
at POMClasses.KiteLoginPage.errormsgOfpassword(KiteLoginPage.java:36)
at POMClasses.KiteLoginPage.errormsgOfpassword(KiteLoginPage.java:36)
at POMClasses.KiteLoginPage.errormsgOfpassword(KiteLoginPage.java:36)
at POMClasses.KiteLoginPage.errormsgOfpassword(KiteLoginPage.java:36)
at POMClasses.KiteLoginPage.errormsgOfpassword(KiteLoginPage.java:36)
at POMClasses.KiteLoginPage.errormsgOfpassword(KiteLoginPage.java:36)
at POMClasses.KiteLoginPage.errormsgOfpassword(KiteLoginPage.java:36)
at POMClasses.KiteLoginPage.errormsgOfpassword(KiteLoginPage.java:36)
at POMClasses.KiteLoginPage.errormsgOfpassword(KiteLoginPage.java:36)
at POMClasses.KiteLoginPage.errormsgOfpassword(KiteLoginPage.java:36)
at POMClasses.KiteLoginPage.errormsgOfpassword(KiteLoginPage.java:36)
at POMClasses.KiteLoginPage.errormsgOfpassword(KiteLoginPage.java:36)
at POMClasses.KiteLoginPage.errormsgOfpassword(KiteLoginPage.java:36)
at POMClasses.KiteLoginPage.errormsgOfpassword(KiteLoginPage.java:36)
at POMClasses.KiteLoginPage.errormsgOfpassword(KiteLoginPage.java:36)
at POMClasses.KiteLoginPage.errormsgOfpassword(KiteLoginPage.java:36)
at POMClasses.KiteLoginPage.errormsgOfpassword(KiteLoginPage.java:36)
at POMClasses.KiteLoginPage.errormsgOfpassword(KiteLoginPage.java:36)
at POMClasses.KiteLoginPage.errormsgOfpassword(KiteLoginPage.java:36)
at POMClasses.KiteLoginPage.errormsgOfpassword(KiteLoginPage.java:36)
at POMClasses.KiteLoginPage.errormsgOfpassword(KiteLoginPage.java:36)
at POMClasses.KiteLoginPage.errormsgOfpassword(KiteLoginPage.java:36)
at POMClasses.KiteLoginPage.errormsgOfpassword(KiteLoginPage.java:36)
at POMClasses.KiteLoginPage.errormsgOfpassword(KiteLoginPage.java:36)
at POMClasses.KiteLoginPage.errormsgOfpassword(KiteLoginPage.java:36)
at POMClasses.KiteLoginPage.errormsgOfpassword(KiteLoginPage.java:36)
at POMClasses.KiteLoginPage.errormsgOfpassword(KiteLoginPage.java:36)
at POMClasses.KiteLoginPage.errormsgOfpassword(KiteLoginPage.java:36)
at POMClasses.KiteLoginPage.errormsgOfpassword(KiteLoginPage.java:36)
at POMClasses.KiteLoginPage.errormsgOfpassword(KiteLoginPage.java:36)
at POMClasses.KiteLoginPage.errormsgOfpassword(KiteLoginPage.java:36)
at POMClasses.KiteLoginPage.errormsgOfpassword(KiteLoginPage.java:36)
at POMClasses.KiteLoginPage.errormsgOfpassword(KiteLoginPage.java:36)
at POMClasses.KiteLoginPage.errormsgOfpassword(KiteLoginPage.java:36)
at POMClasses.KiteLoginPage.errormsgOfpassword(KiteLoginPage.java:36)
at POMClasses.KiteLoginPage.errormsgOfpassword(KiteLoginPage.java:36)
at POMClasses.KiteLoginPage.errormsgOfpassword(KiteLoginPage.java:36)
at POMClasses.KiteLoginPage.errormsgOfpassword(KiteLoginPage.java:36)
at POMClasses.KiteLoginPage.errormsgOfpassword(KiteLoginPage.java:36)
at POMClasses.KiteLoginPage.errormsgOfpassword(KiteLoginPage.java:36)
at POMClasses.KiteLoginPage.errormsgOfpassword(KiteLoginPage.java:36)
at POMClasses.KiteLoginPage.errormsgOfpassword(KiteLoginPage.java:36)
at POMClasses.KiteLoginPage.errormsgOfpassword(KiteLoginPage.java:36)
at POMClasses.KiteLoginPage.errormsgOfpassword(KiteLoginPage.java:36)
at POMClasses.KiteLoginPage.errormsgOfpassword(KiteLoginPage.java:36)
at POMClasses.KiteLoginPage.errormsgOfpassword(KiteLoginPage.java:36)
at POMClasses.KiteLoginPage.errormsgOfpassword(KiteLoginPage.java:36)
at POMClasses.KiteLoginPage.errormsgOfpassword(KiteLoginPage.java:36)
at POMClasses.KiteLoginPage.errormsgOfpassword(KiteLoginPage.java:36)
at POMClasses.KiteLoginPage.errormsgOfpassword(KiteLoginPage.java:36)
at POMClasses.KiteLoginPage.errormsgOfpassword(KiteLoginPage.java:36)
at POMClasses.KiteLoginPage.errormsgOfpassword(KiteLoginPage.java:36)
at POMClasses.KiteLoginPage.errormsgOfpassword(KiteLoginPage.java:36)
at POMClasses.KiteLoginPage.errormsgOfpassword(KiteLoginPage.java:36)
at POMClasses.KiteLoginPage.errormsgOfpassword(KiteLoginPage.java:36)
at POMClasses.KiteLoginPage.errormsgOfpassword(KiteLoginPage.java:36)
at POMClasses.KiteLoginPage.errormsgOfpassword(KiteLoginPage.java:36)
at POMClasses.KiteLoginPage.errormsgOfpassword(KiteLoginPage.java:36)
at POMClasses.KiteLoginPage.errormsgOfpassword(KiteLoginPage.java:36)
at POMClasses.KiteLoginPage.errormsgOfpassword(KiteLoginPage.java:36)
at POMClasses.KiteLoginPage.errormsgOfpassword(KiteLoginPage.java:36)
at POMClasses.KiteLoginPage.errormsgOfpassword(KiteLoginPage.java:36)
at POMClasses.KiteLoginPage.errormsgOfpassword(KiteLoginPage.java:36)
at POMClasses.KiteLoginPage.errormsgOfpassword(KiteLoginPage.java:36)
at POMClasses.KiteLoginPage.errormsgOfpassword(KiteLoginPage.java:36)
at POMClasses.KiteLoginPage.errormsgOfpassword(KiteLoginPage.java:36)
at POMClasses.KiteLoginPage.errormsgOfpassword(KiteLoginPage.java:36)
at POMClasses.KiteLoginPage.errormsgOfpassword(KiteLoginPage.java:36)
at POMClasses.KiteLoginPage.errormsgOfpassword(KiteLoginPage.java:36)
at POMClasses.KiteLoginPage.errormsgOfpassword(KiteLoginPage.java:36)
at POMClasses.KiteLoginPage.errormsgOfpassword(KiteLoginPage.java:36)
at POMClasses.KiteLoginPage.errormsgOfpassword(KiteLoginPage.java:36)
at POMClasses.KiteLoginPage.errormsgOfpassword(KiteLoginPage.java:36)
at POMClasses.KiteLoginPage.errormsgOfpassword(KiteLoginPage.java:36)
at POMClasses.KiteLoginPage.errormsgOfpassword(KiteLoginPage.java:36)
at POMClasses.KiteLoginPage.errormsgOfpassword(KiteLoginPage.java:36)
at POMClasses.KiteLoginPage.errormsgOfpassword(KiteLoginPage.java:36)
at POMClasses.KiteLoginPage.errormsgOfpassword(KiteLoginPage.java:36)
at POMClasses.KiteLoginPage.errormsgOfpassword(KiteLoginPage.java:36)
at POMClasses.KiteLoginPage.errormsgOfpassword(KiteLoginPage.java:36)
at POMClasses.KiteLoginPage.errormsgOfpassword(KiteLoginPage.java:36)
at POMClasses.KiteLoginPage.errormsgOfpassword(KiteLoginPage.java:36)
at POMClasses.KiteLoginPage.errormsgOfpassword(KiteLoginPage.java:36)
at POMClasses.KiteLoginPage.errormsgOfpassword(KiteLoginPage.java:36)
at POMClasses.KiteLoginPage.errormsgOfpassword(KiteLoginPage.java:36)
at POMClasses.KiteLoginPage.errormsgOfpassword(KiteLoginPage.java:36)
at POMClasses.KiteLoginPage.errormsgOfpassword(KiteLoginPage.java:36)
at POMClasses.KiteLoginPage.errormsgOfpassword(KiteLoginPage.java:36)
at POMClasses.KiteLoginPage.errormsgOfpassword(KiteLoginPage.java:36)
at POMClasses.KiteLoginPage.errormsgOfpassword(KiteLoginPage.java:36)
at POMClasses.KiteLoginPage.errormsgOfpassword(KiteLoginPage.java:36)
at POMClasses.KiteLoginPage.errormsgOfpassword(KiteLoginPage.java:36)
at POMClasses.KiteLoginPage.errormsgOfpassword(KiteLoginPage.java:36)
at POMClasses.KiteLoginPage.errormsgOfpassword(KiteLoginPage.java:36)
at POMClasses.KiteLoginPage.errormsgOfpassword(KiteLoginPage.java:36)
at POMClasses.KiteLoginPage.errormsgOfpassword(KiteLoginPage.java:36)
at POMClasses.KiteLoginPage.errormsgOfpassword(KiteLoginPage.java:36)
at POMClasses.KiteLoginPage.errormsgOfpassword(KiteLoginPage.java:36)
at POMClasses.KiteLoginPage.errormsgOfpassword(KiteLoginPage.java:36)
at POMClasses.KiteLoginPage.errormsgOfpassword(KiteLoginPage.java:36)
at POMClasses.KiteLoginPage.errormsgOfpassword(KiteLoginPage.java:36)
at POMClasses.KiteLoginPage.errormsgOfpassword(KiteLoginPage.java:36)
at POMClasses.KiteLoginPage.errormsgOfpassword(KiteLoginPage.java:36)
at POMClasses.KiteLoginPage.errormsgOfpassword(KiteLoginPage.java:36)
at POMClasses.KiteLoginPage.errormsgOfpassword(KiteLoginPage.java:36)
at POMClasses.KiteLoginPage.errormsgOfpassword(KiteLoginPage.java:36)
at POMClasses.KiteLoginPage.errormsgOfpassword(KiteLoginPage.java:36)
at POMClasses.KiteLoginPage.errormsgOfpassword(KiteLoginPage.java:36)
at POMClasses.KiteLoginPage.errormsgOfpassword(KiteLoginPage.java:36)
at POMClasses.KiteLoginPage.errormsgOfpassword(KiteLoginPage.java:36)
at POMClasses.KiteLoginPage.errormsgOfpassword(KiteLoginPage.java:36)
at POMClasses.KiteLoginPage.errormsgOfpassword(KiteLoginPage.java:36)
at POMClasses.KiteLoginPage.errormsgOfpassword(KiteLoginPage.java:36)
at POMClasses.KiteLoginPage.errormsgOfpassword(KiteLoginPage.java:36)
at POMClasses.KiteLoginPage.errormsgOfpassword(KiteLoginPage.java:36)
at POMClasses.KiteLoginPage.errormsgOfpassword(KiteLoginPage.java:36)
at POMClasses.KiteLoginPage.errormsgOfpassword(KiteLoginPage.java:36)
at POMClasses.KiteLoginPage.errormsgOfpassword(KiteLoginPage.java:36)
at POMClasses.KiteLoginPage.errormsgOfpassword(KiteLoginPage.java:36)
at POMClasses.KiteLoginPage.errormsgOfpassword(KiteLoginPage.java:36)
at POMClasses.KiteLoginPage.errormsgOfpassword(KiteLoginPage.java:36)
at POMClasses.KiteLoginPage.errormsgOfpassword(KiteLoginPage.java:36)
at POMClasses.KiteLoginPage.errormsgOfpassword(KiteLoginPage.java:36)
at POMClasses.KiteLoginPage.errormsgOfpassword(KiteLoginPage.java:36)
at POMClasses.KiteLoginPage.errormsgOfpassword(KiteLoginPage.java:36)
at POMClasses.KiteLoginPage.errormsgOfpassword(KiteLoginPage.java:36)
at POMClasses.KiteLoginPage.errormsgOfpassword(KiteLoginPage.java:36)
at POMClasses.KiteLoginPage.errormsgOfpassword(KiteLoginPage.java:36)
at POMClasses.KiteLoginPage.errormsgOfpassword(KiteLoginPage.java:36)
at POMClasses.KiteLoginPage.errormsgOfpassword(KiteLoginPage.java:36)
at POMClasses.KiteLoginPage.errormsgOfpassword(KiteLoginPage.java:36)
at POMClasses.KiteLoginPage.errormsgOfpassword(KiteLoginPage.java:36)
at POMClasses.KiteLoginPage.errormsgOfpassword(KiteLoginPage.java:36)
at POMClasses.KiteLoginPage.errormsgOfpassword(KiteLoginPage.java:36)
at POMClasses.KiteLoginPage.errormsgOfpassword(KiteLoginPage.java:36)
at POMClasses.KiteLoginPage.errormsgOfpassword(KiteLoginPage.java:36)
at POMClasses.KiteLoginPage.errormsgOfpassword(KiteLoginPage.java:36)
at POMClasses.KiteLoginPage.errormsgOfpassword(KiteLoginPage.java:36)
at POMClasses.KiteLoginPage.errormsgOfpassword(KiteLoginPage.java:36)
at POMClasses.KiteLoginPage.errormsgOfpassword(KiteLoginPage.java:36)
at POMClasses.KiteLoginPage.errormsgOfpassword(KiteLoginPage.java:36)
at POMClasses.KiteLoginPage.errormsgOfpassword(KiteLoginPage.java:36)
at POMClasses.KiteLoginPage.errormsgOfpassword(KiteLoginPage.java:36)
at POMClasses.KiteLoginPage.errormsgOfpassword(KiteLoginPage.java:36)
at POMClasses.KiteLoginPage.errormsgOfpassword(KiteLoginPage.java:36)
at POMClasses.KiteLoginPage.errormsgOfpassword(KiteLoginPage.java:36)
at POMClasses.KiteLoginPage.errormsgOfpassword(KiteLoginPage.java:36)
at POMClasses.KiteLoginPage.errormsgOfpassword(KiteLoginPage.java:36)
at POMClasses.KiteLoginPage.errormsgOfpassword(KiteLoginPage.java:36)
at POMClasses.KiteLoginPage.errormsgOfpassword(KiteLoginPage.java:36)
at POMClasses.KiteLoginPage.errormsgOfpassword(KiteLoginPage.java:36)
at POMClasses.KiteLoginPage.errormsgOfpassword(KiteLoginPage.java:36)
at POMClasses.KiteLoginPage.errormsgOfpassword(KiteLoginPage.java:36)
at POMClasses.KiteLoginPage.errormsgOfpassword(KiteLoginPage.java:36)
at POMClasses.KiteLoginPage.errormsgOfpassword(KiteLoginPage.java:36)
at POMClasses.KiteLoginPage.errormsgOfpassword(KiteLoginPage.java:36)
at POMClasses.KiteLoginPage.errormsgOfpassword(KiteLoginPage.java:36)
at POMClasses.KiteLoginPage.errormsgOfpassword(KiteLoginPage.java:36)
at POMClasses.KiteLoginPage.errormsgOfpassword(KiteLoginPage.java:36)
at POMClasses.KiteLoginPage.errormsgOfpassword(KiteLoginPage.java:36)
at POMClasses.KiteLoginPage.errormsgOfpassword(KiteLoginPage.java:36)
at POMClasses.KiteLoginPage.errormsgOfpassword(KiteLoginPage.java:36)
at POMClasses.KiteLoginPage.errormsgOfpassword(KiteLoginPage.java:36)
at POMClasses.KiteLoginPage.errormsgOfpassword(KiteLoginPage.java:36)
at POMClasses.KiteLoginPage.errormsgOfpassword(KiteLoginPage.java:36)
at POMClasses.KiteLoginPage.errormsgOfpassword(KiteLoginPage.java:36)
at POMClasses.KiteLoginPage.errormsgOfpassword(KiteLoginPage.java:36)
at POMClasses.KiteLoginPage.errormsgOfpassword(KiteLoginPage.java:36)
at POMClasses.KiteLoginPage.errormsgOfpassword(KiteLoginPage.java:36)
at POMClasses.KiteLoginPage.errormsgOfpassword(KiteLoginPage.java:36)
at POMClasses.KiteLoginPage.errormsgOfpassword(KiteLoginPage.java:36)
at POMClasses.KiteLoginPage.errormsgOfpassword(KiteLoginPage.java:36)
at POMClasses.KiteLoginPage.errormsgOfpassword(KiteLoginPage.java:36)
at POMClasses.KiteLoginPage.errormsgOfpassword(KiteLoginPage.java:36)
at POMClasses.KiteLoginPage.errormsgOfpassword(KiteLoginPage.java:36)
at POMClasses.KiteLoginPage.errormsgOfpassword(KiteLoginPage.java:36)
at POMClasses.KiteLoginPage.errormsgOfpassword(KiteLoginPage.java:36)
at POMClasses.KiteLoginPage.errormsgOfpassword(KiteLoginPage.java:36)
at POMClasses.KiteLoginPage.errormsgOfpassword(KiteLoginPage.java:36)
at POMClasses.KiteLoginPage.errormsgOfpassword(KiteLoginPage.java:36)
at POMClasses.KiteLoginPage.errormsgOfpassword(KiteLoginPage.java:36)
at POMClasses.KiteLoginPage.errormsgOfpassword(KiteLoginPage.java:36)
at POMClasses.KiteLoginPage.errormsgOfpassword(KiteLoginPage.java:36)
at POMClasses.KiteLoginPage.errormsgOfpassword(KiteLoginPage.java:36)
at POMClasses.KiteLoginPage.errormsgOfpassword(KiteLoginPage.java:36)
at POMClasses.KiteLoginPage.errormsgOfpassword(KiteLoginPage.java:36)
at POMClasses.KiteLoginPage.errormsgOfpassword(KiteLoginPage.java:36)
at POMClasses.KiteLoginPage.errormsgOfpassword(KiteLoginPage.java:36)
at POMClasses.KiteLoginPage.errormsgOfpassword(KiteLoginPage.java:36)
at POMClasses.KiteLoginPage.errormsgOfpassword(KiteLoginPage.java:36)
at POMClasses.KiteLoginPage.errormsgOfpassword(KiteLoginPage.java:36)
at POMClasses.KiteLoginPage.errormsgOfpassword(KiteLoginPage.java:36)
at POMClasses.KiteLoginPage.errormsgOfpassword(KiteLoginPage.java:36)
at POMClasses.KiteLoginPage.errormsgOfpassword(KiteLoginPage.java:36)
at POMClasses.KiteLoginPage.errormsgOfpassword(KiteLoginPage.java:36)
at POMClasses.KiteLoginPage.errormsgOfpassword(KiteLoginPage.java:36)
at POMClasses.KiteLoginPage.errormsgOfpassword(KiteLoginPage.java:36)
at POMClasses.KiteLoginPage.errormsgOfpassword(KiteLoginPage.java:36)
at POMClasses.KiteLoginPage.errormsgOfpassword(KiteLoginPage.java:36)
at POMClasses.KiteLoginPage.errormsgOfpassword(KiteLoginPage.java:36)
at POMClasses.KiteLoginPage.errormsgOfpassword(KiteLoginPage.java:36)
at POMClasses.KiteLoginPage.errormsgOfpassword(KiteLoginPage.java:36)
at POMClasses.KiteLoginPage.errormsgOfpassword(KiteLoginPage.java:36)
at POMClasses.KiteLoginPage.errormsgOfpassword(KiteLoginPage.java:36)
at POMClasses.KiteLoginPage.errormsgOfpassword(KiteLoginPage.java:36)
at POMClasses.KiteLoginPage.errormsgOfpassword(KiteLoginPage.java:36)
at POMClasses.KiteLoginPage.errormsgOfpassword(KiteLoginPage.java:36)
at POMClasses.KiteLoginPage.errormsgOfpassword(KiteLoginPage.java:36)
at POMClasses.KiteLoginPage.errormsgOfpassword(KiteLoginPage.java:36)
at POMClasses.KiteLoginPage.errormsgOfpassword(KiteLoginPage.java:36)
at POMClasses.KiteLoginPage.errormsgOfpassword(KiteLoginPage.java:36)
at POMClasses.KiteLoginPage.errormsgOfpassword(KiteLoginPage.java:36)
at POMClasses.KiteLoginPage.errormsgOfpassword(KiteLoginPage.java:36)
at POMClasses.KiteLoginPage.errormsgOfpassword(KiteLoginPage.java:36)
at POMClasses.KiteLoginPage.errormsgOfpassword(KiteLoginPage.java:36)
at POMClasses.KiteLoginPage.errormsgOfpassword(KiteLoginPage.java:36)
at POMClasses.KiteLoginPage.errormsgOfpassword(KiteLoginPage.java:36)
at POMClasses.KiteLoginPage.errormsgOfpassword(KiteLoginPage.java:36)
at POMClasses.KiteLoginPage.errormsgOfpassword(KiteLoginPage.java:36)
at POMClasses.KiteLoginPage.errormsgOfpassword(KiteLoginPage.java:36)
at POMClasses.KiteLoginPage.errormsgOfpassword(KiteLoginPage.java:36)
at POMClasses.KiteLoginPage.errormsgOfpassword(KiteLoginPage.java:36)
at POMClasses.KiteLoginPage.errormsgOfpassword(KiteLoginPage.java:36)
at POMClasses.KiteLoginPage.errormsgOfpassword(KiteLoginPage.java:36)
at POMClasses.KiteLoginPage.errormsgOfpassword(KiteLoginPage.java:36)
at POMClasses.KiteLoginPage.errormsgOfpassword(KiteLoginPage.java:36)
at POMClasses.KiteLoginPage.errormsgOfpassword(KiteLoginPage.java:36)
at POMClasses.KiteLoginPage.errormsgOfpassword(KiteLoginPage.java:36)
at POMClasses.KiteLoginPage.errormsgOfpassword(KiteLoginPage.java:36)
at POMClasses.KiteLoginPage.errormsgOfpassword(KiteLoginPage.java:36)
at POMClasses.KiteLoginPage.errormsgOfpassword(KiteLoginPage.java:36)
at POMClasses.KiteLoginPage.errormsgOfpassword(KiteLoginPage.java:36)
at POMClasses.KiteLoginPage.errormsgOfpassword(KiteLoginPage.java:36)
at POMClasses.KiteLoginPage.errormsgOfpassword(KiteLoginPage.java:36)
at POMClasses.KiteLoginPage.errormsgOfpassword(KiteLoginPage.java:36)
at POMClasses.KiteLoginPage.errormsgOfpassword(KiteLoginPage.java:36)
at POMClasses.KiteLoginPage.errormsgOfpassword(KiteLoginPage.java:36)
at POMClasses.KiteLoginPage.errormsgOfpassword(KiteLoginPage.java:36)
at POMClasses.KiteLoginPage.errormsgOfpassword(KiteLoginPage.java:36)
at POMClasses.KiteLoginPage.errormsgOfpassword(KiteLoginPage.java:36)
at POMClasses.KiteLoginPage.errormsgOfpassword(KiteLoginPage.java:36)
at POMClasses.KiteLoginPage.errormsgOfpassword(KiteLoginPage.java:36)
at POMClasses.KiteLoginPage.errormsgOfpassword(KiteLoginPage.java:36)
at POMClasses.KiteLoginPage.errormsgOfpassword(KiteLoginPage.java:36)
at POMClasses.KiteLoginPage.errormsgOfpassword(KiteLoginPage.java:36)
at POMClasses.KiteLoginPage.errormsgOfpassword(KiteLoginPage.java:36)
at POMClasses.KiteLoginPage.errormsgOfpassword(KiteLoginPage.java:36)
at POMClasses.KiteLoginPage.errormsgOfpassword(KiteLoginPage.java:36)
at POMClasses.KiteLoginPage.errormsgOfpassword(KiteLoginPage.java:36)
at POMClasses.KiteLoginPage.errormsgOfpassword(KiteLoginPage.java:36)
at POMClasses.KiteLoginPage.errormsgOfpassword(KiteLoginPage.java:36)
at POMClasses.KiteLoginPage.errormsgOfpassword(KiteLoginPage.java:36)
at POMClasses.KiteLoginPage.errormsgOfpassword(KiteLoginPage.java:36)
at POMClasses.KiteLoginPage.errormsgOfpassword(KiteLoginPage.java:36)
at POMClasses.KiteLoginPage.errormsgOfpassword(KiteLoginPage.java:36)
at POMClasses.KiteLoginPage.errormsgOfpassword(KiteLoginPage.java:36)
at POMClasses.KiteLoginPage.errormsgOfpassword(KiteLoginPage.java:36)
at POMClasses.KiteLoginPage.errormsgOfpassword(KiteLoginPage.java:36)
at POMClasses.KiteLoginPage.errormsgOfpassword(KiteLoginPage.java:36)
at POMClasses.KiteLoginPage.errormsgOfpassword(KiteLoginPage.java:36)
at POMClasses.KiteLoginPage.errormsgOfpassword(KiteLoginPage.java:36)
at POMClasses.KiteLoginPage.errormsgOfpassword(KiteLoginPage.java:36)
at POMClasses.KiteLoginPage.errormsgOfpassword(KiteLoginPage.java:36)
at POMClasses.KiteLoginPage.errormsgOfpassword(KiteLoginPage.java:36)
at POMClasses.KiteLoginPage.errormsgOfpassword(KiteLoginPage.java:36)
at POMClasses.KiteLoginPage.errormsgOfpassword(KiteLoginPage.java:36)
at POMClasses.KiteLoginPage.errormsgOfpassword(KiteLoginPage.java:36)
at POMClasses.KiteLoginPage.errormsgOfpassword(KiteLoginPage.java:36)
at POMClasses.KiteLoginPage.errormsgOfpassword(KiteLoginPage.java:36)
at POMClasses.KiteLoginPage.errormsgOfpassword(KiteLoginPage.java:36)
at POMClasses.KiteLoginPage.errormsgOfpassword(KiteLoginPage.java:36)
at POMClasses.KiteLoginPage.errormsgOfpassword(KiteLoginPage.java:36)
at POMClasses.KiteLoginPage.errormsgOfpassword(KiteLoginPage.java:36)
at POMClasses.KiteLoginPage.errormsgOfpassword(KiteLoginPage.java:36)
at POMClasses.KiteLoginPage.errormsgOfpassword(KiteLoginPage.java:36)
at POMClasses.KiteLoginPage.errormsgOfpassword(KiteLoginPage.java:36)
at POMClasses.KiteLoginPage.errormsgOfpassword(KiteLoginPage.java:36)
at POMClasses.KiteLoginPage.errormsgOfpassword(KiteLoginPage.java:36)
at POMClasses.KiteLoginPage.errormsgOfpassword(KiteLoginPage.java:36)
at POMClasses.KiteLoginPage.errormsgOfpassword(KiteLoginPage.java:36)
at POMClasses.KiteLoginPage.errormsgOfpassword(KiteLoginPage.java:36)
at POMClasses.KiteLoginPage.errormsgOfpassword(KiteLoginPage.java:36)
at POMClasses.KiteLoginPage.errormsgOfpassword(KiteLoginPage.java:36)
at POMClasses.KiteLoginPage.errormsgOfpassword(KiteLoginPage.java:36)
at POMClasses.KiteLoginPage.errormsgOfpassword(KiteLoginPage.java:36)
at POMClasses.KiteLoginPage.errormsgOfpassword(KiteLoginPage.java:36)
at POMClasses.KiteLoginPage.errormsgOfpassword(KiteLoginPage.java:36)
at POMClasses.KiteLoginPage.errormsgOfpassword(KiteLoginPage.java:36)
at POMClasses.KiteLoginPage.errormsgOfpassword(KiteLoginPage.java:36)
at POMClasses.KiteLoginPage.errormsgOfpassword(KiteLoginPage.java:36)
at POMClasses.KiteLoginPage.errormsgOfpassword(KiteLoginPage.java:36)
at POMClasses.KiteLoginPage.errormsgOfpassword(KiteLoginPage.java:36)
at POMClasses.KiteLoginPage.errormsgOfpassword(KiteLoginPage.java:36)
at POMClasses.KiteLoginPage.errormsgOfpassword(KiteLoginPage.java:36)
at POMClasses.KiteLoginPage.errormsgOfpassword(KiteLoginPage.java:36)
at POMClasses.KiteLoginPage.errormsgOfpassword(KiteLoginPage.java:36)
at POMClasses.KiteLoginPage.errormsgOfpassword(KiteLoginPage.java:36)
at POMClasses.KiteLoginPage.errormsgOfpassword(KiteLoginPage.java:36)
at POMClasses.KiteLoginPage.errormsgOfpassword(KiteLoginPage.java:36)
at POMClasses.KiteLoginPage.errormsgOfpassword(KiteLoginPage.java:36)
at POMClasses.KiteLoginPage.errormsgOfpassword(KiteLoginPage.java:36)
at POMClasses.KiteLoginPage.errormsgOfpassword(KiteLoginPage.java:36)
at POMClasses.KiteLoginPage.errormsgOfpassword(KiteLoginPage.java:36)
at POMClasses.KiteLoginPage.errormsgOfpassword(KiteLoginPage.java:36)
at POMClasses.KiteLoginPage.errormsgOfpassword(KiteLoginPage.java:36)
at POMClasses.KiteLoginPage.errormsgOfpassword(KiteLoginPage.java:36)
at POMClasses.KiteLoginPage.errormsgOfpassword(KiteLoginPage.java:36)
at POMClasses.KiteLoginPage.errormsgOfpassword(KiteLoginPage.java:36)
at POMClasses.KiteLoginPage.errormsgOfpassword(KiteLoginPage.java:36)
at POMClasses.KiteLoginPage.errormsgOfpassword(KiteLoginPage.java:36)
at POMClasses.KiteLoginPage.errormsgOfpassword(KiteLoginPage.java:36)
at POMClasses.KiteLoginPage.errormsgOfpassword(KiteLoginPage.java:36)
at POMClasses.KiteLoginPage.errormsgOfpassword(KiteLoginPage.java:36)
at POMClasses.KiteLoginPage.errormsgOfpassword(KiteLoginPage.java:36)
at POMClasses.KiteLoginPage.errormsgOfpassword(KiteLoginPage.java:36)
at POMClasses.KiteLoginPage.errormsgOfpassword(KiteLoginPage.java:36)
at POMClasses.KiteLoginPage.errormsgOfpassword(KiteLoginPage.java:36)
at POMClasses.KiteLoginPage.errormsgOfpassword(KiteLoginPage.java:36)
at POMClasses.KiteLoginPage.errormsgOfpassword(KiteLoginPage.java:36)
at POMClasses.KiteLoginPage.errormsgOfpassword(KiteLoginPage.java:36)
at POMClasses.KiteLoginPage.errormsgOfpassword(KiteLoginPage.java:36)
at POMClasses.KiteLoginPage.errormsgOfpassword(KiteLoginPage.java:36)
at POMClasses.KiteLoginPage.errormsgOfpassword(KiteLoginPage.java:36)
at POMClasses.KiteLoginPage.errormsgOfpassword(KiteLoginPage.java:36)
at POMClasses.KiteLoginPage.errormsgOfpassword(KiteLoginPage.java:36)
at POMClasses.KiteLoginPage.errormsgOfpassword(KiteLoginPage.java:36)
at POMClasses.KiteLoginPage.errormsgOfpassword(KiteLoginPage.java:36)
at POMClasses.KiteLoginPage.errormsgOfpassword(KiteLoginPage.java:36)
at POMClasses.KiteLoginPage.errormsgOfpassword(KiteLoginPage.java:36)
at POMClasses.KiteLoginPage.errormsgOfpassword(KiteLoginPage.java:36)
at POMClasses.KiteLoginPage.errormsgOfpassword(KiteLoginPage.java:36)
at POMClasses.KiteLoginPage.errormsgOfpassword(KiteLoginPage.java:36)
at POMClasses.KiteLoginPage.errormsgOfpassword(KiteLoginPage.java:36)
at POMClasses.KiteLoginPage.errormsgOfpassword(KiteLoginPage.java:36)
at POMClasses.KiteLoginPage.errormsgOfpassword(KiteLoginPage.java:36)
at POMClasses.KiteLoginPage.errormsgOfpassword(KiteLoginPage.java:36)
at POMClasses.KiteLoginPage.errormsgOfpassword(KiteLoginPage.java:36)
at POMClasses.KiteLoginPage.errormsgOfpassword(KiteLoginPage.java:36)
at POMClasses.KiteLoginPage.errormsgOfpassword(KiteLoginPage.java:36)
at POMClasses.KiteLoginPage.errormsgOfpassword(KiteLoginPage.java:36)
at POMClasses.KiteLoginPage.errormsgOfpassword(KiteLoginPage.java:36)
at POMClasses.KiteLoginPage.errormsgOfpassword(KiteLoginPage.java:36)
at POMClasses.KiteLoginPage.errormsgOfpassword(KiteLoginPage.java:36)
at POMClasses.KiteLoginPage.errormsgOfpassword(KiteLoginPage.java:36)
at POMClasses.KiteLoginPage.errormsgOfpassword(KiteLoginPage.java:36)
at POMClasses.KiteLoginPage.errormsgOfpassword(KiteLoginPage.java:36)
at POMClasses.KiteLoginPage.errormsgOfpassword(KiteLoginPage.java:36)
at POMClasses.KiteLoginPage.errormsgOfpassword(KiteLoginPage.java:36)
at POMClasses.KiteLoginPage.errormsgOfpassword(KiteLoginPage.java:36)
at POMClasses.KiteLoginPage.errormsgOfpassword(KiteLoginPage.java:36)
at POMClasses.KiteLoginPage.errormsgOfpassword(KiteLoginPage.java:36)
at POMClasses.KiteLoginPage.errormsgOfpassword(KiteLoginPage.java:36)
at POMClasses.KiteLoginPage.errormsgOfpassword(KiteLoginPage.java:36)
at POMClasses.KiteLoginPage.errormsgOfpassword(KiteLoginPage.java:36)
at POMClasses.KiteLoginPage.errormsgOfpassword(KiteLoginPage.java:36)
at POMClasses.KiteLoginPage.errormsgOfpassword(KiteLoginPage.java:36)
at POMClasses.KiteLoginPage.errormsgOfpassword(KiteLoginPage.java:36)
at POMClasses.KiteLoginPage.errormsgOfpassword(KiteLoginPage.java:36)
at POMClasses.KiteLoginPage.errormsgOfpassword(KiteLoginPage.java:36)
at POMClasses.KiteLoginPage.errormsgOfpassword(KiteLoginPage.java:36)
at POMClasses.KiteLoginPage.errormsgOfpassword(KiteLoginPage.java:36)
at POMClasses.KiteLoginPage.errormsgOfpassword(KiteLoginPage.java:36)
at POMClasses.KiteLoginPage.errormsgOfpassword(KiteLoginPage.java:36)
at POMClasses.KiteLoginPage.errormsgOfpassword(KiteLoginPage.java:36)
at POMClasses.KiteLoginPage.errormsgOfpassword(KiteLoginPage.java:36)
at POMClasses.KiteLoginPage.errormsgOfpassword(KiteLoginPage.java:36)
at POMClasses.KiteLoginPage.errormsgOfpassword(KiteLoginPage.java:36)
at POMClasses.KiteLoginPage.errormsgOfpassword(KiteLoginPage.java:36)
at POMClasses.KiteLoginPage.errormsgOfpassword(KiteLoginPage.java:36)
at POMClasses.KiteLoginPage.errormsgOfpassword(KiteLoginPage.java:36)
at POMClasses.KiteLoginPage.errormsgOfpassword(KiteLoginPage.java:36)
at POMClasses.KiteLoginPage.errormsgOfpassword(KiteLoginPage.java:36)
at POMClasses.KiteLoginPage.errormsgOfpassword(KiteLoginPage.java:36)
at POMClasses.KiteLoginPage.errormsgOfpassword(KiteLoginPage.java:36)
at POMClasses.KiteLoginPage.errormsgOfpassword(KiteLoginPage.java:36)
at POMClasses.KiteLoginPage.errormsgOfpassword(KiteLoginPage.java:36)
at POMClasses.KiteLoginPage.errormsgOfpassword(KiteLoginPage.java:36)
at POMClasses.KiteLoginPage.errormsgOfpassword(KiteLoginPage.java:36)
at POMClasses.KiteLoginPage.errormsgOfpassword(KiteLoginPage.java:36)
at POMClasses.KiteLoginPage.errormsgOfpassword(KiteLoginPage.java:36)
at POMClasses.KiteLoginPage.errormsgOfpassword(KiteLoginPage.java:36)
at POMClasses.KiteLoginPage.errormsgOfpassword(KiteLoginPage.java:36)
at POMClasses.KiteLoginPage.errormsgOfpassword(KiteLoginPage.java:36)
at POMClasses.KiteLoginPage.errormsgOfpassword(KiteLoginPage.java:36)
at POMClasses.KiteLoginPage.errormsgOfpassword(KiteLoginPage.java:36)
at POMClasses.KiteLoginPage.errormsgOfpassword(KiteLoginPage.java:36)
at POMClasses.KiteLoginPage.errormsgOfpassword(KiteLoginPage.java:36)
at POMClasses.KiteLoginPage.errormsgOfpassword(KiteLoginPage.java:36)
at POMClasses.KiteLoginPage.errormsgOfpassword(KiteLoginPage.java:36)
at POMClasses.KiteLoginPage.errormsgOfpassword(KiteLoginPage.java:36)
at POMClasses.KiteLoginPage.errormsgOfpassword(KiteLoginPage.java:36)
at POMClasses.KiteLoginPage.errormsgOfpassword(KiteLoginPage.java:36)
at POMClasses.KiteLoginPage.errormsgOfpassword(KiteLoginPage.java:36)
at POMClasses.KiteLoginPage.errormsgOfpassword(KiteLoginPage.java:36)
at POMClasses.KiteLoginPage.errormsgOfpassword(KiteLoginPage.java:36)
at POMClasses.KiteLoginPage.errormsgOfpassword(KiteLoginPage.java:36)
at POMClasses.KiteLoginPage.errormsgOfpassword(KiteLoginPage.java:36)
at POMClasses.KiteLoginPage.errormsgOfpassword(KiteLoginPage.java:36)
at POMClasses.KiteLoginPage.errormsgOfpassword(KiteLoginPage.java:36)
at POMClasses.KiteLoginPage.errormsgOfpassword(KiteLoginPage.java:36)
at POMClasses.KiteLoginPage.errormsgOfpassword(KiteLoginPage.java:36)
at POMClasses.KiteLoginPage.errormsgOfpassword(KiteLoginPage.java:36)
at POMClasses.KiteLoginPage.errormsgOfpassword(KiteLoginPage.java:36)
at POMClasses.KiteLoginPage.errormsgOfpassword(KiteLoginPage.java:36)
at POMClasses.KiteLoginPage.errormsgOfpassword(KiteLoginPage.java:36)
at POMClasses.KiteLoginPage.errormsgOfpassword(KiteLoginPage.java:36)
at POMClasses.KiteLoginPage.errormsgOfpassword(KiteLoginPage.java:36)
at POMClasses.KiteLoginPage.errormsgOfpassword(KiteLoginPage.java:36)
at POMClasses.KiteLoginPage.errormsgOfpassword(KiteLoginPage.java:36)
at POMClasses.KiteLoginPage.errormsgOfpassword(KiteLoginPage.java:36)
at POMClasses.KiteLoginPage.errormsgOfpassword(KiteLoginPage.java:36)
at POMClasses.KiteLoginPage.errormsgOfpassword(KiteLoginPage.java:36)
at POMClasses.KiteLoginPage.errormsgOfpassword(KiteLoginPage.java:36)
at POMClasses.KiteLoginPage.errormsgOfpassword(KiteLoginPage.java:36)
at POMClasses.KiteLoginPage.errormsgOfpassword(KiteLoginPage.java:36)
at POMClasses.KiteLoginPage.errormsgOfpassword(KiteLoginPage.java:36)
at POMClasses.KiteLoginPage.errormsgOfpassword(KiteLoginPage.java:36)
at POMClasses.KiteLoginPage.errormsgOfpassword(KiteLoginPage.java:36)
at POMClasses.KiteLoginPage.errormsgOfpassword(KiteLoginPage.java:36)
at POMClasses.KiteLoginPage.errormsgOfpassword(KiteLoginPage.java:36)
at POMClasses.KiteLoginPage.errormsgOfpassword(KiteLoginPage.java:36)
at POMClasses.KiteLoginPage.errormsgOfpassword(KiteLoginPage.java:36)
at POMClasses.KiteLoginPage.errormsgOfpassword(KiteLoginPage.java:36)
at POMClasses.KiteLoginPage.errormsgOfpassword(KiteLoginPage.java:36)
at POMClasses.KiteLoginPage.errormsgOfpassword(KiteLoginPage.java:36)
at POMClasses.KiteLoginPage.errormsgOfpassword(KiteLoginPage.java:36)
at POMClasses.KiteLoginPage.errormsgOfpassword(KiteLoginPage.java:36)
at POMClasses.KiteLoginPage.errormsgOfpassword(KiteLoginPage.java:36)
at POMClasses.KiteLoginPage.errormsgOfpassword(KiteLoginPage.java:36)
at POMClasses.KiteLoginPage.errormsgOfpassword(KiteLoginPage.java:36)
at POMClasses.KiteLoginPage.errormsgOfpassword(KiteLoginPage.java:36)
at POMClasses.KiteLoginPage.errormsgOfpassword(KiteLoginPage.java:36)
at POMClasses.KiteLoginPage.errormsgOfpassword(KiteLoginPage.java:36)
at POMClasses.KiteLoginPage.errormsgOfpassword(KiteLoginPage.java:36)
at POMClasses.KiteLoginPage.errormsgOfpassword(KiteLoginPage.java:36)
at POMClasses.KiteLoginPage.errormsgOfpassword(KiteLoginPage.java:36)
at POMClasses.KiteLoginPage.errormsgOfpassword(KiteLoginPage.java:36)
at POMClasses.KiteLoginPage.errormsgOfpassword(KiteLoginPage.java:36)
at POMClasses.KiteLoginPage.errormsgOfpassword(KiteLoginPage.java:36)
at POMClasses.KiteLoginPage.errormsgOfpassword(KiteLoginPage.java:36)
at POMClasses.KiteLoginPage.errormsgOfpassword(KiteLoginPage.java:36)
at POMClasses.KiteLoginPage.errormsgOfpassword(KiteLoginPage.java:36)
at POMClasses.KiteLoginPage.errormsgOfpassword(KiteLoginPage.java:36)
at POMClasses.KiteLoginPage.errormsgOfpassword(KiteLoginPage.java:36)
at POMClasses.KiteLoginPage.errormsgOfpassword(KiteLoginPage.java:36)
at POMClasses.KiteLoginPage.errormsgOfpassword(KiteLoginPage.java:36)
at POMClasses.KiteLoginPage.errormsgOfpassword(KiteLoginPage.java:36)
at POMClasses.KiteLoginPage.errormsgOfpassword(KiteLoginPage.java:36)
at POMClasses.KiteLoginPage.errormsgOfpassword(KiteLoginPage.java:36)
at POMClasses.KiteLoginPage.errormsgOfpassword(KiteLoginPage.java:36)
at POMClasses.KiteLoginPage.errormsgOfpassword(KiteLoginPage.java:36)
at POMClasses.KiteLoginPage.errormsgOfpassword(KiteLoginPage.java:36)
at POMClasses.KiteLoginPage.errormsgOfpassword(KiteLoginPage.java:36)
at POMClasses.KiteLoginPage.errormsgOfpassword(KiteLoginPage.java:36)
at POMClasses.KiteLoginPage.errormsgOfpassword(KiteLoginPage.java:36)
at POMClasses.KiteLoginPage.errormsgOfpassword(KiteLoginPage.java:36)
at POMClasses.KiteLoginPage.errormsgOfpassword(KiteLoginPage.java:36)
at POMClasses.KiteLoginPage.errormsgOfpassword(KiteLoginPage.java:36)
at POMClasses.KiteLoginPage.errormsgOfpassword(KiteLoginPage.java:36)
at POMClasses.KiteLoginPage.errormsgOfpassword(KiteLoginPage.java:36)
at POMClasses.KiteLoginPage.errormsgOfpassword(KiteLoginPage.java:36)
at POMClasses.KiteLoginPage.errormsgOfpassword(KiteLoginPage.java:36)
at POMClasses.KiteLoginPage.errormsgOfpassword(KiteLoginPage.java:36)
at POMClasses.KiteLoginPage.errormsgOfpassword(KiteLoginPage.java:36)
at POMClasses.KiteLoginPage.errormsgOfpassword(KiteLoginPage.java:36)
at POMClasses.KiteLoginPage.errormsgOfpassword(KiteLoginPage.java:36)
at POMClasses.KiteLoginPage.errormsgOfpassword(KiteLoginPage.java:36)
at POMClasses.KiteLoginPage.errormsgOfpassword(KiteLoginPage.java:36)
at POMClasses.KiteLoginPage.errormsgOfpassword(KiteLoginPage.java:36)
at POMClasses.KiteLoginPage.errormsgOfpassword(KiteLoginPage.java:36)
at POMClasses.KiteLoginPage.errormsgOfpassword(KiteLoginPage.java:36)
at POMClasses.KiteLoginPage.errormsgOfpassword(KiteLoginPage.java:36)
at POMClasses.KiteLoginPage.errormsgOfpassword(KiteLoginPage.java:36)
at POMClasses.KiteLoginPage.errormsgOfpassword(KiteLoginPage.java:36)
at POMClasses.KiteLoginPage.errormsgOfpassword(KiteLoginPage.java:36)
at POMClasses.KiteLoginPage.errormsgOfpassword(KiteLoginPage.java:36)
at POMClasses.KiteLoginPage.errormsgOfpassword(KiteLoginPage.java:36)
at POMClasses.KiteLoginPage.errormsgOfpassword(KiteLoginPage.java:36)
at POMClasses.KiteLoginPage.errormsgOfpassword(KiteLoginPage.java:36)
at POMClasses.KiteLoginPage.errormsgOfpassword(KiteLoginPage.java:36)
at POMClasses.KiteLoginPage.errormsgOfpassword(KiteLoginPage.java:36)
at POMClasses.KiteLoginPage.errormsgOfpassword(KiteLoginPage.java:36)
at POMClasses.KiteLoginPage.errormsgOfpassword(KiteLoginPage.java:36)
at POMClasses.KiteLoginPage.errormsgOfpassword(KiteLoginPage.java:36)
at POMClasses.KiteLoginPage.errormsgOfpassword(KiteLoginPage.java:36)
at POMClasses.KiteLoginPage.errormsgOfpassword(KiteLoginPage.java:36)
at POMClasses.KiteLoginPage.errormsgOfpassword(KiteLoginPage.java:36)
at POMClasses.KiteLoginPage.errormsgOfpassword(KiteLoginPage.java:36)
at POMClasses.KiteLoginPage.errormsgOfpassword(KiteLoginPage.java:36)
at POMClasses.KiteLoginPage.errormsgOfpassword(KiteLoginPage.java:36)
at POMClasses.KiteLoginPage.errormsgOfpassword(KiteLoginPage.java:36)
at POMClasses.KiteLoginPage.errormsgOfpassword(KiteLoginPage.java:36)
at POMClasses.KiteLoginPage.errormsgOfpassword(KiteLoginPage.java:36)
at POMClasses.KiteLoginPage.errormsgOfpassword(KiteLoginPage.java:36)
at POMClasses.KiteLoginPage.errormsgOfpassword(KiteLoginPage.java:36)
at POMClasses.KiteLoginPage.errormsgOfpassword(KiteLoginPage.java:36)
at POMClasses.KiteLoginPage.errormsgOfpassword(KiteLoginPage.java:36)
at POMClasses.KiteLoginPage.errormsgOfpassword(KiteLoginPage.java:36)
at POMClasses.KiteLoginPage.errormsgOfpassword(KiteLoginPage.java:36)
at POMClasses.KiteLoginPage.errormsgOfpassword(KiteLoginPage.java:36)
at POMClasses.KiteLoginPage.errormsgOfpassword(KiteLoginPage.java:36)
at POMClasses.KiteLoginPage.errormsgOfpassword(KiteLoginPage.java:36)
at POMClasses.KiteLoginPage.errormsgOfpassword(KiteLoginPage.java:36)
at POMClasses.KiteLoginPage.errormsgOfpassword(KiteLoginPage.java:36)
at POMClasses.KiteLoginPage.errormsgOfpassword(KiteLoginPage.java:36)
at POMClasses.KiteLoginPage.errormsgOfpassword(KiteLoginPage.java:36)
at POMClasses.KiteLoginPage.errormsgOfpassword(KiteLoginPage.java:36)
at POMClasses.KiteLoginPage.errormsgOfpassword(KiteLoginPage.java:36)
at POMClasses.KiteLoginPage.errormsgOfpassword(KiteLoginPage.java:36)
at POMClasses.KiteLoginPage.errormsgOfpassword(KiteLoginPage.java:36)
at POMClasses.KiteLoginPage.errormsgOfpassword(KiteLoginPage.java:36)
at POMClasses.KiteLoginPage.errormsgOfpassword(KiteLoginPage.java:36)
at POMClasses.KiteLoginPage.errormsgOfpassword(KiteLoginPage.java:36)
at POMClasses.KiteLoginPage.errormsgOfpassword(KiteLoginPage.java:36)
at POMClasses.KiteLoginPage.errormsgOfpassword(KiteLoginPage.java:36)
at POMClasses.KiteLoginPage.errormsgOfpassword(KiteLoginPage.java:36)
at POMClasses.KiteLoginPage.errormsgOfpassword(KiteLoginPage.java:36)
at POMClasses.KiteLoginPage.errormsgOfpassword(KiteLoginPage.java:36)
at POMClasses.KiteLoginPage.errormsgOfpassword(KiteLoginPage.java:36)
at POMClasses.KiteLoginPage.errormsgOfpassword(KiteLoginPage.java:36)
at POMClasses.KiteLoginPage.errormsgOfpassword(KiteLoginPage.java:36)
at POMClasses.KiteLoginPage.errormsgOfpassword(KiteLoginPage.java:36)
at POMClasses.KiteLoginPage.errormsgOfpassword(KiteLoginPage.java:36)
at POMClasses.KiteLoginPage.errormsgOfpassword(KiteLoginPage.java:36)
at POMClasses.KiteLoginPage.errormsgOfpassword(KiteLoginPage.java:36)
at POMClasses.KiteLoginPage.errormsgOfpassword(KiteLoginPage.java:36)
at POMClasses.KiteLoginPage.errormsgOfpassword(KiteLoginPage.java:36)
at POMClasses.KiteLoginPage.errormsgOfpassword(KiteLoginPage.java:36)
at POMClasses.KiteLoginPage.errormsgOfpassword(KiteLoginPage.java:36)
at POMClasses.KiteLoginPage.errormsgOfpassword(KiteLoginPage.java:36)
at POMClasses.KiteLoginPage.errormsgOfpassword(KiteLoginPage.java:36)
at POMClasses.KiteLoginPage.errormsgOfpassword(KiteLoginPage.java:36)
at POMClasses.KiteLoginPage.errormsgOfpassword(KiteLoginPage.java:36)
at POMClasses.KiteLoginPage.errormsgOfpassword(KiteLoginPage.java:36)
at POMClasses.KiteLoginPage.errormsgOfpassword(KiteLoginPage.java:36)
at POMClasses.KiteLoginPage.errormsgOfpassword(KiteLoginPage.java:36)
at POMClasses.KiteLoginPage.errormsgOfpassword(KiteLoginPage.java:36)
at POMClasses.KiteLoginPage.errormsgOfpassword(KiteLoginPage.java:36)
at POMClasses.KiteLoginPage.errormsgOfpassword(KiteLoginPage.java:36)
at POMClasses.KiteLoginPage.errormsgOfpassword(KiteLoginPage.java:36)
at POMClasses.KiteLoginPage.errormsgOfpassword(KiteLoginPage.java:36)
at POMClasses.KiteLoginPage.errormsgOfpassword(KiteLoginPage.java:36)
at POMClasses.KiteLoginPage.errormsgOfpassword(KiteLoginPage.java:36)
at POMClasses.KiteLoginPage.errormsgOfpassword(KiteLoginPage.java:36)
at POMClasses.KiteLoginPage.errormsgOfpassword(KiteLoginPage.java:36)
at POMClasses.KiteLoginPage.errormsgOfpassword(KiteLoginPage.java:36)
at POMClasses.KiteLoginPage.errormsgOfpassword(KiteLoginPage.java:36)
at POMClasses.KiteLoginPage.errormsgOfpassword(KiteLoginPage.java:36)
at POMClasses.KiteLoginPage.errormsgOfpassword(KiteLoginPage.java:36)
at POMClasses.KiteLoginPage.errormsgOfpassword(KiteLoginPage.java:36)
at POMClasses.KiteLoginPage.errormsgOfpassword(KiteLoginPage.java:36)
at POMClasses.KiteLoginPage.errormsgOfpassword(KiteLoginPage.java:36)
at POMClasses.KiteLoginPage.errormsgOfpassword(KiteLoginPage.java:36)
at POMClasses.KiteLoginPage.errormsgOfpassword(KiteLoginPage.java:36)
at POMClasses.KiteLoginPage.errormsgOfpassword(KiteLoginPage.java:36)
at POMClasses.KiteLoginPage.errormsgOfpassword(KiteLoginPage.java:36)
at POMClasses.KiteLoginPage.errormsgOfpassword(KiteLoginPage.java:36)
at POMClasses.KiteLoginPage.errormsgOfpassword(KiteLoginPage.java:36)
at POMClasses.KiteLoginPage.errormsgOfpassword(KiteLoginPage.java:36)
at POMClasses.KiteLoginPage.errormsgOfpassword(KiteLoginPage.java:36)
at POMClasses.KiteLoginPage.errormsgOfpassword(KiteLoginPage.java:36)
at POMClasses.KiteLoginPage.errormsgOfpassword(KiteLoginPage.java:36)
at POMClasses.KiteLoginPage.errormsgOfpassword(KiteLoginPage.java:36)
at POMClasses.KiteLoginPage.errormsgOfpassword(KiteLoginPage.java:36)
at POMClasses.KiteLoginPage.errormsgOfpassword(KiteLoginPage.java:36)
at POMClasses.KiteLoginPage.errormsgOfpassword(KiteLoginPage.java:36)
at POMClasses.KiteLoginPage.errormsgOfpassword(KiteLoginPage.java:36)
at POMClasses.KiteLoginPage.errormsgOfpassword(KiteLoginPage.java:36)
at POMClasses.KiteLoginPage.errormsgOfpassword(KiteLoginPage.java:36)
at POMClasses.KiteLoginPage.errormsgOfpassword(KiteLoginPage.java:36)
at POMClasses.KiteLoginPage.errormsgOfpassword(KiteLoginPage.java:36)
at POMClasses.KiteLoginPage.errormsgOfpassword(KiteLoginPage.java:36)
at POMClasses.KiteLoginPage.errormsgOfpassword(KiteLoginPage.java:36)
at POMClasses.KiteLoginPage.errormsgOfpassword(KiteLoginPage.java:36)
at POMClasses.KiteLoginPage.errormsgOfpassword(KiteLoginPage.java:36)
at POMClasses.KiteLoginPage.errormsgOfpassword(KiteLoginPage.java:36)
at POMClasses.KiteLoginPage.errormsgOfpassword(KiteLoginPage.java:36)
at POMClasses.KiteLoginPage.errormsgOfpassword(KiteLoginPage.java:36)
at POMClasses.KiteLoginPage.errormsgOfpassword(KiteLoginPage.java:36)
at POMClasses.KiteLoginPage.errormsgOfpassword(KiteLoginPage.java:36)
at POMClasses.KiteLoginPage.errormsgOfpassword(KiteLoginPage.java:36)
at POMClasses.KiteLoginPage.errormsgOfpassword(KiteLoginPage.java:36)
at POMClasses.KiteLoginPage.errormsgOfpassword(KiteLoginPage.java:36)
at POMClasses.KiteLoginPage.errormsgOfpassword(KiteLoginPage.java:36)
at POMClasses.KiteLoginPage.errormsgOfpassword(KiteLoginPage.java:36)
at POMClasses.KiteLoginPage.errormsgOfpassword(KiteLoginPage.java:36)
at POMClasses.KiteLoginPage.errormsgOfpassword(KiteLoginPage.java:36)
at POMClasses.KiteLoginPage.errormsgOfpassword(KiteLoginPage.java:36)
at POMClasses.KiteLoginPage.errormsgOfpassword(KiteLoginPage.java:36)
at POMClasses.KiteLoginPage.errormsgOfpassword(KiteLoginPage.java:36)
at POMClasses.KiteLoginPage.errormsgOfpassword(KiteLoginPage.java:36)
at POMClasses.KiteLoginPage.errormsgOfpassword(KiteLoginPage.java:36)
at POMClasses.KiteLoginPage.errormsgOfpassword(KiteLoginPage.java:36)
at POMClasses.KiteLoginPage.errormsgOfpassword(KiteLoginPage.java:36)
at POMClasses.KiteLoginPage.errormsgOfpassword(KiteLoginPage.java:36)
at POMClasses.KiteLoginPage.errormsgOfpassword(KiteLoginPage.java:36)
at POMClasses.KiteLoginPage.errormsgOfpassword(KiteLoginPage.java:36)
at POMClasses.KiteLoginPage.errormsgOfpassword(KiteLoginPage.java:36)
at POMClasses.KiteLoginPage.errormsgOfpassword(KiteLoginPage.java:36)
at POMClasses.KiteLoginPage.errormsgOfpassword(KiteLoginPage.java:36)
at POMClasses.KiteLoginPage.errormsgOfpassword(KiteLoginPage.java:36)
at POMClasses.KiteLoginPage.errormsgOfpassword(KiteLoginPage.java:36)
at POMClasses.KiteLoginPage.errormsgOfpassword(KiteLoginPage.java:36)
at POMClasses.KiteLoginPage.errormsgOfpassword(KiteLoginPage.java:36)
at POMClasses.KiteLoginPage.errormsgOfpassword(KiteLoginPage.java:36)
at POMClasses.KiteLoginPage.errormsgOfpassword(KiteLoginPage.java:36)
at POMClasses.KiteLoginPage.errormsgOfpassword(KiteLoginPage.java:36)
at POMClasses.KiteLoginPage.errormsgOfpassword(KiteLoginPage.java:36)
at POMClasses.KiteLoginPage.errormsgOfpassword(KiteLoginPage.java:36)
at POMClasses.KiteLoginPage.errormsgOfpassword(KiteLoginPage.java:36)
at POMClasses.KiteLoginPage.errormsgOfpassword(KiteLoginPage.java:36)
at POMClasses.KiteLoginPage.errormsgOfpassword(KiteLoginPage.java:36)
at POMClasses.KiteLoginPage.errormsgOfpassword(KiteLoginPage.java:36)
at POMClasses.KiteLoginPage.errormsgOfpassword(KiteLoginPage.java:36)
at POMClasses.KiteLoginPage.errormsgOfpassword(KiteLoginPage.java:36)
at POMClasses.KiteLoginPage.errormsgOfpassword(KiteLoginPage.java:36)
at POMClasses.KiteLoginPage.errormsgOfpassword(KiteLoginPage.java:36)
at POMClasses.KiteLoginPage.errormsgOfpassword(KiteLoginPage.java:36)
at POMClasses.KiteLoginPage.errormsgOfpassword(KiteLoginPage.java:36)
at POMClasses.KiteLoginPage.errormsgOfpassword(KiteLoginPage.java:36)
at POMClasses.KiteLoginPage.errormsgOfpassword(KiteLoginPage.java:36)
at POMClasses.KiteLoginPage.errormsgOfpassword(KiteLoginPage.java:36)
at POMClasses.KiteLoginPage.errormsgOfpassword(KiteLoginPage.java:36)
at POMClasses.KiteLoginPage.errormsgOfpassword(KiteLoginPage.java:36)
at POMClasses.KiteLoginPage.errormsgOfpassword(KiteLoginPage.java:36)
at POMClasses.KiteLoginPage.errormsgOfpassword(KiteLoginPage.java:36)
at POMClasses.KiteLoginPage.errormsgOfpassword(KiteLoginPage.java:36)
at POMClasses.KiteLoginPage.errormsgOfpassword(KiteLoginPage.java:36)
at POMClasses.KiteLoginPage.errormsgOfpassword(KiteLoginPage.java:36)
at POMClasses.KiteLoginPage.errormsgOfpassword(KiteLoginPage.java:36)
at POMClasses.KiteLoginPage.errormsgOfpassword(KiteLoginPage.java:36)
at POMClasses.KiteLoginPage.errormsgOfpassword(KiteLoginPage.java:36)
at POMClasses.KiteLoginPage.errormsgOfpassword(KiteLoginPage.java:36)
at POMClasses.KiteLoginPage.errormsgOfpassword(KiteLoginPage.java:36)
at POMClasses.KiteLoginPage.errormsgOfpassword(KiteLoginPage.java:36)
at POMClasses.KiteLoginPage.errormsgOfpassword(KiteLoginPage.java:36)
at POMClasses.KiteLoginPage.errormsgOfpassword(KiteLoginPage.java:36)
at POMClasses.KiteLoginPage.errormsgOfpassword(KiteLoginPage.java:36)
at POMClasses.KiteLoginPage.errormsgOfpassword(KiteLoginPage.java:36)
at POMClasses.KiteLoginPage.errormsgOfpassword(KiteLoginPage.java:36)
at POMClasses.KiteLoginPage.errormsgOfpassword(KiteLoginPage.java:36)
at POMClasses.KiteLoginPage.errormsgOfpassword(KiteLoginPage.java:36)
at POMClasses.KiteLoginPage.errormsgOfpassword(KiteLoginPage.java:36)
at POMClasses.KiteLoginPage.errormsgOfpassword(KiteLoginPage.java:36)
at POMClasses.KiteLoginPage.errormsgOfpassword(KiteLoginPage.java:36)
at POMClasses.KiteLoginPage.errormsgOfpassword(KiteLoginPage.java:36)
at POMClasses.KiteLoginPage.errormsgOfpassword(KiteLoginPage.java:36)
at POMClasses.KiteLoginPage.errormsgOfpassword(KiteLoginPage.java:36)
at POMClasses.KiteLoginPage.errormsgOfpassword(KiteLoginPage.java:36)
at POMClasses.KiteLoginPage.errormsgOfpassword(KiteLoginPage.java:36)
at POMClasses.KiteLoginPage.errormsgOfpassword(KiteLoginPage.java:36)
at POMClasses.KiteLoginPage.errormsgOfpassword(KiteLoginPage.java:36)
at POMClasses.KiteLoginPage.errormsgOfpassword(KiteLoginPage.java:36)
at POMClasses.KiteLoginPage.errormsgOfpassword(KiteLoginPage.java:36)
at POMClasses.KiteLoginPage.errormsgOfpassword(KiteLoginPage.java:36)
at POMClasses.KiteLoginPage.errormsgOfpassword(KiteLoginPage.java:36)
at POMClasses.KiteLoginPage.errormsgOfpassword(KiteLoginPage.java:36)
at POMClasses.KiteLoginPage.errormsgOfpassword(KiteLoginPage.java:36)
at POMClasses.KiteLoginPage.errormsgOfpassword(KiteLoginPage.java:36)
at POMClasses.KiteLoginPage.errormsgOfpassword(KiteLoginPage.java:36)
at POMClasses.KiteLoginPage.errormsgOfpassword(KiteLoginPage.java:36)
at POMClasses.KiteLoginPage.errormsgOfpassword(KiteLoginPage.java:36)
at POMClasses.KiteLoginPage.errormsgOfpassword(KiteLoginPage.java:36)
at POMClasses.KiteLoginPage.errormsgOfpassword(KiteLoginPage.java:36)
at POMClasses.KiteLoginPage.errormsgOfpassword(KiteLoginPage.java:36)
at POMClasses.KiteLoginPage.errormsgOfpassword(KiteLoginPage.java:36)
at POMClasses.KiteLoginPage.errormsgOfpassword(KiteLoginPage.java:36)
at POMClasses.KiteLoginPage.errormsgOfpassword(KiteLoginPage.java:36)
at POMClasses.KiteLoginPage.errormsgOfpassword(KiteLoginPage.java:36)
at POMClasses.KiteLoginPage.errormsgOfpassword(KiteLoginPage.java:36)
at POMClasses.KiteLoginPage.errormsgOfpassword(KiteLoginPage.java:36)
at POMClasses.KiteLoginPage.errormsgOfpassword(KiteLoginPage.java:36)
at POMClasses.KiteLoginPage.errormsgOfpassword(KiteLoginPage.java:36)
at POMClasses.KiteLoginPage.errormsgOfpassword(KiteLoginPage.java:36)
at POMClasses.KiteLoginPage.errormsgOfpassword(KiteLoginPage.java:36)
at POMClasses.KiteLoginPage.errormsgOfpassword(KiteLoginPage.java:36)
at POMClasses.KiteLoginPage.errormsgOfpassword(KiteLoginPage.java:36)
at POMClasses.KiteLoginPage.errormsgOfpassword(KiteLoginPage.java:36)
at POMClasses.KiteLoginPage.errormsgOfpassword(KiteLoginPage.java:36)
at POMClasses.KiteLoginPage.errormsgOfpassword(KiteLoginPage.java:36)
at POMClasses.KiteLoginPage.errormsgOfpassword(KiteLoginPage.java:36)
at POMClasses.KiteLoginPage.errormsgOfpassword(KiteLoginPage.java:36)
at POMClasses.KiteLoginPage.errormsgOfpassword(KiteLoginPage.java:36)
at POMClasses.KiteLoginPage.errormsgOfpassword(KiteLoginPage.java:36)
at POMClasses.KiteLoginPage.errormsgOfpassword(KiteLoginPage.java:36)
at POMClasses.KiteLoginPage.errormsgOfpassword(KiteLoginPage.java:36)
at POMClasses.KiteLoginPage.errormsgOfpassword(KiteLoginPage.java:36)
at POMClasses.KiteLoginPage.errormsgOfpassword(KiteLoginPage.java:36)
at POMClasses.KiteLoginPage.errormsgOfpassword(KiteLoginPage.java:36)
at POMClasses.KiteLoginPage.errormsgOfpassword(KiteLoginPage.java:36)
at POMClasses.KiteLoginPage.errormsgOfpassword(KiteLoginPage.java:36)
at POMClasses.KiteLoginPage.errormsgOfpassword(KiteLoginPage.java:36)
at POMClasses.KiteLoginPage.errormsgOfpassword(KiteLoginPage.java:36)
at POMClasses.KiteLoginPage.errormsgOfpassword(KiteLoginPage.java:36)
at POMClasses.KiteLoginPage.errormsgOfpassword(KiteLoginPage.java:36)
at POMClasses.KiteLoginPage.errormsgOfpassword(KiteLoginPage.java:36)
at POMClasses.KiteLoginPage.errormsgOfpassword(KiteLoginPage.java:36)
at POMClasses.KiteLoginPage.errormsgOfpassword(KiteLoginPage.java:36)
at POMClasses.KiteLoginPage.errormsgOfpassword(KiteLoginPage.java:36)
at POMClasses.KiteLoginPage.errormsgOfpassword(KiteLoginPage.java:36)
at POMClasses.KiteLoginPage.errormsgOfpassword(KiteLoginPage.java:36)
at POMClasses.KiteLoginPage.errormsgOfpassword(KiteLoginPage.java:36)
at POMClasses.KiteLoginPage.errormsgOfpassword(KiteLoginPage.java:36)
at POMClasses.KiteLoginPage.errormsgOfpassword(KiteLoginPage.java:36)
at POMClasses.KiteLoginPage.errormsgOfpassword(KiteLoginPage.java:36)
at POMClasses.KiteLoginPage.errormsgOfpassword(KiteLoginPage.java:36)
at POMClasses.KiteLoginPage.errormsgOfpassword(KiteLoginPage.java:36)
at POMClasses.KiteLoginPage.errormsgOfpassword(KiteLoginPage.java:36)
at POMClasses.KiteLoginPage.errormsgOfpassword(KiteLoginPage.java:36)
at POMClasses.KiteLoginPage.errormsgOfpassword(KiteLoginPage.java:36)
at POMClasses.KiteLoginPage.errormsgOfpassword(KiteLoginPage.java:36)
at POMClasses.KiteLoginPage.errormsgOfpassword(KiteLoginPage.java:36)
at POMClasses.KiteLoginPage.errormsgOfpassword(KiteLoginPage.java:36)
at POMClasses.KiteLoginPage.errormsgOfpassword(KiteLoginPage.java:36)
at POMClasses.KiteLoginPage.errormsgOfpassword(KiteLoginPage.java:36)
at POMClasses.KiteLoginPage.errormsgOfpassword(KiteLoginPage.java:36)
at POMClasses.KiteLoginPage.errormsgOfpassword(KiteLoginPage.java:36)
at POMClasses.KiteLoginPage.errormsgOfpassword(KiteLoginPage.java:36)
at POMClasses.KiteLoginPage.errormsgOfpassword(KiteLoginPage.java:36)
at POMClasses.KiteLoginPage.errormsgOfpassword(KiteLoginPage.java:36)
at POMClasses.KiteLoginPage.errormsgOfpassword(KiteLoginPage.java:36)
at POMClasses.KiteLoginPage.errormsgOfpassword(KiteLoginPage.java:36)
at POMClasses.KiteLoginPage.errormsgOfpassword(KiteLoginPage.java:36)
at POMClasses.KiteLoginPage.errormsgOfpassword(KiteLoginPage.java:36)
at POMClasses.KiteLoginPage.errormsgOfpassword(KiteLoginPage.java:36)
at POMClasses.KiteLoginPage.errormsgOfpassword(KiteLoginPage.java:36)
at POMClasses.KiteLoginPage.errormsgOfpassword(KiteLoginPage.java:36)
at POMClasses.KiteLoginPage.errormsgOfpassword(KiteLoginPage.java:36)
at POMClasses.KiteLoginPage.errormsgOfpassword(KiteLoginPage.java:36)
at POMClasses.KiteLoginPage.errormsgOfpassword(KiteLoginPage.java:36)
at POMClasses.KiteLoginPage.errormsgOfpassword(KiteLoginPage.java:36)
at POMClasses.KiteLoginPage.errormsgOfpassword(KiteLoginPage.java:36)
at POMClasses.KiteLoginPage.errormsgOfpassword(KiteLoginPage.java:36)
at POMClasses.KiteLoginPage.errormsgOfpassword(KiteLoginPage.java:36)
at POMClasses.KiteLoginPage.errormsgOfpassword(KiteLoginPage.java:36)
at POMClasses.KiteLoginPage.errormsgOfpassword(KiteLoginPage.java:36)
at POMClasses.KiteLoginPage.errormsgOfpassword(KiteLoginPage.java:36)
at POMClasses.KiteLoginPage.errormsgOfpassword(KiteLoginPage.java:36)
at POMClasses.KiteLoginPage.errormsgOfpassword(KiteLoginPage.java:36)
at POMClasses.KiteLoginPage.errormsgOfpassword(KiteLoginPage.java:36)
at POMClasses.KiteLoginPage.errormsgOfpassword(KiteLoginPage.java:36)
at POMClasses.KiteLoginPage.errormsgOfpassword(KiteLoginPage.java:36)
at POMClasses.KiteLoginPage.errormsgOfpassword(KiteLoginPage.java:36)
at POMClasses.KiteLoginPage.errormsgOfpassword(KiteLoginPage.java:36)
at POMClasses.KiteLoginPage.errormsgOfpassword(KiteLoginPage.java:36)
at POMClasses.KiteLoginPage.errormsgOfpassword(KiteLoginPage.java:36)
at POMClasses.KiteLoginPage.errormsgOfpassword(KiteLoginPage.java:36)
at POMClasses.KiteLoginPage.errormsgOfpassword(KiteLoginPage.java:36)
at POMClasses.KiteLoginPage.errormsgOfpassword(KiteLoginPage.java:36)
at POMClasses.KiteLoginPage.errormsgOfpassword(KiteLoginPage.java:36)
at POMClasses.KiteLoginPage.errormsgOfpassword(KiteLoginPage.java:36)
at POMClasses.KiteLoginPage.errormsgOfpassword(KiteLoginPage.java:36)
at POMClasses.KiteLoginPage.errormsgOfpassword(KiteLoginPage.java:36)
at POMClasses.KiteLoginPage.errormsgOfpassword(KiteLoginPage.java:36)
at POMClasses.KiteLoginPage.errormsgOfpassword(KiteLoginPage.java:36)
at POMClasses.KiteLoginPage.errormsgOfpassword(KiteLoginPage.java:36)
at POMClasses.KiteLoginPage.errormsgOfpassword(KiteLoginPage.java:36)
at POMClasses.KiteLoginPage.errormsgOfpassword(KiteLoginPage.java:36)
at POMClasses.KiteLoginPage.errormsgOfpassword(KiteLoginPage.java:36)
at POMClasses.KiteLoginPage.errormsgOfpassword(KiteLoginPage.java:36)
at POMClasses.KiteLoginPage.errormsgOfpassword(KiteLoginPage.java:36)
at POMClasses.KiteLoginPage.errormsgOfpassword(KiteLoginPage.java:36)
at POMClasses.KiteLoginPage.errormsgOfpassword(KiteLoginPage.java:36)
at POMClasses.KiteLoginPage.errormsgOfpassword(KiteLoginPage.java:36)
at POMClasses.KiteLoginPage.errormsgOfpassword(KiteLoginPage.java:36)
at POMClasses.KiteLoginPage.errormsgOfpassword(KiteLoginPage.java:36)
at POMClasses.KiteLoginPage.errormsgOfpassword(KiteLoginPage.java:36)
at POMClasses.KiteLoginPage.errormsgOfpassword(KiteLoginPage.java:36)
at POMClasses.KiteLoginPage.errormsgOfpassword(KiteLoginPage.java:36)
at POMClasses.KiteLoginPage.errormsgOfpassword(KiteLoginPage.java:36)
at POMClasses.KiteLoginPage.errormsgOfpassword(KiteLoginPage.java:36)
at POMClasses.KiteLoginPage.errormsgOfpassword(KiteLoginPage.java:36)
at POMClasses.KiteLoginPage.errormsgOfpassword(KiteLoginPage.java:36)
at POMClasses.KiteLoginPage.errormsgOfpassword(KiteLoginPage.java:36)
at POMClasses.KiteLoginPage.errormsgOfpassword(KiteLoginPage.java:36)
at POMClasses.KiteLoginPage.errormsgOfpassword(KiteLoginPage.java:36)
at POMClasses.KiteLoginPage.errormsgOfpassword(KiteLoginPage.java:36)
at POMClasses.KiteLoginPage.errormsgOfpassword(KiteLoginPage.java:36)
at POMClasses.KiteLoginPage.errormsgOfpassword(KiteLoginPage.java:36)
at POMClasses.KiteLoginPage.errormsgOfpassword(KiteLoginPage.java:36)
at POMClasses.KiteLoginPage.errormsgOfpassword(KiteLoginPage.java:36)
at POMClasses.KiteLoginPage.errormsgOfpassword(KiteLoginPage.java:36)
at POMClasses.KiteLoginPage.errormsgOfpassword(KiteLoginPage.java:36)
at POMClasses.KiteLoginPage.errormsgOfpassword(KiteLoginPage.java:36)
at POMClasses.KiteLoginPage.errormsgOfpassword(KiteLoginPage.java:36)
at POMClasses.KiteLoginPage.errormsgOfpassword(KiteLoginPage.java:36)
at POMClasses.KiteLoginPage.errormsgOfpassword(KiteLoginPage.java:36)
at POMClasses.KiteLoginPage.errormsgOfpassword(KiteLoginPage.java:36)
at POMClasses.KiteLoginPage.errormsgOfpassword(KiteLoginPage.java:36)
at POMClasses.KiteLoginPage.errormsgOfpassword(KiteLoginPage.java:36)
at POMClasses.KiteLoginPage.errormsgOfpassword(KiteLoginPage.java:36)
at POMClasses.KiteLoginPage.errormsgOfpassword(KiteLoginPage.java:36)
at POMClasses.KiteLoginPage.errormsgOfpassword(KiteLoginPage.java:36)
at POMClasses.KiteLoginPage.errormsgOfpassword(KiteLoginPage.java:36)
at POMClasses.KiteLoginPage.errormsgOfpassword(KiteLoginPage.java:36)
at POMClasses.KiteLoginPage.errormsgOfpassword(KiteLoginPage.java:36)
at POMClasses.KiteLoginPage.errormsgOfpassword(KiteLoginPage.java:36)
at POMClasses.KiteLoginPage.errormsgOfpassword(KiteLoginPage.java:36)
at POMClasses.KiteLoginPage.errormsgOfpassword(KiteLoginPage.java:36)
at POMClasses.KiteLoginPage.errormsgOfpassword(KiteLoginPage.java:36)
at POMClasses.KiteLoginPage.errormsgOfpassword(KiteLoginPage.java:36)
at POMClasses.KiteLoginPage.errormsgOfpassword(KiteLoginPage.java:36)
at POMClasses.KiteLoginPage.errormsgOfpassword(KiteLoginPage.java:36)
at POMClasses.KiteLoginPage.errormsgOfpassword(KiteLoginPage.java:36)
at POMClasses.KiteLoginPage.errormsgOfpassword(KiteLoginPage.java:36)
at POMClasses.KiteLoginPage.errormsgOfpassword(KiteLoginPage.java:36)
at POMClasses.KiteLoginPage.errormsgOfpassword(KiteLoginPage.java:36)
at POMClasses.KiteLoginPage.errormsgOfpassword(KiteLoginPage.java:36)
at POMClasses.KiteLoginPage.errormsgOfpassword(KiteLoginPage.java:36)
at POMClasses.KiteLoginPage.errormsgOfpassword(KiteLoginPage.java:36)
at POMClasses.KiteLoginPage.errormsgOfpassword(KiteLoginPage.java:36)
at POMClasses.KiteLoginPage.errormsgOfpassword(KiteLoginPage.java:36)
at POMClasses.KiteLoginPage.errormsgOfpassword(KiteLoginPage.java:36)
at POMClasses.KiteLoginPage.errormsgOfpassword(KiteLoginPage.java:36)
at POMClasses.KiteLoginPage.errormsgOfpassword(KiteLoginPage.java:36)
at POMClasses.KiteLoginPage.errormsgOfpassword(KiteLoginPage.java:36)
at POMClasses.KiteLoginPage.errormsgOfpassword(KiteLoginPage.java:36)
at POMClasses.KiteLoginPage.errormsgOfpassword(KiteLoginPage.java:36)
at POMClasses.KiteLoginPage.errormsgOfpassword(KiteLoginPage.java:36)
at POMClasses.KiteLoginPage.errormsgOfpassword(KiteLoginPage.java:36)
at POMClasses.KiteLoginPage.errormsgOfpassword(KiteLoginPage.java:36)
at POMClasses.KiteLoginPage.errormsgOfpassword(KiteLoginPage.java:36)
at POMClasses.KiteLoginPage.errormsgOfpassword(KiteLoginPage.java:36)
at POMClasses.KiteLoginPage.errormsgOfpassword(KiteLoginPage.java:36)
at POMClasses.KiteLoginPage.errormsgOfpassword(KiteLoginPage.java:36)
at POMClasses.KiteLoginPage.errormsgOfpassword(KiteLoginPage.java:36)
at POMClasses.KiteLoginPage.errormsgOfpassword(KiteLoginPage.java:36)
at POMClasses.KiteLoginPage.errormsgOfpassword(KiteLoginPage.java:36)
at POMClasses.KiteLoginPage.errormsgOfpassword(KiteLoginPage.java:36)
at POMClasses.KiteLoginPage.errormsgOfpassword(KiteLoginPage.java:36)
at POMClasses.KiteLoginPage.errormsgOfpassword(KiteLoginPage.java:36)
at POMClasses.KiteLoginPage.errormsgOfpassword(KiteLoginPage.java:36)
at POMClasses.KiteLoginPage.errormsgOfpassword(KiteLoginPage.java:36)
at POMClasses.KiteLoginPage.errormsgOfpassword(KiteLoginPage.java:36)
at POMClasses.KiteLoginPage.errormsgOfpassword(KiteLoginPage.java:36)
at POMClasses.KiteLoginPage.errormsgOfpassword(KiteLoginPage.java:36)
at POMClasses.KiteLoginPage.errormsgOfpassword(KiteLoginPage.java:36)
at POMClasses.KiteLoginPage.errormsgOfpassword(KiteLoginPage.java:36)
at POMClasses.KiteLoginPage.errormsgOfpassword(KiteLoginPage.java:36)
at POMClasses.KiteLoginPage.errormsgOfpassword(KiteLoginPage.java:36)
at POMClasses.KiteLoginPage.errormsgOfpassword(KiteLoginPage.java:36)
at POMClasses.KiteLoginPage.errormsgOfpassword(KiteLoginPage.java:36)
at POMClasses.KiteLoginPage.errormsgOfpassword(KiteLoginPage.java:36)
at POMClasses.KiteLoginPage.errormsgOfpassword(KiteLoginPage.java:36)
at POMClasses.KiteLoginPage.errormsgOfpassword(KiteLoginPage.java:36)
at POMClasses.KiteLoginPage.errormsgOfpassword(KiteLoginPage.java:36)
at POMClasses.KiteLoginPage.errormsgOfpassword(KiteLoginPage.java:36)
at POMClasses.KiteLoginPage.errormsgOfpassword(KiteLoginPage.java:36)
at POMClasses.KiteLoginPage.errormsgOfpassword(KiteLoginPage.java:36)
at POMClasses.KiteLoginPage.errormsgOfpassword(KiteLoginPage.java:36)
at POMClasses.KiteLoginPage.errormsgOfpassword(KiteLoginPage.java:36)
]]>
    </error>
  </testcase> <!-- ValidatePWDerrorMsg -->
  <system-out/>
</testsuite> <!-- KiteAppTestClasses.ValidatePWDerrormsg -->
