<?xml version="1.0" encoding="UTF-8"?>
<!-- Generated by org.testng.reporters.JUnitReportReporter -->
<testsuite hostname="Sudarshan" failures="0" tests="3" name="TestNG_Study.NewTest1" time="0.024" errors="0" timestamp="2022-03-17T21:31:50 IST" skipped="0">
  <testcase classname="TestNG_Study.NewTest1" name="test3" time="0.003"/>
  <system-out>
    <![CDATA[this is test3 method is running]]>
  </system-out>
  <testcase classname="TestNG_Study.NewTest1" name="test2" time="0.005"/>
  <system-out>
    <![CDATA[this is test2 method is running]]>
  </system-out>
  <testcase classname="TestNG_Study.NewTest1" name="test1" time="0.016"/>
  <system-out/>
</testsuite> <!-- TestNG_Study.NewTest1 -->
