<?xml version="1.0" encoding="UTF-8"?>
<!-- Generated by org.testng.reporters.JUnitReportReporter -->
<testsuite hostname="Sudarshan" failures="0" tests="1" name="SerialAndParallelExceution.SerialParallel1" time="21.299" errors="0" timestamp="2022-03-23T23:55:25 IST" skipped="0">
  <testcase classname="SerialAndParallelExceution.SerialParallel1" name="method1" time="21.299"/>
  <system-out/>
</testsuite> <!-- SerialAndParallelExceution.SerialParallel1 -->
