<?xml version="1.0" encoding="UTF-8"?>
<!-- Generated by org.testng.reporters.JUnitReportReporter -->
<testsuite hostname="Sudarshan" failures="0" tests="4" name="TestNG_Study.TestToOpenMulti_URL" time="95.948" errors="0" timestamp="2022-03-17T21:39:44 IST" skipped="0">
  <testcase classname="TestNG_Study.TestToOpenMulti_URL" name="method1" time="23.764"/>
  <system-out/>
  <testcase classname="TestNG_Study.TestToOpenMulti_URL" name="method4" time="20.888"/>
  <system-out/>
  <testcase classname="TestNG_Study.TestToOpenMulti_URL" name="method2" time="22.271"/>
  <system-out/>
  <testcase classname="TestNG_Study.TestToOpenMulti_URL" name="method3" time="29.025"/>
  <system-out/>
</testsuite> <!-- TestNG_Study.TestToOpenMulti_URL -->
