<?xml version="1.0" encoding="UTF-8"?>
<!-- Generated by org.testng.reporters.JUnitReportReporter -->
<testsuite hostname="Sudarshan" failures="0" tests="1" name="KiteAppTestClasses.ValidatekiteApplnbyUsingPropertyFile" time="13.066" errors="0" timestamp="2022-03-31T23:11:56 IST" skipped="0">
  <testcase classname="KiteAppTestClasses.ValidatekiteApplnbyUsingPropertyFile" name="ValidateKiteUN" time="13.066"/>
  <system-out>
    <![CDATA[Validated UserName
screenshot taken for TC 500
Validated UserName]]>
  </system-out>
</testsuite> <!-- KiteAppTestClasses.ValidatekiteApplnbyUsingPropertyFile -->
