<?xml version="1.0" encoding="UTF-8"?>
<!-- Generated by org.testng.reporters.JUnitReportReporter -->
<testsuite hostname="Sudarshan" failures="0" tests="2" name="KiteAppTestClasses.ValidatepasswordErrorMsg" time="338.859" errors="2" timestamp="2022-03-30T22:50:16 IST" skipped="0">
  <testcase classname="KiteAppTestClasses.ValidatepasswordErrorMsg" name="validatePWDerrormsg" time="338.741">
    <error message="Browsing context has been discarded
Build info: version: &#039;4.1.2&#039;, revision: &#039;9a5a329c5a&#039;
System info: host: &#039;SUDARSHAN&#039;, ip: &#039;192.168.1.23&#039;, os.name: &#039;Windows 10&#039;, os.arch: &#039;amd64&#039;, os.version: &#039;10.0&#039;, java.version: &#039;17.0.1&#039;
Driver info: org.openqa.selenium.firefox.FirefoxDriver
Command: [ef8948fd-dc38-493c-8f25-d57f0cf8a6fb, findElement {using=xpath, value=//span[text()=&#039;Password should be minimum 6 characters.&#039;]}]
Capabilities {acceptInsecureCerts: true, browserName: firefox, browserVersion: 98.0.2, javascriptEnabled: true, moz:accessibilityChecks: false, moz:buildID: 20220322144853, moz:debuggerAddress: localhost:57753, moz:geckodriverVersion: 0.30.0, moz:headless: false, moz:processID: 21792, moz:profile: C:\Users\sudarshan\AppData\..., moz:shutdownTimeout: 60000, moz:useNonSpecCompliantPointerOrigin: false, moz:webdriverClick: true, pageLoadStrategy: normal, platform: WINDOWS, platformName: WINDOWS, platformVersion: 10.0, proxy: Proxy(), se:cdp: ws://localhost:57753/devtoo..., se:cdpVersion: 85.0, setWindowRect: true, strictFileInteractability: false, timeouts: {implicit: 0, pageLoad: 300000, script: 30000}, unhandledPromptBehavior: dismiss and notify}
Session ID: ef8948fd-dc38-493c-8f25-d57f0cf8a6fb" type="org.openqa.selenium.NoSuchWindowException">
      <![CDATA[org.openqa.selenium.NoSuchWindowException: Browsing context has been discarded
Build info: version: '4.1.2', revision: '9a5a329c5a'
System info: host: 'SUDARSHAN', ip: '192.168.1.23', os.name: 'Windows 10', os.arch: 'amd64', os.version: '10.0', java.version: '17.0.1'
Driver info: org.openqa.selenium.firefox.FirefoxDriver
Command: [ef8948fd-dc38-493c-8f25-d57f0cf8a6fb, findElement {using=xpath, value=//span[text()='Password should be minimum 6 characters.']}]
Capabilities {acceptInsecureCerts: true, browserName: firefox, browserVersion: 98.0.2, javascriptEnabled: true, moz:accessibilityChecks: false, moz:buildID: 20220322144853, moz:debuggerAddress: localhost:57753, moz:geckodriverVersion: 0.30.0, moz:headless: false, moz:processID: 21792, moz:profile: C:\Users\sudarshan\AppData\..., moz:shutdownTimeout: 60000, moz:useNonSpecCompliantPointerOrigin: false, moz:webdriverClick: true, pageLoadStrategy: normal, platform: WINDOWS, platformName: WINDOWS, platformVersion: 10.0, proxy: Proxy(), se:cdp: ws://localhost:57753/devtoo..., se:cdpVersion: 85.0, setWindowRect: true, strictFileInteractability: false, timeouts: {implicit: 0, pageLoad: 300000, script: 30000}, unhandledPromptBehavior: dismiss and notify}
Session ID: ef8948fd-dc38-493c-8f25-d57f0cf8a6fb
at java.base/jdk.internal.reflect.NativeConstructorAccessorImpl.newInstance0(Native Method)
at java.base/jdk.internal.reflect.NativeConstructorAccessorImpl.newInstance(NativeConstructorAccessorImpl.java:77)
at java.base/jdk.internal.reflect.DelegatingConstructorAccessorImpl.newInstance(DelegatingConstructorAccessorImpl.java:45)
at java.base/java.lang.reflect.Constructor.newInstanceWithCaller(Constructor.java:499)
at java.base/java.lang.reflect.Constructor.newInstance(Constructor.java:480)
at org.openqa.selenium.remote.codec.w3c.W3CHttpResponseCodec.createException(W3CHttpResponseCodec.java:200)
at org.openqa.selenium.remote.codec.w3c.W3CHttpResponseCodec.decode(W3CHttpResponseCodec.java:133)
at org.openqa.selenium.remote.codec.w3c.W3CHttpResponseCodec.decode(W3CHttpResponseCodec.java:53)
at org.openqa.selenium.remote.HttpCommandExecutor.execute(HttpCommandExecutor.java:184)
at org.openqa.selenium.remote.service.DriverCommandExecutor.invokeExecute(DriverCommandExecutor.java:167)
at org.openqa.selenium.remote.service.DriverCommandExecutor.execute(DriverCommandExecutor.java:142)
at org.openqa.selenium.remote.RemoteWebDriver.execute(RemoteWebDriver.java:558)
at org.openqa.selenium.remote.ElementLocation$ElementFinder$2.findElement(ElementLocation.java:162)
at org.openqa.selenium.remote.ElementLocation.findElement(ElementLocation.java:60)
at org.openqa.selenium.remote.RemoteWebDriver.findElement(RemoteWebDriver.java:382)
at org.openqa.selenium.remote.RemoteWebDriver.findElement(RemoteWebDriver.java:374)
at org.openqa.selenium.support.pagefactory.DefaultElementLocator.findElement(DefaultElementLocator.java:70)
at org.openqa.selenium.support.pagefactory.internal.LocatingElementHandler.invoke(LocatingElementHandler.java:39)
at jdk.proxy2/jdk.proxy2.$Proxy17.getText(Unknown Source)
at POMClasses.KiteLoginPage.errormsgOfpassword(KiteLoginPage.java:35)
at POMClasses.KiteLoginPage.errormsgOfpassword(KiteLoginPage.java:36)
at POMClasses.KiteLoginPage.errormsgOfpassword(KiteLoginPage.java:36)
at POMClasses.KiteLoginPage.errormsgOfpassword(KiteLoginPage.java:36)
at POMClasses.KiteLoginPage.errormsgOfpassword(KiteLoginPage.java:36)
at POMClasses.KiteLoginPage.errormsgOfpassword(KiteLoginPage.java:36)
at POMClasses.KiteLoginPage.errormsgOfpassword(KiteLoginPage.java:36)
at POMClasses.KiteLoginPage.errormsgOfpassword(KiteLoginPage.java:36)
at POMClasses.KiteLoginPage.errormsgOfpassword(KiteLoginPage.java:36)
at POMClasses.KiteLoginPage.errormsgOfpassword(KiteLoginPage.java:36)
at POMClasses.KiteLoginPage.errormsgOfpassword(KiteLoginPage.java:36)
at POMClasses.KiteLoginPage.errormsgOfpassword(KiteLoginPage.java:36)
at POMClasses.KiteLoginPage.errormsgOfpassword(KiteLoginPage.java:36)
at POMClasses.KiteLoginPage.errormsgOfpassword(KiteLoginPage.java:36)
at POMClasses.KiteLoginPage.errormsgOfpassword(KiteLoginPage.java:36)
at POMClasses.KiteLoginPage.errormsgOfpassword(KiteLoginPage.java:36)
at POMClasses.KiteLoginPage.errormsgOfpassword(KiteLoginPage.java:36)
at POMClasses.KiteLoginPage.errormsgOfpassword(KiteLoginPage.java:36)
at POMClasses.KiteLoginPage.errormsgOfpassword(KiteLoginPage.java:36)
at POMClasses.KiteLoginPage.errormsgOfpassword(KiteLoginPage.java:36)
at POMClasses.KiteLoginPage.errormsgOfpassword(KiteLoginPage.java:36)
at POMClasses.KiteLoginPage.errormsgOfpassword(KiteLoginPage.java:36)
at POMClasses.KiteLoginPage.errormsgOfpassword(KiteLoginPage.java:36)
at POMClasses.KiteLoginPage.errormsgOfpassword(KiteLoginPage.java:36)
at POMClasses.KiteLoginPage.errormsgOfpassword(KiteLoginPage.java:36)
at POMClasses.KiteLoginPage.errormsgOfpassword(KiteLoginPage.java:36)
at POMClasses.KiteLoginPage.errormsgOfpassword(KiteLoginPage.java:36)
at POMClasses.KiteLoginPage.errormsgOfpassword(KiteLoginPage.java:36)
at POMClasses.KiteLoginPage.errormsgOfpassword(KiteLoginPage.java:36)
at POMClasses.KiteLoginPage.errormsgOfpassword(KiteLoginPage.java:36)
at POMClasses.KiteLoginPage.errormsgOfpassword(KiteLoginPage.java:36)
at POMClasses.KiteLoginPage.errormsgOfpassword(KiteLoginPage.java:36)
at POMClasses.KiteLoginPage.errormsgOfpassword(KiteLoginPage.java:36)
at POMClasses.KiteLoginPage.errormsgOfpassword(KiteLoginPage.java:36)
at POMClasses.KiteLoginPage.errormsgOfpassword(KiteLoginPage.java:36)
at POMClasses.KiteLoginPage.errormsgOfpassword(KiteLoginPage.java:36)
at POMClasses.KiteLoginPage.errormsgOfpassword(KiteLoginPage.java:36)
at POMClasses.KiteLoginPage.errormsgOfpassword(KiteLoginPage.java:36)
at POMClasses.KiteLoginPage.errormsgOfpassword(KiteLoginPage.java:36)
at POMClasses.KiteLoginPage.errormsgOfpassword(KiteLoginPage.java:36)
at POMClasses.KiteLoginPage.errormsgOfpassword(KiteLoginPage.java:36)
at POMClasses.KiteLoginPage.errormsgOfpassword(KiteLoginPage.java:36)
at POMClasses.KiteLoginPage.errormsgOfpassword(KiteLoginPage.java:36)
at POMClasses.KiteLoginPage.errormsgOfpassword(KiteLoginPage.java:36)
at POMClasses.KiteLoginPage.errormsgOfpassword(KiteLoginPage.java:36)
at POMClasses.KiteLoginPage.errormsgOfpassword(KiteLoginPage.java:36)
at POMClasses.KiteLoginPage.errormsgOfpassword(KiteLoginPage.java:36)
at POMClasses.KiteLoginPage.errormsgOfpassword(KiteLoginPage.java:36)
at POMClasses.KiteLoginPage.errormsgOfpassword(KiteLoginPage.java:36)
at POMClasses.KiteLoginPage.errormsgOfpassword(KiteLoginPage.java:36)
at POMClasses.KiteLoginPage.errormsgOfpassword(KiteLoginPage.java:36)
at POMClasses.KiteLoginPage.errormsgOfpassword(KiteLoginPage.java:36)
at POMClasses.KiteLoginPage.errormsgOfpassword(KiteLoginPage.java:36)
at POMClasses.KiteLoginPage.errormsgOfpassword(KiteLoginPage.java:36)
at POMClasses.KiteLoginPage.errormsgOfpassword(KiteLoginPage.java:36)
at POMClasses.KiteLoginPage.errormsgOfpassword(KiteLoginPage.java:36)
at POMClasses.KiteLoginPage.errormsgOfpassword(KiteLoginPage.java:36)
at POMClasses.KiteLoginPage.errormsgOfpassword(KiteLoginPage.java:36)
at POMClasses.KiteLoginPage.errormsgOfpassword(KiteLoginPage.java:36)
at POMClasses.KiteLoginPage.errormsgOfpassword(KiteLoginPage.java:36)
at POMClasses.KiteLoginPage.errormsgOfpassword(KiteLoginPage.java:36)
at POMClasses.KiteLoginPage.errormsgOfpassword(KiteLoginPage.java:36)
at POMClasses.KiteLoginPage.errormsgOfpassword(KiteLoginPage.java:36)
at POMClasses.KiteLoginPage.errormsgOfpassword(KiteLoginPage.java:36)
at POMClasses.KiteLoginPage.errormsgOfpassword(KiteLoginPage.java:36)
at POMClasses.KiteLoginPage.errormsgOfpassword(KiteLoginPage.java:36)
at POMClasses.KiteLoginPage.errormsgOfpassword(KiteLoginPage.java:36)
at POMClasses.KiteLoginPage.errormsgOfpassword(KiteLoginPage.java:36)
at POMClasses.KiteLoginPage.errormsgOfpassword(KiteLoginPage.java:36)
at POMClasses.KiteLoginPage.errormsgOfpassword(KiteLoginPage.java:36)
at POMClasses.KiteLoginPage.errormsgOfpassword(KiteLoginPage.java:36)
at POMClasses.KiteLoginPage.errormsgOfpassword(KiteLoginPage.java:36)
at POMClasses.KiteLoginPage.errormsgOfpassword(KiteLoginPage.java:36)
at POMClasses.KiteLoginPage.errormsgOfpassword(KiteLoginPage.java:36)
at POMClasses.KiteLoginPage.errormsgOfpassword(KiteLoginPage.java:36)
at POMClasses.KiteLoginPage.errormsgOfpassword(KiteLoginPage.java:36)
at POMClasses.KiteLoginPage.errormsgOfpassword(KiteLoginPage.java:36)
at POMClasses.KiteLoginPage.errormsgOfpassword(KiteLoginPage.java:36)
at POMClasses.KiteLoginPage.errormsgOfpassword(KiteLoginPage.java:36)
at POMClasses.KiteLoginPage.errormsgOfpassword(KiteLoginPage.java:36)
at POMClasses.KiteLoginPage.errormsgOfpassword(KiteLoginPage.java:36)
at POMClasses.KiteLoginPage.errormsgOfpassword(KiteLoginPage.java:36)
at POMClasses.KiteLoginPage.errormsgOfpassword(KiteLoginPage.java:36)
at POMClasses.KiteLoginPage.errormsgOfpassword(KiteLoginPage.java:36)
at POMClasses.KiteLoginPage.errormsgOfpassword(KiteLoginPage.java:36)
at POMClasses.KiteLoginPage.errormsgOfpassword(KiteLoginPage.java:36)
at POMClasses.KiteLoginPage.errormsgOfpassword(KiteLoginPage.java:36)
at POMClasses.KiteLoginPage.errormsgOfpassword(KiteLoginPage.java:36)
at POMClasses.KiteLoginPage.errormsgOfpassword(KiteLoginPage.java:36)
at POMClasses.KiteLoginPage.errormsgOfpassword(KiteLoginPage.java:36)
at POMClasses.KiteLoginPage.errormsgOfpassword(KiteLoginPage.java:36)
at POMClasses.KiteLoginPage.errormsgOfpassword(KiteLoginPage.java:36)
at POMClasses.KiteLoginPage.errormsgOfpassword(KiteLoginPage.java:36)
at POMClasses.KiteLoginPage.errormsgOfpassword(KiteLoginPage.java:36)
at POMClasses.KiteLoginPage.errormsgOfpassword(KiteLoginPage.java:36)
at POMClasses.KiteLoginPage.errormsgOfpassword(KiteLoginPage.java:36)
at POMClasses.KiteLoginPage.errormsgOfpassword(KiteLoginPage.java:36)
at POMClasses.KiteLoginPage.errormsgOfpassword(KiteLoginPage.java:36)
at POMClasses.KiteLoginPage.errormsgOfpassword(KiteLoginPage.java:36)
at POMClasses.KiteLoginPage.errormsgOfpassword(KiteLoginPage.java:36)
at POMClasses.KiteLoginPage.errormsgOfpassword(KiteLoginPage.java:36)
at POMClasses.KiteLoginPage.errormsgOfpassword(KiteLoginPage.java:36)
at POMClasses.KiteLoginPage.errormsgOfpassword(KiteLoginPage.java:36)
at POMClasses.KiteLoginPage.errormsgOfpassword(KiteLoginPage.java:36)
at POMClasses.KiteLoginPage.errormsgOfpassword(KiteLoginPage.java:36)
at POMClasses.KiteLoginPage.errormsgOfpassword(KiteLoginPage.java:36)
at POMClasses.KiteLoginPage.errormsgOfpassword(KiteLoginPage.java:36)
at POMClasses.KiteLoginPage.errormsgOfpassword(KiteLoginPage.java:36)
at POMClasses.KiteLoginPage.errormsgOfpassword(KiteLoginPage.java:36)
at POMClasses.KiteLoginPage.errormsgOfpassword(KiteLoginPage.java:36)
at POMClasses.KiteLoginPage.errormsgOfpassword(KiteLoginPage.java:36)
at POMClasses.KiteLoginPage.errormsgOfpassword(KiteLoginPage.java:36)
at POMClasses.KiteLoginPage.errormsgOfpassword(KiteLoginPage.java:36)
at POMClasses.KiteLoginPage.errormsgOfpassword(KiteLoginPage.java:36)
at POMClasses.KiteLoginPage.errormsgOfpassword(KiteLoginPage.java:36)
at POMClasses.KiteLoginPage.errormsgOfpassword(KiteLoginPage.java:36)
at POMClasses.KiteLoginPage.errormsgOfpassword(KiteLoginPage.java:36)
at POMClasses.KiteLoginPage.errormsgOfpassword(KiteLoginPage.java:36)
at POMClasses.KiteLoginPage.errormsgOfpassword(KiteLoginPage.java:36)
at POMClasses.KiteLoginPage.errormsgOfpassword(KiteLoginPage.java:36)
at POMClasses.KiteLoginPage.errormsgOfpassword(KiteLoginPage.java:36)
at POMClasses.KiteLoginPage.errormsgOfpassword(KiteLoginPage.java:36)
at POMClasses.KiteLoginPage.errormsgOfpassword(KiteLoginPage.java:36)
at POMClasses.KiteLoginPage.errormsgOfpassword(KiteLoginPage.java:36)
at POMClasses.KiteLoginPage.errormsgOfpassword(KiteLoginPage.java:36)
at POMClasses.KiteLoginPage.errormsgOfpassword(KiteLoginPage.java:36)
at POMClasses.KiteLoginPage.errormsgOfpassword(KiteLoginPage.java:36)
at POMClasses.KiteLoginPage.errormsgOfpassword(KiteLoginPage.java:36)
at POMClasses.KiteLoginPage.errormsgOfpassword(KiteLoginPage.java:36)
at POMClasses.KiteLoginPage.errormsgOfpassword(KiteLoginPage.java:36)
at POMClasses.KiteLoginPage.errormsgOfpassword(KiteLoginPage.java:36)
at POMClasses.KiteLoginPage.errormsgOfpassword(KiteLoginPage.java:36)
at POMClasses.KiteLoginPage.errormsgOfpassword(KiteLoginPage.java:36)
at POMClasses.KiteLoginPage.errormsgOfpassword(KiteLoginPage.java:36)
at POMClasses.KiteLoginPage.errormsgOfpassword(KiteLoginPage.java:36)
at POMClasses.KiteLoginPage.errormsgOfpassword(KiteLoginPage.java:36)
at POMClasses.KiteLoginPage.errormsgOfpassword(KiteLoginPage.java:36)
at POMClasses.KiteLoginPage.errormsgOfpassword(KiteLoginPage.java:36)
at POMClasses.KiteLoginPage.errormsgOfpassword(KiteLoginPage.java:36)
at POMClasses.KiteLoginPage.errormsgOfpassword(KiteLoginPage.java:36)
at POMClasses.KiteLoginPage.errormsgOfpassword(KiteLoginPage.java:36)
at POMClasses.KiteLoginPage.errormsgOfpassword(KiteLoginPage.java:36)
at POMClasses.KiteLoginPage.errormsgOfpassword(KiteLoginPage.java:36)
at POMClasses.KiteLoginPage.errormsgOfpassword(KiteLoginPage.java:36)
at POMClasses.KiteLoginPage.errormsgOfpassword(KiteLoginPage.java:36)
at POMClasses.KiteLoginPage.errormsgOfpassword(KiteLoginPage.java:36)
at POMClasses.KiteLoginPage.errormsgOfpassword(KiteLoginPage.java:36)
at POMClasses.KiteLoginPage.errormsgOfpassword(KiteLoginPage.java:36)
at POMClasses.KiteLoginPage.errormsgOfpassword(KiteLoginPage.java:36)
at POMClasses.KiteLoginPage.errormsgOfpassword(KiteLoginPage.java:36)
at POMClasses.KiteLoginPage.errormsgOfpassword(KiteLoginPage.java:36)
at POMClasses.KiteLoginPage.errormsgOfpassword(KiteLoginPage.java:36)
at POMClasses.KiteLoginPage.errormsgOfpassword(KiteLoginPage.java:36)
at POMClasses.KiteLoginPage.errormsgOfpassword(KiteLoginPage.java:36)
at POMClasses.KiteLoginPage.errormsgOfpassword(KiteLoginPage.java:36)
at POMClasses.KiteLoginPage.errormsgOfpassword(KiteLoginPage.java:36)
at POMClasses.KiteLoginPage.errormsgOfpassword(KiteLoginPage.java:36)
at POMClasses.KiteLoginPage.errormsgOfpassword(KiteLoginPage.java:36)
at POMClasses.KiteLoginPage.errormsgOfpassword(KiteLoginPage.java:36)
at POMClasses.KiteLoginPage.errormsgOfpassword(KiteLoginPage.java:36)
at POMClasses.KiteLoginPage.errormsgOfpassword(KiteLoginPage.java:36)
at POMClasses.KiteLoginPage.errormsgOfpassword(KiteLoginPage.java:36)
at POMClasses.KiteLoginPage.errormsgOfpassword(KiteLoginPage.java:36)
at POMClasses.KiteLoginPage.errormsgOfpassword(KiteLoginPage.java:36)
at POMClasses.KiteLoginPage.errormsgOfpassword(KiteLoginPage.java:36)
at POMClasses.KiteLoginPage.errormsgOfpassword(KiteLoginPage.java:36)
at POMClasses.KiteLoginPage.errormsgOfpassword(KiteLoginPage.java:36)
at POMClasses.KiteLoginPage.errormsgOfpassword(KiteLoginPage.java:36)
at POMClasses.KiteLoginPage.errormsgOfpassword(KiteLoginPage.java:36)
at POMClasses.KiteLoginPage.errormsgOfpassword(KiteLoginPage.java:36)
at POMClasses.KiteLoginPage.errormsgOfpassword(KiteLoginPage.java:36)
at POMClasses.KiteLoginPage.errormsgOfpassword(KiteLoginPage.java:36)
at POMClasses.KiteLoginPage.errormsgOfpassword(KiteLoginPage.java:36)
at POMClasses.KiteLoginPage.errormsgOfpassword(KiteLoginPage.java:36)
at POMClasses.KiteLoginPage.errormsgOfpassword(KiteLoginPage.java:36)
at POMClasses.KiteLoginPage.errormsgOfpassword(KiteLoginPage.java:36)
at POMClasses.KiteLoginPage.errormsgOfpassword(KiteLoginPage.java:36)
at POMClasses.KiteLoginPage.errormsgOfpassword(KiteLoginPage.java:36)
at POMClasses.KiteLoginPage.errormsgOfpassword(KiteLoginPage.java:36)
at POMClasses.KiteLoginPage.errormsgOfpassword(KiteLoginPage.java:36)
at POMClasses.KiteLoginPage.errormsgOfpassword(KiteLoginPage.java:36)
at POMClasses.KiteLoginPage.errormsgOfpassword(KiteLoginPage.java:36)
at POMClasses.KiteLoginPage.errormsgOfpassword(KiteLoginPage.java:36)
at POMClasses.KiteLoginPage.errormsgOfpassword(KiteLoginPage.java:36)
at POMClasses.KiteLoginPage.errormsgOfpassword(KiteLoginPage.java:36)
at POMClasses.KiteLoginPage.errormsgOfpassword(KiteLoginPage.java:36)
at POMClasses.KiteLoginPage.errormsgOfpassword(KiteLoginPage.java:36)
at POMClasses.KiteLoginPage.errormsgOfpassword(KiteLoginPage.java:36)
at POMClasses.KiteLoginPage.errormsgOfpassword(KiteLoginPage.java:36)
at POMClasses.KiteLoginPage.errormsgOfpassword(KiteLoginPage.java:36)
at POMClasses.KiteLoginPage.errormsgOfpassword(KiteLoginPage.java:36)
at POMClasses.KiteLoginPage.errormsgOfpassword(KiteLoginPage.java:36)
at POMClasses.KiteLoginPage.errormsgOfpassword(KiteLoginPage.java:36)
at POMClasses.KiteLoginPage.errormsgOfpassword(KiteLoginPage.java:36)
at POMClasses.KiteLoginPage.errormsgOfpassword(KiteLoginPage.java:36)
at POMClasses.KiteLoginPage.errormsgOfpassword(KiteLoginPage.java:36)
at POMClasses.KiteLoginPage.errormsgOfpassword(KiteLoginPage.java:36)
at POMClasses.KiteLoginPage.errormsgOfpassword(KiteLoginPage.java:36)
at POMClasses.KiteLoginPage.errormsgOfpassword(KiteLoginPage.java:36)
at POMClasses.KiteLoginPage.errormsgOfpassword(KiteLoginPage.java:36)
at POMClasses.KiteLoginPage.errormsgOfpassword(KiteLoginPage.java:36)
at POMClasses.KiteLoginPage.errormsgOfpassword(KiteLoginPage.java:36)
at POMClasses.KiteLoginPage.errormsgOfpassword(KiteLoginPage.java:36)
at POMClasses.KiteLoginPage.errormsgOfpassword(KiteLoginPage.java:36)
at POMClasses.KiteLoginPage.errormsgOfpassword(KiteLoginPage.java:36)
at POMClasses.KiteLoginPage.errormsgOfpassword(KiteLoginPage.java:36)
at POMClasses.KiteLoginPage.errormsgOfpassword(KiteLoginPage.java:36)
at POMClasses.KiteLoginPage.errormsgOfpassword(KiteLoginPage.java:36)
at POMClasses.KiteLoginPage.errormsgOfpassword(KiteLoginPage.java:36)
at POMClasses.KiteLoginPage.errormsgOfpassword(KiteLoginPage.java:36)
at POMClasses.KiteLoginPage.errormsgOfpassword(KiteLoginPage.java:36)
at POMClasses.KiteLoginPage.errormsgOfpassword(KiteLoginPage.java:36)
at POMClasses.KiteLoginPage.errormsgOfpassword(KiteLoginPage.java:36)
at POMClasses.KiteLoginPage.errormsgOfpassword(KiteLoginPage.java:36)
at POMClasses.KiteLoginPage.errormsgOfpassword(KiteLoginPage.java:36)
at POMClasses.KiteLoginPage.errormsgOfpassword(KiteLoginPage.java:36)
at POMClasses.KiteLoginPage.errormsgOfpassword(KiteLoginPage.java:36)
at POMClasses.KiteLoginPage.errormsgOfpassword(KiteLoginPage.java:36)
at POMClasses.KiteLoginPage.errormsgOfpassword(KiteLoginPage.java:36)
at POMClasses.KiteLoginPage.errormsgOfpassword(KiteLoginPage.java:36)
at POMClasses.KiteLoginPage.errormsgOfpassword(KiteLoginPage.java:36)
at POMClasses.KiteLoginPage.errormsgOfpassword(KiteLoginPage.java:36)
at POMClasses.KiteLoginPage.errormsgOfpassword(KiteLoginPage.java:36)
at POMClasses.KiteLoginPage.errormsgOfpassword(KiteLoginPage.java:36)
at POMClasses.KiteLoginPage.errormsgOfpassword(KiteLoginPage.java:36)
at POMClasses.KiteLoginPage.errormsgOfpassword(KiteLoginPage.java:36)
at POMClasses.KiteLoginPage.errormsgOfpassword(KiteLoginPage.java:36)
at POMClasses.KiteLoginPage.errormsgOfpassword(KiteLoginPage.java:36)
at POMClasses.KiteLoginPage.errormsgOfpassword(KiteLoginPage.java:36)
at POMClasses.KiteLoginPage.errormsgOfpassword(KiteLoginPage.java:36)
at POMClasses.KiteLoginPage.errormsgOfpassword(KiteLoginPage.java:36)
at POMClasses.KiteLoginPage.errormsgOfpassword(KiteLoginPage.java:36)
at POMClasses.KiteLoginPage.errormsgOfpassword(KiteLoginPage.java:36)
at POMClasses.KiteLoginPage.errormsgOfpassword(KiteLoginPage.java:36)
at POMClasses.KiteLoginPage.errormsgOfpassword(KiteLoginPage.java:36)
at POMClasses.KiteLoginPage.errormsgOfpassword(KiteLoginPage.java:36)
at POMClasses.KiteLoginPage.errormsgOfpassword(KiteLoginPage.java:36)
at POMClasses.KiteLoginPage.errormsgOfpassword(KiteLoginPage.java:36)
at POMClasses.KiteLoginPage.errormsgOfpassword(KiteLoginPage.java:36)
at POMClasses.KiteLoginPage.errormsgOfpassword(KiteLoginPage.java:36)
at POMClasses.KiteLoginPage.errormsgOfpassword(KiteLoginPage.java:36)
at POMClasses.KiteLoginPage.errormsgOfpassword(KiteLoginPage.java:36)
at POMClasses.KiteLoginPage.errormsgOfpassword(KiteLoginPage.java:36)
at POMClasses.KiteLoginPage.errormsgOfpassword(KiteLoginPage.java:36)
at POMClasses.KiteLoginPage.errormsgOfpassword(KiteLoginPage.java:36)
at POMClasses.KiteLoginPage.errormsgOfpassword(KiteLoginPage.java:36)
at POMClasses.KiteLoginPage.errormsgOfpassword(KiteLoginPage.java:36)
at POMClasses.KiteLoginPage.errormsgOfpassword(KiteLoginPage.java:36)
at POMClasses.KiteLoginPage.errormsgOfpassword(KiteLoginPage.java:36)
at POMClasses.KiteLoginPage.errormsgOfpassword(KiteLoginPage.java:36)
at POMClasses.KiteLoginPage.errormsgOfpassword(KiteLoginPage.java:36)
at POMClasses.KiteLoginPage.errormsgOfpassword(KiteLoginPage.java:36)
at POMClasses.KiteLoginPage.errormsgOfpassword(KiteLoginPage.java:36)
at POMClasses.KiteLoginPage.errormsgOfpassword(KiteLoginPage.java:36)
at POMClasses.KiteLoginPage.errormsgOfpassword(KiteLoginPage.java:36)
at POMClasses.KiteLoginPage.errormsgOfpassword(KiteLoginPage.java:36)
at POMClasses.KiteLoginPage.errormsgOfpassword(KiteLoginPage.java:36)
at POMClasses.KiteLoginPage.errormsgOfpassword(KiteLoginPage.java:36)
at POMClasses.KiteLoginPage.errormsgOfpassword(KiteLoginPage.java:36)
at POMClasses.KiteLoginPage.errormsgOfpassword(KiteLoginPage.java:36)
at POMClasses.KiteLoginPage.errormsgOfpassword(KiteLoginPage.java:36)
at POMClasses.KiteLoginPage.errormsgOfpassword(KiteLoginPage.java:36)
at POMClasses.KiteLoginPage.errormsgOfpassword(KiteLoginPage.java:36)
at POMClasses.KiteLoginPage.errormsgOfpassword(KiteLoginPage.java:36)
at POMClasses.KiteLoginPage.errormsgOfpassword(KiteLoginPage.java:36)
at POMClasses.KiteLoginPage.errormsgOfpassword(KiteLoginPage.java:36)
at POMClasses.KiteLoginPage.errormsgOfpassword(KiteLoginPage.java:36)
at POMClasses.KiteLoginPage.errormsgOfpassword(KiteLoginPage.java:36)
at POMClasses.KiteLoginPage.errormsgOfpassword(KiteLoginPage.java:36)
at POMClasses.KiteLoginPage.errormsgOfpassword(KiteLoginPage.java:36)
at POMClasses.KiteLoginPage.errormsgOfpassword(KiteLoginPage.java:36)
at POMClasses.KiteLoginPage.errormsgOfpassword(KiteLoginPage.java:36)
at POMClasses.KiteLoginPage.errormsgOfpassword(KiteLoginPage.java:36)
at POMClasses.KiteLoginPage.errormsgOfpassword(KiteLoginPage.java:36)
at POMClasses.KiteLoginPage.errormsgOfpassword(KiteLoginPage.java:36)
at POMClasses.KiteLoginPage.errormsgOfpassword(KiteLoginPage.java:36)
at POMClasses.KiteLoginPage.errormsgOfpassword(KiteLoginPage.java:36)
at POMClasses.KiteLoginPage.errormsgOfpassword(KiteLoginPage.java:36)
at POMClasses.KiteLoginPage.errormsgOfpassword(KiteLoginPage.java:36)
at POMClasses.KiteLoginPage.errormsgOfpassword(KiteLoginPage.java:36)
at POMClasses.KiteLoginPage.errormsgOfpassword(KiteLoginPage.java:36)
at POMClasses.KiteLoginPage.errormsgOfpassword(KiteLoginPage.java:36)
at POMClasses.KiteLoginPage.errormsgOfpassword(KiteLoginPage.java:36)
at POMClasses.KiteLoginPage.errormsgOfpassword(KiteLoginPage.java:36)
at POMClasses.KiteLoginPage.errormsgOfpassword(KiteLoginPage.java:36)
at POMClasses.KiteLoginPage.errormsgOfpassword(KiteLoginPage.java:36)
at POMClasses.KiteLoginPage.errormsgOfpassword(KiteLoginPage.java:36)
at POMClasses.KiteLoginPage.errormsgOfpassword(KiteLoginPage.java:36)
at POMClasses.KiteLoginPage.errormsgOfpassword(KiteLoginPage.java:36)
at POMClasses.KiteLoginPage.errormsgOfpassword(KiteLoginPage.java:36)
at POMClasses.KiteLoginPage.errormsgOfpassword(KiteLoginPage.java:36)
at POMClasses.KiteLoginPage.errormsgOfpassword(KiteLoginPage.java:36)
at POMClasses.KiteLoginPage.errormsgOfpassword(KiteLoginPage.java:36)
at POMClasses.KiteLoginPage.errormsgOfpassword(KiteLoginPage.java:36)
at POMClasses.KiteLoginPage.errormsgOfpassword(KiteLoginPage.java:36)
at POMClasses.KiteLoginPage.errormsgOfpassword(KiteLoginPage.java:36)
at POMClasses.KiteLoginPage.errormsgOfpassword(KiteLoginPage.java:36)
at POMClasses.KiteLoginPage.errormsgOfpassword(KiteLoginPage.java:36)
at POMClasses.KiteLoginPage.errormsgOfpassword(KiteLoginPage.java:36)
at POMClasses.KiteLoginPage.errormsgOfpassword(KiteLoginPage.java:36)
at POMClasses.KiteLoginPage.errormsgOfpassword(KiteLoginPage.java:36)
at POMClasses.KiteLoginPage.errormsgOfpassword(KiteLoginPage.java:36)
at POMClasses.KiteLoginPage.errormsgOfpassword(KiteLoginPage.java:36)
at POMClasses.KiteLoginPage.errormsgOfpassword(KiteLoginPage.java:36)
at POMClasses.KiteLoginPage.errormsgOfpassword(KiteLoginPage.java:36)
at POMClasses.KiteLoginPage.errormsgOfpassword(KiteLoginPage.java:36)
at POMClasses.KiteLoginPage.errormsgOfpassword(KiteLoginPage.java:36)
at POMClasses.KiteLoginPage.errormsgOfpassword(KiteLoginPage.java:36)
at POMClasses.KiteLoginPage.errormsgOfpassword(KiteLoginPage.java:36)
at POMClasses.KiteLoginPage.errormsgOfpassword(KiteLoginPage.java:36)
at POMClasses.KiteLoginPage.errormsgOfpassword(KiteLoginPage.java:36)
at POMClasses.KiteLoginPage.errormsgOfpassword(KiteLoginPage.java:36)
at POMClasses.KiteLoginPage.errormsgOfpassword(KiteLoginPage.java:36)
at POMClasses.KiteLoginPage.errormsgOfpassword(KiteLoginPage.java:36)
at POMClasses.KiteLoginPage.errormsgOfpassword(KiteLoginPage.java:36)
at POMClasses.KiteLoginPage.errormsgOfpassword(KiteLoginPage.java:36)
at POMClasses.KiteLoginPage.errormsgOfpassword(KiteLoginPage.java:36)
at POMClasses.KiteLoginPage.errormsgOfpassword(KiteLoginPage.java:36)
at POMClasses.KiteLoginPage.errormsgOfpassword(KiteLoginPage.java:36)
at POMClasses.KiteLoginPage.errormsgOfpassword(KiteLoginPage.java:36)
at POMClasses.KiteLoginPage.errormsgOfpassword(KiteLoginPage.java:36)
at POMClasses.KiteLoginPage.errormsgOfpassword(KiteLoginPage.java:36)
at POMClasses.KiteLoginPage.errormsgOfpassword(KiteLoginPage.java:36)
at POMClasses.KiteLoginPage.errormsgOfpassword(KiteLoginPage.java:36)
at POMClasses.KiteLoginPage.errormsgOfpassword(KiteLoginPage.java:36)
at POMClasses.KiteLoginPage.errormsgOfpassword(KiteLoginPage.java:36)
at POMClasses.KiteLoginPage.errormsgOfpassword(KiteLoginPage.java:36)
at POMClasses.KiteLoginPage.errormsgOfpassword(KiteLoginPage.java:36)
at POMClasses.KiteLoginPage.errormsgOfpassword(KiteLoginPage.java:36)
at POMClasses.KiteLoginPage.errormsgOfpassword(KiteLoginPage.java:36)
at POMClasses.KiteLoginPage.errormsgOfpassword(KiteLoginPage.java:36)
at POMClasses.KiteLoginPage.errormsgOfpassword(KiteLoginPage.java:36)
at POMClasses.KiteLoginPage.errormsgOfpassword(KiteLoginPage.java:36)
at POMClasses.KiteLoginPage.errormsgOfpassword(KiteLoginPage.java:36)
at POMClasses.KiteLoginPage.errormsgOfpassword(KiteLoginPage.java:36)
at POMClasses.KiteLoginPage.errormsgOfpassword(KiteLoginPage.java:36)
at POMClasses.KiteLoginPage.errormsgOfpassword(KiteLoginPage.java:36)
at POMClasses.KiteLoginPage.errormsgOfpassword(KiteLoginPage.java:36)
at POMClasses.KiteLoginPage.errormsgOfpassword(KiteLoginPage.java:36)
at POMClasses.KiteLoginPage.errormsgOfpassword(KiteLoginPage.java:36)
at POMClasses.KiteLoginPage.errormsgOfpassword(KiteLoginPage.java:36)
at POMClasses.KiteLoginPage.errormsgOfpassword(KiteLoginPage.java:36)
at POMClasses.KiteLoginPage.errormsgOfpassword(KiteLoginPage.java:36)
at POMClasses.KiteLoginPage.errormsgOfpassword(KiteLoginPage.java:36)
at POMClasses.KiteLoginPage.errormsgOfpassword(KiteLoginPage.java:36)
at POMClasses.KiteLoginPage.errormsgOfpassword(KiteLoginPage.java:36)
at POMClasses.KiteLoginPage.errormsgOfpassword(KiteLoginPage.java:36)
at POMClasses.KiteLoginPage.errormsgOfpassword(KiteLoginPage.java:36)
at POMClasses.KiteLoginPage.errormsgOfpassword(KiteLoginPage.java:36)
at POMClasses.KiteLoginPage.errormsgOfpassword(KiteLoginPage.java:36)
at POMClasses.KiteLoginPage.errormsgOfpassword(KiteLoginPage.java:36)
at POMClasses.KiteLoginPage.errormsgOfpassword(KiteLoginPage.java:36)
at POMClasses.KiteLoginPage.errormsgOfpassword(KiteLoginPage.java:36)
at POMClasses.KiteLoginPage.errormsgOfpassword(KiteLoginPage.java:36)
at POMClasses.KiteLoginPage.errormsgOfpassword(KiteLoginPage.java:36)
at POMClasses.KiteLoginPage.errormsgOfpassword(KiteLoginPage.java:36)
at POMClasses.KiteLoginPage.errormsgOfpassword(KiteLoginPage.java:36)
at POMClasses.KiteLoginPage.errormsgOfpassword(KiteLoginPage.java:36)
at POMClasses.KiteLoginPage.errormsgOfpassword(KiteLoginPage.java:36)
at POMClasses.KiteLoginPage.errormsgOfpassword(KiteLoginPage.java:36)
at POMClasses.KiteLoginPage.errormsgOfpassword(KiteLoginPage.java:36)
at POMClasses.KiteLoginPage.errormsgOfpassword(KiteLoginPage.java:36)
at POMClasses.KiteLoginPage.errormsgOfpassword(KiteLoginPage.java:36)
at POMClasses.KiteLoginPage.errormsgOfpassword(KiteLoginPage.java:36)
at POMClasses.KiteLoginPage.errormsgOfpassword(KiteLoginPage.java:36)
at POMClasses.KiteLoginPage.errormsgOfpassword(KiteLoginPage.java:36)
at POMClasses.KiteLoginPage.errormsgOfpassword(KiteLoginPage.java:36)
at POMClasses.KiteLoginPage.errormsgOfpassword(KiteLoginPage.java:36)
at POMClasses.KiteLoginPage.errormsgOfpassword(KiteLoginPage.java:36)
at POMClasses.KiteLoginPage.errormsgOfpassword(KiteLoginPage.java:36)
at POMClasses.KiteLoginPage.errormsgOfpassword(KiteLoginPage.java:36)
at POMClasses.KiteLoginPage.errormsgOfpassword(KiteLoginPage.java:36)
at POMClasses.KiteLoginPage.errormsgOfpassword(KiteLoginPage.java:36)
at POMClasses.KiteLoginPage.errormsgOfpassword(KiteLoginPage.java:36)
at POMClasses.KiteLoginPage.errormsgOfpassword(KiteLoginPage.java:36)
at POMClasses.KiteLoginPage.errormsgOfpassword(KiteLoginPage.java:36)
at POMClasses.KiteLoginPage.errormsgOfpassword(KiteLoginPage.java:36)
at POMClasses.KiteLoginPage.errormsgOfpassword(KiteLoginPage.java:36)
at POMClasses.KiteLoginPage.errormsgOfpassword(KiteLoginPage.java:36)
at POMClasses.KiteLoginPage.errormsgOfpassword(KiteLoginPage.java:36)
at POMClasses.KiteLoginPage.errormsgOfpassword(KiteLoginPage.java:36)
at POMClasses.KiteLoginPage.errormsgOfpassword(KiteLoginPage.java:36)
at POMClasses.KiteLoginPage.errormsgOfpassword(KiteLoginPage.java:36)
at POMClasses.KiteLoginPage.errormsgOfpassword(KiteLoginPage.java:36)
at POMClasses.KiteLoginPage.errormsgOfpassword(KiteLoginPage.java:36)
at POMClasses.KiteLoginPage.errormsgOfpassword(KiteLoginPage.java:36)
at POMClasses.KiteLoginPage.errormsgOfpassword(KiteLoginPage.java:36)
at POMClasses.KiteLoginPage.errormsgOfpassword(KiteLoginPage.java:36)
at POMClasses.KiteLoginPage.errormsgOfpassword(KiteLoginPage.java:36)
at POMClasses.KiteLoginPage.errormsgOfpassword(KiteLoginPage.java:36)
at POMClasses.KiteLoginPage.errormsgOfpassword(KiteLoginPage.java:36)
at POMClasses.KiteLoginPage.errormsgOfpassword(KiteLoginPage.java:36)
at POMClasses.KiteLoginPage.errormsgOfpassword(KiteLoginPage.java:36)
at POMClasses.KiteLoginPage.errormsgOfpassword(KiteLoginPage.java:36)
at POMClasses.KiteLoginPage.errormsgOfpassword(KiteLoginPage.java:36)
at POMClasses.KiteLoginPage.errormsgOfpassword(KiteLoginPage.java:36)
at POMClasses.KiteLoginPage.errormsgOfpassword(KiteLoginPage.java:36)
at POMClasses.KiteLoginPage.errormsgOfpassword(KiteLoginPage.java:36)
at POMClasses.KiteLoginPage.errormsgOfpassword(KiteLoginPage.java:36)
at POMClasses.KiteLoginPage.errormsgOfpassword(KiteLoginPage.java:36)
at POMClasses.KiteLoginPage.errormsgOfpassword(KiteLoginPage.java:36)
at POMClasses.KiteLoginPage.errormsgOfpassword(KiteLoginPage.java:36)
at POMClasses.KiteLoginPage.errormsgOfpassword(KiteLoginPage.java:36)
at POMClasses.KiteLoginPage.errormsgOfpassword(KiteLoginPage.java:36)
at POMClasses.KiteLoginPage.errormsgOfpassword(KiteLoginPage.java:36)
at POMClasses.KiteLoginPage.errormsgOfpassword(KiteLoginPage.java:36)
at POMClasses.KiteLoginPage.errormsgOfpassword(KiteLoginPage.java:36)
at POMClasses.KiteLoginPage.errormsgOfpassword(KiteLoginPage.java:36)
at POMClasses.KiteLoginPage.errormsgOfpassword(KiteLoginPage.java:36)
at POMClasses.KiteLoginPage.errormsgOfpassword(KiteLoginPage.java:36)
at POMClasses.KiteLoginPage.errormsgOfpassword(KiteLoginPage.java:36)
at POMClasses.KiteLoginPage.errormsgOfpassword(KiteLoginPage.java:36)
at POMClasses.KiteLoginPage.errormsgOfpassword(KiteLoginPage.java:36)
at POMClasses.KiteLoginPage.errormsgOfpassword(KiteLoginPage.java:36)
at POMClasses.KiteLoginPage.errormsgOfpassword(KiteLoginPage.java:36)
at POMClasses.KiteLoginPage.errormsgOfpassword(KiteLoginPage.java:36)
at POMClasses.KiteLoginPage.errormsgOfpassword(KiteLoginPage.java:36)
at POMClasses.KiteLoginPage.errormsgOfpassword(KiteLoginPage.java:36)
at POMClasses.KiteLoginPage.errormsgOfpassword(KiteLoginPage.java:36)
at POMClasses.KiteLoginPage.errormsgOfpassword(KiteLoginPage.java:36)
at POMClasses.KiteLoginPage.errormsgOfpassword(KiteLoginPage.java:36)
at POMClasses.KiteLoginPage.errormsgOfpassword(KiteLoginPage.java:36)
at POMClasses.KiteLoginPage.errormsgOfpassword(KiteLoginPage.java:36)
at POMClasses.KiteLoginPage.errormsgOfpassword(KiteLoginPage.java:36)
at POMClasses.KiteLoginPage.errormsgOfpassword(KiteLoginPage.java:36)
at POMClasses.KiteLoginPage.errormsgOfpassword(KiteLoginPage.java:36)
at POMClasses.KiteLoginPage.errormsgOfpassword(KiteLoginPage.java:36)
at POMClasses.KiteLoginPage.errormsgOfpassword(KiteLoginPage.java:36)
at POMClasses.KiteLoginPage.errormsgOfpassword(KiteLoginPage.java:36)
at POMClasses.KiteLoginPage.errormsgOfpassword(KiteLoginPage.java:36)
at POMClasses.KiteLoginPage.errormsgOfpassword(KiteLoginPage.java:36)
at POMClasses.KiteLoginPage.errormsgOfpassword(KiteLoginPage.java:36)
at POMClasses.KiteLoginPage.errormsgOfpassword(KiteLoginPage.java:36)
at POMClasses.KiteLoginPage.errormsgOfpassword(KiteLoginPage.java:36)
at POMClasses.KiteLoginPage.errormsgOfpassword(KiteLoginPage.java:36)
at POMClasses.KiteLoginPage.errormsgOfpassword(KiteLoginPage.java:36)
at POMClasses.KiteLoginPage.errormsgOfpassword(KiteLoginPage.java:36)
at POMClasses.KiteLoginPage.errormsgOfpassword(KiteLoginPage.java:36)
at POMClasses.KiteLoginPage.errormsgOfpassword(KiteLoginPage.java:36)
at POMClasses.KiteLoginPage.errormsgOfpassword(KiteLoginPage.java:36)
at POMClasses.KiteLoginPage.errormsgOfpassword(KiteLoginPage.java:36)
at POMClasses.KiteLoginPage.errormsgOfpassword(KiteLoginPage.java:36)
at POMClasses.KiteLoginPage.errormsgOfpassword(KiteLoginPage.java:36)
at POMClasses.KiteLoginPage.errormsgOfpassword(KiteLoginPage.java:36)
at POMClasses.KiteLoginPage.errormsgOfpassword(KiteLoginPage.java:36)
at POMClasses.KiteLoginPage.errormsgOfpassword(KiteLoginPage.java:36)
at POMClasses.KiteLoginPage.errormsgOfpassword(KiteLoginPage.java:36)
at POMClasses.KiteLoginPage.errormsgOfpassword(KiteLoginPage.java:36)
at POMClasses.KiteLoginPage.errormsgOfpassword(KiteLoginPage.java:36)
at POMClasses.KiteLoginPage.errormsgOfpassword(KiteLoginPage.java:36)
at POMClasses.KiteLoginPage.errormsgOfpassword(KiteLoginPage.java:36)
at POMClasses.KiteLoginPage.errormsgOfpassword(KiteLoginPage.java:36)
at POMClasses.KiteLoginPage.errormsgOfpassword(KiteLoginPage.java:36)
at POMClasses.KiteLoginPage.errormsgOfpassword(KiteLoginPage.java:36)
at POMClasses.KiteLoginPage.errormsgOfpassword(KiteLoginPage.java:36)
at POMClasses.KiteLoginPage.errormsgOfpassword(KiteLoginPage.java:36)
at POMClasses.KiteLoginPage.errormsgOfpassword(KiteLoginPage.java:36)
at POMClasses.KiteLoginPage.errormsgOfpassword(KiteLoginPage.java:36)
at POMClasses.KiteLoginPage.errormsgOfpassword(KiteLoginPage.java:36)
at POMClasses.KiteLoginPage.errormsgOfpassword(KiteLoginPage.java:36)
at POMClasses.KiteLoginPage.errormsgOfpassword(KiteLoginPage.java:36)
at POMClasses.KiteLoginPage.errormsgOfpassword(KiteLoginPage.java:36)
at POMClasses.KiteLoginPage.errormsgOfpassword(KiteLoginPage.java:36)
at POMClasses.KiteLoginPage.errormsgOfpassword(KiteLoginPage.java:36)
at POMClasses.KiteLoginPage.errormsgOfpassword(KiteLoginPage.java:36)
at POMClasses.KiteLoginPage.errormsgOfpassword(KiteLoginPage.java:36)
at POMClasses.KiteLoginPage.errormsgOfpassword(KiteLoginPage.java:36)
at POMClasses.KiteLoginPage.errormsgOfpassword(KiteLoginPage.java:36)
at POMClasses.KiteLoginPage.errormsgOfpassword(KiteLoginPage.java:36)
at POMClasses.KiteLoginPage.errormsgOfpassword(KiteLoginPage.java:36)
at POMClasses.KiteLoginPage.errormsgOfpassword(KiteLoginPage.java:36)
at POMClasses.KiteLoginPage.errormsgOfpassword(KiteLoginPage.java:36)
at POMClasses.KiteLoginPage.errormsgOfpassword(KiteLoginPage.java:36)
at POMClasses.KiteLoginPage.errormsgOfpassword(KiteLoginPage.java:36)
at POMClasses.KiteLoginPage.errormsgOfpassword(KiteLoginPage.java:36)
at POMClasses.KiteLoginPage.errormsgOfpassword(KiteLoginPage.java:36)
at POMClasses.KiteLoginPage.errormsgOfpassword(KiteLoginPage.java:36)
at POMClasses.KiteLoginPage.errormsgOfpassword(KiteLoginPage.java:36)
at POMClasses.KiteLoginPage.errormsgOfpassword(KiteLoginPage.java:36)
at POMClasses.KiteLoginPage.errormsgOfpassword(KiteLoginPage.java:36)
at POMClasses.KiteLoginPage.errormsgOfpassword(KiteLoginPage.java:36)
at POMClasses.KiteLoginPage.errormsgOfpassword(KiteLoginPage.java:36)
at POMClasses.KiteLoginPage.errormsgOfpassword(KiteLoginPage.java:36)
at POMClasses.KiteLoginPage.errormsgOfpassword(KiteLoginPage.java:36)
at POMClasses.KiteLoginPage.errormsgOfpassword(KiteLoginPage.java:36)
at POMClasses.KiteLoginPage.errormsgOfpassword(KiteLoginPage.java:36)
at POMClasses.KiteLoginPage.errormsgOfpassword(KiteLoginPage.java:36)
at POMClasses.KiteLoginPage.errormsgOfpassword(KiteLoginPage.java:36)
at POMClasses.KiteLoginPage.errormsgOfpassword(KiteLoginPage.java:36)
at POMClasses.KiteLoginPage.errormsgOfpassword(KiteLoginPage.java:36)
at POMClasses.KiteLoginPage.errormsgOfpassword(KiteLoginPage.java:36)
at POMClasses.KiteLoginPage.errormsgOfpassword(KiteLoginPage.java:36)
at POMClasses.KiteLoginPage.errormsgOfpassword(KiteLoginPage.java:36)
at POMClasses.KiteLoginPage.errormsgOfpassword(KiteLoginPage.java:36)
at POMClasses.KiteLoginPage.errormsgOfpassword(KiteLoginPage.java:36)
at POMClasses.KiteLoginPage.errormsgOfpassword(KiteLoginPage.java:36)
at POMClasses.KiteLoginPage.errormsgOfpassword(KiteLoginPage.java:36)
at POMClasses.KiteLoginPage.errormsgOfpassword(KiteLoginPage.java:36)
at POMClasses.KiteLoginPage.errormsgOfpassword(KiteLoginPage.java:36)
at POMClasses.KiteLoginPage.errormsgOfpassword(KiteLoginPage.java:36)
at POMClasses.KiteLoginPage.errormsgOfpassword(KiteLoginPage.java:36)
at POMClasses.KiteLoginPage.errormsgOfpassword(KiteLoginPage.java:36)
at POMClasses.KiteLoginPage.errormsgOfpassword(KiteLoginPage.java:36)
at POMClasses.KiteLoginPage.errormsgOfpassword(KiteLoginPage.java:36)
at POMClasses.KiteLoginPage.errormsgOfpassword(KiteLoginPage.java:36)
at POMClasses.KiteLoginPage.errormsgOfpassword(KiteLoginPage.java:36)
at POMClasses.KiteLoginPage.errormsgOfpassword(KiteLoginPage.java:36)
at POMClasses.KiteLoginPage.errormsgOfpassword(KiteLoginPage.java:36)
at POMClasses.KiteLoginPage.errormsgOfpassword(KiteLoginPage.java:36)
at POMClasses.KiteLoginPage.errormsgOfpassword(KiteLoginPage.java:36)
at POMClasses.KiteLoginPage.errormsgOfpassword(KiteLoginPage.java:36)
at POMClasses.KiteLoginPage.errormsgOfpassword(KiteLoginPage.java:36)
at POMClasses.KiteLoginPage.errormsgOfpassword(KiteLoginPage.java:36)
at POMClasses.KiteLoginPage.errormsgOfpassword(KiteLoginPage.java:36)
at POMClasses.KiteLoginPage.errormsgOfpassword(KiteLoginPage.java:36)
at POMClasses.KiteLoginPage.errormsgOfpassword(KiteLoginPage.java:36)
at POMClasses.KiteLoginPage.errormsgOfpassword(KiteLoginPage.java:36)
at POMClasses.KiteLoginPage.errormsgOfpassword(KiteLoginPage.java:36)
at POMClasses.KiteLoginPage.errormsgOfpassword(KiteLoginPage.java:36)
at POMClasses.KiteLoginPage.errormsgOfpassword(KiteLoginPage.java:36)
at POMClasses.KiteLoginPage.errormsgOfpassword(KiteLoginPage.java:36)
at POMClasses.KiteLoginPage.errormsgOfpassword(KiteLoginPage.java:36)
at POMClasses.KiteLoginPage.errormsgOfpassword(KiteLoginPage.java:36)
at POMClasses.KiteLoginPage.errormsgOfpassword(KiteLoginPage.java:36)
at POMClasses.KiteLoginPage.errormsgOfpassword(KiteLoginPage.java:36)
at POMClasses.KiteLoginPage.errormsgOfpassword(KiteLoginPage.java:36)
at POMClasses.KiteLoginPage.errormsgOfpassword(KiteLoginPage.java:36)
at POMClasses.KiteLoginPage.errormsgOfpassword(KiteLoginPage.java:36)
at POMClasses.KiteLoginPage.errormsgOfpassword(KiteLoginPage.java:36)
at POMClasses.KiteLoginPage.errormsgOfpassword(KiteLoginPage.java:36)
at POMClasses.KiteLoginPage.errormsgOfpassword(KiteLoginPage.java:36)
at POMClasses.KiteLoginPage.errormsgOfpassword(KiteLoginPage.java:36)
at POMClasses.KiteLoginPage.errormsgOfpassword(KiteLoginPage.java:36)
at POMClasses.KiteLoginPage.errormsgOfpassword(KiteLoginPage.java:36)
at POMClasses.KiteLoginPage.errormsgOfpassword(KiteLoginPage.java:36)
at POMClasses.KiteLoginPage.errormsgOfpassword(KiteLoginPage.java:36)
at POMClasses.KiteLoginPage.errormsgOfpassword(KiteLoginPage.java:36)
at POMClasses.KiteLoginPage.errormsgOfpassword(KiteLoginPage.java:36)
at POMClasses.KiteLoginPage.errormsgOfpassword(KiteLoginPage.java:36)
at POMClasses.KiteLoginPage.errormsgOfpassword(KiteLoginPage.java:36)
at POMClasses.KiteLoginPage.errormsgOfpassword(KiteLoginPage.java:36)
at POMClasses.KiteLoginPage.errormsgOfpassword(KiteLoginPage.java:36)
at POMClasses.KiteLoginPage.errormsgOfpassword(KiteLoginPage.java:36)
at POMClasses.KiteLoginPage.errormsgOfpassword(KiteLoginPage.java:36)
at POMClasses.KiteLoginPage.errormsgOfpassword(KiteLoginPage.java:36)
at POMClasses.KiteLoginPage.errormsgOfpassword(KiteLoginPage.java:36)
at POMClasses.KiteLoginPage.errormsgOfpassword(KiteLoginPage.java:36)
at POMClasses.KiteLoginPage.errormsgOfpassword(KiteLoginPage.java:36)
at POMClasses.KiteLoginPage.errormsgOfpassword(KiteLoginPage.java:36)
at POMClasses.KiteLoginPage.errormsgOfpassword(KiteLoginPage.java:36)
at POMClasses.KiteLoginPage.errormsgOfpassword(KiteLoginPage.java:36)
at POMClasses.KiteLoginPage.errormsgOfpassword(KiteLoginPage.java:36)
at POMClasses.KiteLoginPage.errormsgOfpassword(KiteLoginPage.java:36)
at POMClasses.KiteLoginPage.errormsgOfpassword(KiteLoginPage.java:36)
at POMClasses.KiteLoginPage.errormsgOfpassword(KiteLoginPage.java:36)
at POMClasses.KiteLoginPage.errormsgOfpassword(KiteLoginPage.java:36)
at POMClasses.KiteLoginPage.errormsgOfpassword(KiteLoginPage.java:36)
at POMClasses.KiteLoginPage.errormsgOfpassword(KiteLoginPage.java:36)
at POMClasses.KiteLoginPage.errormsgOfpassword(KiteLoginPage.java:36)
at POMClasses.KiteLoginPage.errormsgOfpassword(KiteLoginPage.java:36)
at POMClasses.KiteLoginPage.errormsgOfpassword(KiteLoginPage.java:36)
at POMClasses.KiteLoginPage.errormsgOfpassword(KiteLoginPage.java:36)
at POMClasses.KiteLoginPage.errormsgOfpassword(KiteLoginPage.java:36)
at POMClasses.KiteLoginPage.errormsgOfpassword(KiteLoginPage.java:36)
at POMClasses.KiteLoginPage.errormsgOfpassword(KiteLoginPage.java:36)
at POMClasses.KiteLoginPage.errormsgOfpassword(KiteLoginPage.java:36)
at POMClasses.KiteLoginPage.errormsgOfpassword(KiteLoginPage.java:36)
at POMClasses.KiteLoginPage.errormsgOfpassword(KiteLoginPage.java:36)
at POMClasses.KiteLoginPage.errormsgOfpassword(KiteLoginPage.java:36)
at POMClasses.KiteLoginPage.errormsgOfpassword(KiteLoginPage.java:36)
at POMClasses.KiteLoginPage.errormsgOfpassword(KiteLoginPage.java:36)
at POMClasses.KiteLoginPage.errormsgOfpassword(KiteLoginPage.java:36)
at POMClasses.KiteLoginPage.errormsgOfpassword(KiteLoginPage.java:36)
at POMClasses.KiteLoginPage.errormsgOfpassword(KiteLoginPage.java:36)
at POMClasses.KiteLoginPage.errormsgOfpassword(KiteLoginPage.java:36)
at POMClasses.KiteLoginPage.errormsgOfpassword(KiteLoginPage.java:36)
at POMClasses.KiteLoginPage.errormsgOfpassword(KiteLoginPage.java:36)
at POMClasses.KiteLoginPage.errormsgOfpassword(KiteLoginPage.java:36)
at POMClasses.KiteLoginPage.errormsgOfpassword(KiteLoginPage.java:36)
at POMClasses.KiteLoginPage.errormsgOfpassword(KiteLoginPage.java:36)
at POMClasses.KiteLoginPage.errormsgOfpassword(KiteLoginPage.java:36)
at POMClasses.KiteLoginPage.errormsgOfpassword(KiteLoginPage.java:36)
at POMClasses.KiteLoginPage.errormsgOfpassword(KiteLoginPage.java:36)
at POMClasses.KiteLoginPage.errormsgOfpassword(KiteLoginPage.java:36)
at POMClasses.KiteLoginPage.errormsgOfpassword(KiteLoginPage.java:36)
at POMClasses.KiteLoginPage.errormsgOfpassword(KiteLoginPage.java:36)
at POMClasses.KiteLoginPage.errormsgOfpassword(KiteLoginPage.java:36)
at POMClasses.KiteLoginPage.errormsgOfpassword(KiteLoginPage.java:36)
at POMClasses.KiteLoginPage.errormsgOfpassword(KiteLoginPage.java:36)
at POMClasses.KiteLoginPage.errormsgOfpassword(KiteLoginPage.java:36)
at POMClasses.KiteLoginPage.errormsgOfpassword(KiteLoginPage.java:36)
at POMClasses.KiteLoginPage.errormsgOfpassword(KiteLoginPage.java:36)
at POMClasses.KiteLoginPage.errormsgOfpassword(KiteLoginPage.java:36)
at POMClasses.KiteLoginPage.errormsgOfpassword(KiteLoginPage.java:36)
at POMClasses.KiteLoginPage.errormsgOfpassword(KiteLoginPage.java:36)
at POMClasses.KiteLoginPage.errormsgOfpassword(KiteLoginPage.java:36)
at POMClasses.KiteLoginPage.errormsgOfpassword(KiteLoginPage.java:36)
at POMClasses.KiteLoginPage.errormsgOfpassword(KiteLoginPage.java:36)
at POMClasses.KiteLoginPage.errormsgOfpassword(KiteLoginPage.java:36)
at POMClasses.KiteLoginPage.errormsgOfpassword(KiteLoginPage.java:36)
at POMClasses.KiteLoginPage.errormsgOfpassword(KiteLoginPage.java:36)
at POMClasses.KiteLoginPage.errormsgOfpassword(KiteLoginPage.java:36)
at POMClasses.KiteLoginPage.errormsgOfpassword(KiteLoginPage.java:36)
at POMClasses.KiteLoginPage.errormsgOfpassword(KiteLoginPage.java:36)
at POMClasses.KiteLoginPage.errormsgOfpassword(KiteLoginPage.java:36)
at POMClasses.KiteLoginPage.errormsgOfpassword(KiteLoginPage.java:36)
at POMClasses.KiteLoginPage.errormsgOfpassword(KiteLoginPage.java:36)
at POMClasses.KiteLoginPage.errormsgOfpassword(KiteLoginPage.java:36)
at POMClasses.KiteLoginPage.errormsgOfpassword(KiteLoginPage.java:36)
at POMClasses.KiteLoginPage.errormsgOfpassword(KiteLoginPage.java:36)
at POMClasses.KiteLoginPage.errormsgOfpassword(KiteLoginPage.java:36)
at POMClasses.KiteLoginPage.errormsgOfpassword(KiteLoginPage.java:36)
at POMClasses.KiteLoginPage.errormsgOfpassword(KiteLoginPage.java:36)
at POMClasses.KiteLoginPage.errormsgOfpassword(KiteLoginPage.java:36)
at POMClasses.KiteLoginPage.errormsgOfpassword(KiteLoginPage.java:36)
at POMClasses.KiteLoginPage.errormsgOfpassword(KiteLoginPage.java:36)
at POMClasses.KiteLoginPage.errormsgOfpassword(KiteLoginPage.java:36)
at POMClasses.KiteLoginPage.errormsgOfpassword(KiteLoginPage.java:36)
at POMClasses.KiteLoginPage.errormsgOfpassword(KiteLoginPage.java:36)
at POMClasses.KiteLoginPage.errormsgOfpassword(KiteLoginPage.java:36)
at POMClasses.KiteLoginPage.errormsgOfpassword(KiteLoginPage.java:36)
at POMClasses.KiteLoginPage.errormsgOfpassword(KiteLoginPage.java:36)
at POMClasses.KiteLoginPage.errormsgOfpassword(KiteLoginPage.java:36)
at POMClasses.KiteLoginPage.errormsgOfpassword(KiteLoginPage.java:36)
at POMClasses.KiteLoginPage.errormsgOfpassword(KiteLoginPage.java:36)
at POMClasses.KiteLoginPage.errormsgOfpassword(KiteLoginPage.java:36)
at POMClasses.KiteLoginPage.errormsgOfpassword(KiteLoginPage.java:36)
at POMClasses.KiteLoginPage.errormsgOfpassword(KiteLoginPage.java:36)
at POMClasses.KiteLoginPage.errormsgOfpassword(KiteLoginPage.java:36)
at POMClasses.KiteLoginPage.errormsgOfpassword(KiteLoginPage.java:36)
at POMClasses.KiteLoginPage.errormsgOfpassword(KiteLoginPage.java:36)
at POMClasses.KiteLoginPage.errormsgOfpassword(KiteLoginPage.java:36)
at POMClasses.KiteLoginPage.errormsgOfpassword(KiteLoginPage.java:36)
at POMClasses.KiteLoginPage.errormsgOfpassword(KiteLoginPage.java:36)
at POMClasses.KiteLoginPage.errormsgOfpassword(KiteLoginPage.java:36)
at POMClasses.KiteLoginPage.errormsgOfpassword(KiteLoginPage.java:36)
at POMClasses.KiteLoginPage.errormsgOfpassword(KiteLoginPage.java:36)
at POMClasses.KiteLoginPage.errormsgOfpassword(KiteLoginPage.java:36)
at POMClasses.KiteLoginPage.errormsgOfpassword(KiteLoginPage.java:36)
at POMClasses.KiteLoginPage.errormsgOfpassword(KiteLoginPage.java:36)
at POMClasses.KiteLoginPage.errormsgOfpassword(KiteLoginPage.java:36)
at POMClasses.KiteLoginPage.errormsgOfpassword(KiteLoginPage.java:36)
at POMClasses.KiteLoginPage.errormsgOfpassword(KiteLoginPage.java:36)
at POMClasses.KiteLoginPage.errormsgOfpassword(KiteLoginPage.java:36)
at POMClasses.KiteLoginPage.errormsgOfpassword(KiteLoginPage.java:36)
at POMClasses.KiteLoginPage.errormsgOfpassword(KiteLoginPage.java:36)
at POMClasses.KiteLoginPage.errormsgOfpassword(KiteLoginPage.java:36)
at POMClasses.KiteLoginPage.errormsgOfpassword(KiteLoginPage.java:36)
at POMClasses.KiteLoginPage.errormsgOfpassword(KiteLoginPage.java:36)
at POMClasses.KiteLoginPage.errormsgOfpassword(KiteLoginPage.java:36)
at POMClasses.KiteLoginPage.errormsgOfpassword(KiteLoginPage.java:36)
at POMClasses.KiteLoginPage.errormsgOfpassword(KiteLoginPage.java:36)
at POMClasses.KiteLoginPage.errormsgOfpassword(KiteLoginPage.java:36)
at POMClasses.KiteLoginPage.errormsgOfpassword(KiteLoginPage.java:36)
at POMClasses.KiteLoginPage.errormsgOfpassword(KiteLoginPage.java:36)
at POMClasses.KiteLoginPage.errormsgOfpassword(KiteLoginPage.java:36)
at POMClasses.KiteLoginPage.errormsgOfpassword(KiteLoginPage.java:36)
at POMClasses.KiteLoginPage.errormsgOfpassword(KiteLoginPage.java:36)
at POMClasses.KiteLoginPage.errormsgOfpassword(KiteLoginPage.java:36)
at POMClasses.KiteLoginPage.errormsgOfpassword(KiteLoginPage.java:36)
at POMClasses.KiteLoginPage.errormsgOfpassword(KiteLoginPage.java:36)
at POMClasses.KiteLoginPage.errormsgOfpassword(KiteLoginPage.java:36)
at POMClasses.KiteLoginPage.errormsgOfpassword(KiteLoginPage.java:36)
at POMClasses.KiteLoginPage.errormsgOfpassword(KiteLoginPage.java:36)
at POMClasses.KiteLoginPage.errormsgOfpassword(KiteLoginPage.java:36)
at POMClasses.KiteLoginPage.errormsgOfpassword(KiteLoginPage.java:36)
at POMClasses.KiteLoginPage.errormsgOfpassword(KiteLoginPage.java:36)
at POMClasses.KiteLoginPage.errormsgOfpassword(KiteLoginPage.java:36)
at POMClasses.KiteLoginPage.errormsgOfpassword(KiteLoginPage.java:36)
at POMClasses.KiteLoginPage.errormsgOfpassword(KiteLoginPage.java:36)
at POMClasses.KiteLoginPage.errormsgOfpassword(KiteLoginPage.java:36)
at POMClasses.KiteLoginPage.errormsgOfpassword(KiteLoginPage.java:36)
at POMClasses.KiteLoginPage.errormsgOfpassword(KiteLoginPage.java:36)
at POMClasses.KiteLoginPage.errormsgOfpassword(KiteLoginPage.java:36)
at POMClasses.KiteLoginPage.errormsgOfpassword(KiteLoginPage.java:36)
at POMClasses.KiteLoginPage.errormsgOfpassword(KiteLoginPage.java:36)
at POMClasses.KiteLoginPage.errormsgOfpassword(KiteLoginPage.java:36)
at POMClasses.KiteLoginPage.errormsgOfpassword(KiteLoginPage.java:36)
at POMClasses.KiteLoginPage.errormsgOfpassword(KiteLoginPage.java:36)
at POMClasses.KiteLoginPage.errormsgOfpassword(KiteLoginPage.java:36)
at POMClasses.KiteLoginPage.errormsgOfpassword(KiteLoginPage.java:36)
at POMClasses.KiteLoginPage.errormsgOfpassword(KiteLoginPage.java:36)
at POMClasses.KiteLoginPage.errormsgOfpassword(KiteLoginPage.java:36)
at POMClasses.KiteLoginPage.errormsgOfpassword(KiteLoginPage.java:36)
at POMClasses.KiteLoginPage.errormsgOfpassword(KiteLoginPage.java:36)
at POMClasses.KiteLoginPage.errormsgOfpassword(KiteLoginPage.java:36)
at POMClasses.KiteLoginPage.errormsgOfpassword(KiteLoginPage.java:36)
at POMClasses.KiteLoginPage.errormsgOfpassword(KiteLoginPage.java:36)
at POMClasses.KiteLoginPage.errormsgOfpassword(KiteLoginPage.java:36)
at POMClasses.KiteLoginPage.errormsgOfpassword(KiteLoginPage.java:36)
at POMClasses.KiteLoginPage.errormsgOfpassword(KiteLoginPage.java:36)
at POMClasses.KiteLoginPage.errormsgOfpassword(KiteLoginPage.java:36)
at POMClasses.KiteLoginPage.errormsgOfpassword(KiteLoginPage.java:36)
at POMClasses.KiteLoginPage.errormsgOfpassword(KiteLoginPage.java:36)
at POMClasses.KiteLoginPage.errormsgOfpassword(KiteLoginPage.java:36)
at POMClasses.KiteLoginPage.errormsgOfpassword(KiteLoginPage.java:36)
at POMClasses.KiteLoginPage.errormsgOfpassword(KiteLoginPage.java:36)
at POMClasses.KiteLoginPage.errormsgOfpassword(KiteLoginPage.java:36)
at POMClasses.KiteLoginPage.errormsgOfpassword(KiteLoginPage.java:36)
at POMClasses.KiteLoginPage.errormsgOfpassword(KiteLoginPage.java:36)
at POMClasses.KiteLoginPage.errormsgOfpassword(KiteLoginPage.java:36)
at POMClasses.KiteLoginPage.errormsgOfpassword(KiteLoginPage.java:36)
at POMClasses.KiteLoginPage.errormsgOfpassword(KiteLoginPage.java:36)
at POMClasses.KiteLoginPage.errormsgOfpassword(KiteLoginPage.java:36)
at POMClasses.KiteLoginPage.errormsgOfpassword(KiteLoginPage.java:36)
at POMClasses.KiteLoginPage.errormsgOfpassword(KiteLoginPage.java:36)
at POMClasses.KiteLoginPage.errormsgOfpassword(KiteLoginPage.java:36)
at POMClasses.KiteLoginPage.errormsgOfpassword(KiteLoginPage.java:36)
at POMClasses.KiteLoginPage.errormsgOfpassword(KiteLoginPage.java:36)
at POMClasses.KiteLoginPage.errormsgOfpassword(KiteLoginPage.java:36)
at POMClasses.KiteLoginPage.errormsgOfpassword(KiteLoginPage.java:36)
at POMClasses.KiteLoginPage.errormsgOfpassword(KiteLoginPage.java:36)
at POMClasses.KiteLoginPage.errormsgOfpassword(KiteLoginPage.java:36)
at POMClasses.KiteLoginPage.errormsgOfpassword(KiteLoginPage.java:36)
at POMClasses.KiteLoginPage.errormsgOfpassword(KiteLoginPage.java:36)
at POMClasses.KiteLoginPage.errormsgOfpassword(KiteLoginPage.java:36)
at POMClasses.KiteLoginPage.errormsgOfpassword(KiteLoginPage.java:36)
at POMClasses.KiteLoginPage.errormsgOfpassword(KiteLoginPage.java:36)
at POMClasses.KiteLoginPage.errormsgOfpassword(KiteLoginPage.java:36)
at POMClasses.KiteLoginPage.errormsgOfpassword(KiteLoginPage.java:36)
at POMClasses.KiteLoginPage.errormsgOfpassword(KiteLoginPage.java:36)
at POMClasses.KiteLoginPage.errormsgOfpassword(KiteLoginPage.java:36)
at POMClasses.KiteLoginPage.errormsgOfpassword(KiteLoginPage.java:36)
at POMClasses.KiteLoginPage.errormsgOfpassword(KiteLoginPage.java:36)
at POMClasses.KiteLoginPage.errormsgOfpassword(KiteLoginPage.java:36)
at POMClasses.KiteLoginPage.errormsgOfpassword(KiteLoginPage.java:36)
at POMClasses.KiteLoginPage.errormsgOfpassword(KiteLoginPage.java:36)
at POMClasses.KiteLoginPage.errormsgOfpassword(KiteLoginPage.java:36)
at POMClasses.KiteLoginPage.errormsgOfpassword(KiteLoginPage.java:36)
at POMClasses.KiteLoginPage.errormsgOfpassword(KiteLoginPage.java:36)
at POMClasses.KiteLoginPage.errormsgOfpassword(KiteLoginPage.java:36)
at POMClasses.KiteLoginPage.errormsgOfpassword(KiteLoginPage.java:36)
at POMClasses.KiteLoginPage.errormsgOfpassword(KiteLoginPage.java:36)
at POMClasses.KiteLoginPage.errormsgOfpassword(KiteLoginPage.java:36)
at POMClasses.KiteLoginPage.errormsgOfpassword(KiteLoginPage.java:36)
at POMClasses.KiteLoginPage.errormsgOfpassword(KiteLoginPage.java:36)
at POMClasses.KiteLoginPage.errormsgOfpassword(KiteLoginPage.java:36)
at POMClasses.KiteLoginPage.errormsgOfpassword(KiteLoginPage.java:36)
at POMClasses.KiteLoginPage.errormsgOfpassword(KiteLoginPage.java:36)
at POMClasses.KiteLoginPage.errormsgOfpassword(KiteLoginPage.java:36)
at POMClasses.KiteLoginPage.errormsgOfpassword(KiteLoginPage.java:36)
at POMClasses.KiteLoginPage.errormsgOfpassword(KiteLoginPage.java:36)
at POMClasses.KiteLoginPage.errormsgOfpassword(KiteLoginPage.java:36)
at POMClasses.KiteLoginPage.errormsgOfpassword(KiteLoginPage.java:36)
at POMClasses.KiteLoginPage.errormsgOfpassword(KiteLoginPage.java:36)
at POMClasses.KiteLoginPage.errormsgOfpassword(KiteLoginPage.java:36)
at POMClasses.KiteLoginPage.errormsgOfpassword(KiteLoginPage.java:36)
at POMClasses.KiteLoginPage.errormsgOfpassword(KiteLoginPage.java:36)
at POMClasses.KiteLoginPage.errormsgOfpassword(KiteLoginPage.java:36)
at POMClasses.KiteLoginPage.errormsgOfpassword(KiteLoginPage.java:36)
at POMClasses.KiteLoginPage.errormsgOfpassword(KiteLoginPage.java:36)
at POMClasses.KiteLoginPage.errormsgOfpassword(KiteLoginPage.java:36)
at POMClasses.KiteLoginPage.errormsgOfpassword(KiteLoginPage.java:36)
at POMClasses.KiteLoginPage.errormsgOfpassword(KiteLoginPage.java:36)
at POMClasses.KiteLoginPage.errormsgOfpassword(KiteLoginPage.java:36)
at POMClasses.KiteLoginPage.errormsgOfpassword(KiteLoginPage.java:36)
at POMClasses.KiteLoginPage.errormsgOfpassword(KiteLoginPage.java:36)
at POMClasses.KiteLoginPage.errormsgOfpassword(KiteLoginPage.java:36)
at POMClasses.KiteLoginPage.errormsgOfpassword(KiteLoginPage.java:36)
at POMClasses.KiteLoginPage.errormsgOfpassword(KiteLoginPage.java:36)
at POMClasses.KiteLoginPage.errormsgOfpassword(KiteLoginPage.java:36)
at POMClasses.KiteLoginPage.errormsgOfpassword(KiteLoginPage.java:36)
at POMClasses.KiteLoginPage.errormsgOfpassword(KiteLoginPage.java:36)
at POMClasses.KiteLoginPage.errormsgOfpassword(KiteLoginPage.java:36)
at POMClasses.KiteLoginPage.errormsgOfpassword(KiteLoginPage.java:36)
at POMClasses.KiteLoginPage.errormsgOfpassword(KiteLoginPage.java:36)
at POMClasses.KiteLoginPage.errormsgOfpassword(KiteLoginPage.java:36)
at POMClasses.KiteLoginPage.errormsgOfpassword(KiteLoginPage.java:36)
at POMClasses.KiteLoginPage.errormsgOfpassword(KiteLoginPage.java:36)
at POMClasses.KiteLoginPage.errormsgOfpassword(KiteLoginPage.java:36)
at POMClasses.KiteLoginPage.errormsgOfpassword(KiteLoginPage.java:36)
at POMClasses.KiteLoginPage.errormsgOfpassword(KiteLoginPage.java:36)
at POMClasses.KiteLoginPage.errormsgOfpassword(KiteLoginPage.java:36)
at POMClasses.KiteLoginPage.errormsgOfpassword(KiteLoginPage.java:36)
at POMClasses.KiteLoginPage.errormsgOfpassword(KiteLoginPage.java:36)
at POMClasses.KiteLoginPage.errormsgOfpassword(KiteLoginPage.java:36)
at POMClasses.KiteLoginPage.errormsgOfpassword(KiteLoginPage.java:36)
at POMClasses.KiteLoginPage.errormsgOfpassword(KiteLoginPage.java:36)
at POMClasses.KiteLoginPage.errormsgOfpassword(KiteLoginPage.java:36)
at POMClasses.KiteLoginPage.errormsgOfpassword(KiteLoginPage.java:36)
at POMClasses.KiteLoginPage.errormsgOfpassword(KiteLoginPage.java:36)
at POMClasses.KiteLoginPage.errormsgOfpassword(KiteLoginPage.java:36)
at POMClasses.KiteLoginPage.errormsgOfpassword(KiteLoginPage.java:36)
at POMClasses.KiteLoginPage.errormsgOfpassword(KiteLoginPage.java:36)
at POMClasses.KiteLoginPage.errormsgOfpassword(KiteLoginPage.java:36)
at POMClasses.KiteLoginPage.errormsgOfpassword(KiteLoginPage.java:36)
at POMClasses.KiteLoginPage.errormsgOfpassword(KiteLoginPage.java:36)
at POMClasses.KiteLoginPage.errormsgOfpassword(KiteLoginPage.java:36)
at POMClasses.KiteLoginPage.errormsgOfpassword(KiteLoginPage.java:36)
at POMClasses.KiteLoginPage.errormsgOfpassword(KiteLoginPage.java:36)
at POMClasses.KiteLoginPage.errormsgOfpassword(KiteLoginPage.java:36)
at POMClasses.KiteLoginPage.errormsgOfpassword(KiteLoginPage.java:36)
at POMClasses.KiteLoginPage.errormsgOfpassword(KiteLoginPage.java:36)
at POMClasses.KiteLoginPage.errormsgOfpassword(KiteLoginPage.java:36)
at POMClasses.KiteLoginPage.errormsgOfpassword(KiteLoginPage.java:36)
at POMClasses.KiteLoginPage.errormsgOfpassword(KiteLoginPage.java:36)
at POMClasses.KiteLoginPage.errormsgOfpassword(KiteLoginPage.java:36)
at POMClasses.KiteLoginPage.errormsgOfpassword(KiteLoginPage.java:36)
at POMClasses.KiteLoginPage.errormsgOfpassword(KiteLoginPage.java:36)
at POMClasses.KiteLoginPage.errormsgOfpassword(KiteLoginPage.java:36)
at POMClasses.KiteLoginPage.errormsgOfpassword(KiteLoginPage.java:36)
at POMClasses.KiteLoginPage.errormsgOfpassword(KiteLoginPage.java:36)
at POMClasses.KiteLoginPage.errormsgOfpassword(KiteLoginPage.java:36)
at POMClasses.KiteLoginPage.errormsgOfpassword(KiteLoginPage.java:36)
at POMClasses.KiteLoginPage.errormsgOfpassword(KiteLoginPage.java:36)
at POMClasses.KiteLoginPage.errormsgOfpassword(KiteLoginPage.java:36)
at POMClasses.KiteLoginPage.errormsgOfpassword(KiteLoginPage.java:36)
at POMClasses.KiteLoginPage.errormsgOfpassword(KiteLoginPage.java:36)
at POMClasses.KiteLoginPage.errormsgOfpassword(KiteLoginPage.java:36)
at POMClasses.KiteLoginPage.errormsgOfpassword(KiteLoginPage.java:36)
at POMClasses.KiteLoginPage.errormsgOfpassword(KiteLoginPage.java:36)
at POMClasses.KiteLoginPage.errormsgOfpassword(KiteLoginPage.java:36)
at POMClasses.KiteLoginPage.errormsgOfpassword(KiteLoginPage.java:36)
at POMClasses.KiteLoginPage.errormsgOfpassword(KiteLoginPage.java:36)
at POMClasses.KiteLoginPage.errormsgOfpassword(KiteLoginPage.java:36)
at POMClasses.KiteLoginPage.errormsgOfpassword(KiteLoginPage.java:36)
at POMClasses.KiteLoginPage.errormsgOfpassword(KiteLoginPage.java:36)
at POMClasses.KiteLoginPage.errormsgOfpassword(KiteLoginPage.java:36)
at POMClasses.KiteLoginPage.errormsgOfpassword(KiteLoginPage.java:36)
at POMClasses.KiteLoginPage.errormsgOfpassword(KiteLoginPage.java:36)
at POMClasses.KiteLoginPage.errormsgOfpassword(KiteLoginPage.java:36)
at POMClasses.KiteLoginPage.errormsgOfpassword(KiteLoginPage.java:36)
at POMClasses.KiteLoginPage.errormsgOfpassword(KiteLoginPage.java:36)
at POMClasses.KiteLoginPage.errormsgOfpassword(KiteLoginPage.java:36)
at POMClasses.KiteLoginPage.errormsgOfpassword(KiteLoginPage.java:36)
at POMClasses.KiteLoginPage.errormsgOfpassword(KiteLoginPage.java:36)
at POMClasses.KiteLoginPage.errormsgOfpassword(KiteLoginPage.java:36)
at POMClasses.KiteLoginPage.errormsgOfpassword(KiteLoginPage.java:36)
at POMClasses.KiteLoginPage.errormsgOfpassword(KiteLoginPage.java:36)
at POMClasses.KiteLoginPage.errormsgOfpassword(KiteLoginPage.java:36)
at POMClasses.KiteLoginPage.errormsgOfpassword(KiteLoginPage.java:36)
at POMClasses.KiteLoginPage.errormsgOfpassword(KiteLoginPage.java:36)
at POMClasses.KiteLoginPage.errormsgOfpassword(KiteLoginPage.java:36)
at POMClasses.KiteLoginPage.errormsgOfpassword(KiteLoginPage.java:36)
at POMClasses.KiteLoginPage.errormsgOfpassword(KiteLoginPage.java:36)
at POMClasses.KiteLoginPage.errormsgOfpassword(KiteLoginPage.java:36)
at POMClasses.KiteLoginPage.errormsgOfpassword(KiteLoginPage.java:36)
at POMClasses.KiteLoginPage.errormsgOfpassword(KiteLoginPage.java:36)
at POMClasses.KiteLoginPage.errormsgOfpassword(KiteLoginPage.java:36)
at POMClasses.KiteLoginPage.errormsgOfpassword(KiteLoginPage.java:36)
at POMClasses.KiteLoginPage.errormsgOfpassword(KiteLoginPage.java:36)
at POMClasses.KiteLoginPage.errormsgOfpassword(KiteLoginPage.java:36)
at POMClasses.KiteLoginPage.errormsgOfpassword(KiteLoginPage.java:36)
at POMClasses.KiteLoginPage.errormsgOfpassword(KiteLoginPage.java:36)
at POMClasses.KiteLoginPage.errormsgOfpassword(KiteLoginPage.java:36)
at POMClasses.KiteLoginPage.errormsgOfpassword(KiteLoginPage.java:36)
at POMClasses.KiteLoginPage.errormsgOfpassword(KiteLoginPage.java:36)
at POMClasses.KiteLoginPage.errormsgOfpassword(KiteLoginPage.java:36)
at POMClasses.KiteLoginPage.errormsgOfpassword(KiteLoginPage.java:36)
at POMClasses.KiteLoginPage.errormsgOfpassword(KiteLoginPage.java:36)
at POMClasses.KiteLoginPage.errormsgOfpassword(KiteLoginPage.java:36)
at POMClasses.KiteLoginPage.errormsgOfpassword(KiteLoginPage.java:36)
at POMClasses.KiteLoginPage.errormsgOfpassword(KiteLoginPage.java:36)
at POMClasses.KiteLoginPage.errormsgOfpassword(KiteLoginPage.java:36)
at POMClasses.KiteLoginPage.errormsgOfpassword(KiteLoginPage.java:36)
at POMClasses.KiteLoginPage.errormsgOfpassword(KiteLoginPage.java:36)
at POMClasses.KiteLoginPage.errormsgOfpassword(KiteLoginPage.java:36)
at POMClasses.KiteLoginPage.errormsgOfpassword(KiteLoginPage.java:36)
at POMClasses.KiteLoginPage.errormsgOfpassword(KiteLoginPage.java:36)
at POMClasses.KiteLoginPage.errormsgOfpassword(KiteLoginPage.java:36)
at POMClasses.KiteLoginPage.errormsgOfpassword(KiteLoginPage.java:36)
at POMClasses.KiteLoginPage.errormsgOfpassword(KiteLoginPage.java:36)
at POMClasses.KiteLoginPage.errormsgOfpassword(KiteLoginPage.java:36)
at POMClasses.KiteLoginPage.errormsgOfpassword(KiteLoginPage.java:36)
at POMClasses.KiteLoginPage.errormsgOfpassword(KiteLoginPage.java:36)
at POMClasses.KiteLoginPage.errormsgOfpassword(KiteLoginPage.java:36)
at POMClasses.KiteLoginPage.errormsgOfpassword(KiteLoginPage.java:36)
at POMClasses.KiteLoginPage.errormsgOfpassword(KiteLoginPage.java:36)
at POMClasses.KiteLoginPage.errormsgOfpassword(KiteLoginPage.java:36)
at POMClasses.KiteLoginPage.errormsgOfpassword(KiteLoginPage.java:36)
at POMClasses.KiteLoginPage.errormsgOfpassword(KiteLoginPage.java:36)
at POMClasses.KiteLoginPage.errormsgOfpassword(KiteLoginPage.java:36)
at POMClasses.KiteLoginPage.errormsgOfpassword(KiteLoginPage.java:36)
at POMClasses.KiteLoginPage.errormsgOfpassword(KiteLoginPage.java:36)
at POMClasses.KiteLoginPage.errormsgOfpassword(KiteLoginPage.java:36)
at POMClasses.KiteLoginPage.errormsgOfpassword(KiteLoginPage.java:36)
at POMClasses.KiteLoginPage.errormsgOfpassword(KiteLoginPage.java:36)
at POMClasses.KiteLoginPage.errormsgOfpassword(KiteLoginPage.java:36)
at POMClasses.KiteLoginPage.errormsgOfpassword(KiteLoginPage.java:36)
at POMClasses.KiteLoginPage.errormsgOfpassword(KiteLoginPage.java:36)
at POMClasses.KiteLoginPage.errormsgOfpassword(KiteLoginPage.java:36)
at POMClasses.KiteLoginPage.errormsgOfpassword(KiteLoginPage.java:36)
at POMClasses.KiteLoginPage.errormsgOfpassword(KiteLoginPage.java:36)
at POMClasses.KiteLoginPage.errormsgOfpassword(KiteLoginPage.java:36)
at POMClasses.KiteLoginPage.errormsgOfpassword(KiteLoginPage.java:36)
at POMClasses.KiteLoginPage.errormsgOfpassword(KiteLoginPage.java:36)
at POMClasses.KiteLoginPage.errormsgOfpassword(KiteLoginPage.java:36)
at POMClasses.KiteLoginPage.errormsgOfpassword(KiteLoginPage.java:36)
at POMClasses.KiteLoginPage.errormsgOfpassword(KiteLoginPage.java:36)
at POMClasses.KiteLoginPage.errormsgOfpassword(KiteLoginPage.java:36)
at POMClasses.KiteLoginPage.errormsgOfpassword(KiteLoginPage.java:36)
at POMClasses.KiteLoginPage.errormsgOfpassword(KiteLoginPage.java:36)
at POMClasses.KiteLoginPage.errormsgOfpassword(KiteLoginPage.java:36)
at POMClasses.KiteLoginPage.errormsgOfpassword(KiteLoginPage.java:36)
at POMClasses.KiteLoginPage.errormsgOfpassword(KiteLoginPage.java:36)
at POMClasses.KiteLoginPage.errormsgOfpassword(KiteLoginPage.java:36)
at POMClasses.KiteLoginPage.errormsgOfpassword(KiteLoginPage.java:36)
at POMClasses.KiteLoginPage.errormsgOfpassword(KiteLoginPage.java:36)
at POMClasses.KiteLoginPage.errormsgOfpassword(KiteLoginPage.java:36)
at POMClasses.KiteLoginPage.errormsgOfpassword(KiteLoginPage.java:36)
at POMClasses.KiteLoginPage.errormsgOfpassword(KiteLoginPage.java:36)
at POMClasses.KiteLoginPage.errormsgOfpassword(KiteLoginPage.java:36)
at POMClasses.KiteLoginPage.errormsgOfpassword(KiteLoginPage.java:36)
at POMClasses.KiteLoginPage.errormsgOfpassword(KiteLoginPage.java:36)
at POMClasses.KiteLoginPage.errormsgOfpassword(KiteLoginPage.java:36)
at POMClasses.KiteLoginPage.errormsgOfpassword(KiteLoginPage.java:36)
at POMClasses.KiteLoginPage.errormsgOfpassword(KiteLoginPage.java:36)
at POMClasses.KiteLoginPage.errormsgOfpassword(KiteLoginPage.java:36)
at POMClasses.KiteLoginPage.errormsgOfpassword(KiteLoginPage.java:36)
at POMClasses.KiteLoginPage.errormsgOfpassword(KiteLoginPage.java:36)
at POMClasses.KiteLoginPage.errormsgOfpassword(KiteLoginPage.java:36)
at POMClasses.KiteLoginPage.errormsgOfpassword(KiteLoginPage.java:36)
at POMClasses.KiteLoginPage.errormsgOfpassword(KiteLoginPage.java:36)
at POMClasses.KiteLoginPage.errormsgOfpassword(KiteLoginPage.java:36)
at POMClasses.KiteLoginPage.errormsgOfpassword(KiteLoginPage.java:36)
at POMClasses.KiteLoginPage.errormsgOfpassword(KiteLoginPage.java:36)
at POMClasses.KiteLoginPage.errormsgOfpassword(KiteLoginPage.java:36)
at POMClasses.KiteLoginPage.errormsgOfpassword(KiteLoginPage.java:36)
at POMClasses.KiteLoginPage.errormsgOfpassword(KiteLoginPage.java:36)
at POMClasses.KiteLoginPage.errormsgOfpassword(KiteLoginPage.java:36)
at POMClasses.KiteLoginPage.errormsgOfpassword(KiteLoginPage.java:36)
at POMClasses.KiteLoginPage.errormsgOfpassword(KiteLoginPage.java:36)
at POMClasses.KiteLoginPage.errormsgOfpassword(KiteLoginPage.java:36)
at POMClasses.KiteLoginPage.errormsgOfpassword(KiteLoginPage.java:36)
at POMClasses.KiteLoginPage.errormsgOfpassword(KiteLoginPage.java:36)
at POMClasses.KiteLoginPage.errormsgOfpassword(KiteLoginPage.java:36)
at POMClasses.KiteLoginPage.errormsgOfpassword(KiteLoginPage.java:36)
at POMClasses.KiteLoginPage.errormsgOfpassword(KiteLoginPage.java:36)
at POMClasses.KiteLoginPage.errormsgOfpassword(KiteLoginPage.java:36)
at POMClasses.KiteLoginPage.errormsgOfpassword(KiteLoginPage.java:36)
at POMClasses.KiteLoginPage.errormsgOfpassword(KiteLoginPage.java:36)
at POMClasses.KiteLoginPage.errormsgOfpassword(KiteLoginPage.java:36)
at POMClasses.KiteLoginPage.errormsgOfpassword(KiteLoginPage.java:36)
at POMClasses.KiteLoginPage.errormsgOfpassword(KiteLoginPage.java:36)
at POMClasses.KiteLoginPage.errormsgOfpassword(KiteLoginPage.java:36)
at POMClasses.KiteLoginPage.errormsgOfpassword(KiteLoginPage.java:36)
at POMClasses.KiteLoginPage.errormsgOfpassword(KiteLoginPage.java:36)
at POMClasses.KiteLoginPage.errormsgOfpassword(KiteLoginPage.java:36)
at POMClasses.KiteLoginPage.errormsgOfpassword(KiteLoginPage.java:36)
at POMClasses.KiteLoginPage.errormsgOfpassword(KiteLoginPage.java:36)
at POMClasses.KiteLoginPage.errormsgOfpassword(KiteLoginPage.java:36)
at POMClasses.KiteLoginPage.errormsgOfpassword(KiteLoginPage.java:36)
at POMClasses.KiteLoginPage.errormsgOfpassword(KiteLoginPage.java:36)
at POMClasses.KiteLoginPage.errormsgOfpassword(KiteLoginPage.java:36)
at POMClasses.KiteLoginPage.errormsgOfpassword(KiteLoginPage.java:36)
at POMClasses.KiteLoginPage.errormsgOfpassword(KiteLoginPage.java:36)
at POMClasses.KiteLoginPage.errormsgOfpassword(KiteLoginPage.java:36)
at POMClasses.KiteLoginPage.errormsgOfpassword(KiteLoginPage.java:36)
at POMClasses.KiteLoginPage.errormsgOfpassword(KiteLoginPage.java:36)
at POMClasses.KiteLoginPage.errormsgOfpassword(KiteLoginPage.java:36)
at POMClasses.KiteLoginPage.errormsgOfpassword(KiteLoginPage.java:36)
at POMClasses.KiteLoginPage.errormsgOfpassword(KiteLoginPage.java:36)
at POMClasses.KiteLoginPage.errormsgOfpassword(KiteLoginPage.java:36)
at POMClasses.KiteLoginPage.errormsgOfpassword(KiteLoginPage.java:36)
at POMClasses.KiteLoginPage.errormsgOfpassword(KiteLoginPage.java:36)
at POMClasses.KiteLoginPage.errormsgOfpassword(KiteLoginPage.java:36)
at POMClasses.KiteLoginPage.errormsgOfpassword(KiteLoginPage.java:36)
at POMClasses.KiteLoginPage.errormsgOfpassword(KiteLoginPage.java:36)
at POMClasses.KiteLoginPage.errormsgOfpassword(KiteLoginPage.java:36)
at POMClasses.KiteLoginPage.errormsgOfpassword(KiteLoginPage.java:36)
at POMClasses.KiteLoginPage.errormsgOfpassword(KiteLoginPage.java:36)
at POMClasses.KiteLoginPage.errormsgOfpassword(KiteLoginPage.java:36)
at POMClasses.KiteLoginPage.errormsgOfpassword(KiteLoginPage.java:36)
at POMClasses.KiteLoginPage.errormsgOfpassword(KiteLoginPage.java:36)
at POMClasses.KiteLoginPage.errormsgOfpassword(KiteLoginPage.java:36)
at POMClasses.KiteLoginPage.errormsgOfpassword(KiteLoginPage.java:36)
at POMClasses.KiteLoginPage.errormsgOfpassword(KiteLoginPage.java:36)
at POMClasses.KiteLoginPage.errormsgOfpassword(KiteLoginPage.java:36)
at POMClasses.KiteLoginPage.errormsgOfpassword(KiteLoginPage.java:36)
at POMClasses.KiteLoginPage.errormsgOfpassword(KiteLoginPage.java:36)
at POMClasses.KiteLoginPage.errormsgOfpassword(KiteLoginPage.java:36)
at POMClasses.KiteLoginPage.errormsgOfpassword(KiteLoginPage.java:36)
at POMClasses.KiteLoginPage.errormsgOfpassword(KiteLoginPage.java:36)
at POMClasses.KiteLoginPage.errormsgOfpassword(KiteLoginPage.java:36)
at POMClasses.KiteLoginPage.errormsgOfpassword(KiteLoginPage.java:36)
at POMClasses.KiteLoginPage.errormsgOfpassword(KiteLoginPage.java:36)
at POMClasses.KiteLoginPage.errormsgOfpassword(KiteLoginPage.java:36)
at POMClasses.KiteLoginPage.errormsgOfpassword(KiteLoginPage.java:36)
at POMClasses.KiteLoginPage.errormsgOfpassword(KiteLoginPage.java:36)
at POMClasses.KiteLoginPage.errormsgOfpassword(KiteLoginPage.java:36)
at POMClasses.KiteLoginPage.errormsgOfpassword(KiteLoginPage.java:36)
at POMClasses.KiteLoginPage.errormsgOfpassword(KiteLoginPage.java:36)
at POMClasses.KiteLoginPage.errormsgOfpassword(KiteLoginPage.java:36)
at POMClasses.KiteLoginPage.errormsgOfpassword(KiteLoginPage.java:36)
at POMClasses.KiteLoginPage.errormsgOfpassword(KiteLoginPage.java:36)
at POMClasses.KiteLoginPage.errormsgOfpassword(KiteLoginPage.java:36)
at POMClasses.KiteLoginPage.errormsgOfpassword(KiteLoginPage.java:36)
at POMClasses.KiteLoginPage.errormsgOfpassword(KiteLoginPage.java:36)
at POMClasses.KiteLoginPage.errormsgOfpassword(KiteLoginPage.java:36)
at POMClasses.KiteLoginPage.errormsgOfpassword(KiteLoginPage.java:36)
at POMClasses.KiteLoginPage.errormsgOfpassword(KiteLoginPage.java:36)
at POMClasses.KiteLoginPage.errormsgOfpassword(KiteLoginPage.java:36)
at POMClasses.KiteLoginPage.errormsgOfpassword(KiteLoginPage.java:36)
at POMClasses.KiteLoginPage.errormsgOfpassword(KiteLoginPage.java:36)
at POMClasses.KiteLoginPage.errormsgOfpassword(KiteLoginPage.java:36)
at POMClasses.KiteLoginPage.errormsgOfpassword(KiteLoginPage.java:36)
at POMClasses.KiteLoginPage.errormsgOfpassword(KiteLoginPage.java:36)
at POMClasses.KiteLoginPage.errormsgOfpassword(KiteLoginPage.java:36)
at POMClasses.KiteLoginPage.errormsgOfpassword(KiteLoginPage.java:36)
at POMClasses.KiteLoginPage.errormsgOfpassword(KiteLoginPage.java:36)
at POMClasses.KiteLoginPage.errormsgOfpassword(KiteLoginPage.java:36)
at POMClasses.KiteLoginPage.errormsgOfpassword(KiteLoginPage.java:36)
at POMClasses.KiteLoginPage.errormsgOfpassword(KiteLoginPage.java:36)
at POMClasses.KiteLoginPage.errormsgOfpassword(KiteLoginPage.java:36)
at POMClasses.KiteLoginPage.errormsgOfpassword(KiteLoginPage.java:36)
]]>
    </error>
  </testcase> <!-- validatePWDerrormsg -->
  <system-out/>
  <testcase classname="KiteAppTestClasses.ValidatepasswordErrorMsg" name="browserClose" time="0.118">
    <error message="Unable to establish websocket connection to http://localhost:57753/devtools/browser/81f16acb-4e7f-4953-8d41-b6c27f4c2198
Build info: version: &#039;4.1.2&#039;, revision: &#039;9a5a329c5a&#039;
System info: host: &#039;SUDARSHAN&#039;, ip: &#039;192.168.1.23&#039;, os.name: &#039;Windows 10&#039;, os.arch: &#039;amd64&#039;, os.version: &#039;10.0&#039;, java.version: &#039;17.0.1&#039;
Driver info: driver.version: RemoteWebDriver" type="org.openqa.selenium.remote.http.ConnectionFailedException">
      <![CDATA[org.openqa.selenium.remote.http.ConnectionFailedException: Unable to establish websocket connection to http://localhost:57753/devtools/browser/81f16acb-4e7f-4953-8d41-b6c27f4c2198
Build info: version: '4.1.2', revision: '9a5a329c5a'
System info: host: 'SUDARSHAN', ip: '192.168.1.23', os.name: 'Windows 10', os.arch: 'amd64', os.version: '10.0', java.version: '17.0.1'
Driver info: driver.version: RemoteWebDriver
at org.openqa.selenium.remote.http.netty.NettyWebSocket.<init>(NettyWebSocket.java:104)
at org.openqa.selenium.remote.http.netty.NettyWebSocket.lambda$create$3(NettyWebSocket.java:137)
at org.openqa.selenium.remote.http.netty.NettyClient.openSocket(NettyClient.java:118)
at org.openqa.selenium.devtools.Connection.<init>(Connection.java:77)
at org.openqa.selenium.firefox.FirefoxDriver.maybeGetDevTools(FirefoxDriver.java:310)
at org.openqa.selenium.remote.RemoteWebDriver.close(RemoteWebDriver.java:440)
at BaseClasses.BaseDetails.closeBrowser(BaseDetails.java:28)
at KiteAppTestClasses.ValidatepasswordErrorMsg.browserClose(ValidatepasswordErrorMsg.java:58)
at java.base/jdk.internal.reflect.NativeMethodAccessorImpl.invoke0(Native Method)
at java.base/jdk.internal.reflect.NativeMethodAccessorImpl.invoke(NativeMethodAccessorImpl.java:77)
at java.base/jdk.internal.reflect.DelegatingMethodAccessorImpl.invoke(DelegatingMethodAccessorImpl.java:43)
at java.base/java.lang.reflect.Method.invoke(Method.java:568)
at org.testng.internal.MethodInvocationHelper.invokeMethod(MethodInvocationHelper.java:133)
at org.testng.internal.MethodInvocationHelper.invokeMethodConsideringTimeout(MethodInvocationHelper.java:62)
at org.testng.internal.ConfigInvoker.invokeConfigurationMethod(ConfigInvoker.java:385)
at org.testng.internal.ConfigInvoker.invokeConfigurations(ConfigInvoker.java:321)
at org.testng.internal.TestMethodWorker.invokeAfterClassMethods(TestMethodWorker.java:217)
at org.testng.internal.TestMethodWorker.run(TestMethodWorker.java:130)
at java.base/java.util.ArrayList.forEach(ArrayList.java:1511)
at org.testng.TestRunner.privateRun(TestRunner.java:794)
at org.testng.TestRunner.run(TestRunner.java:596)
at org.testng.SuiteRunner.runTest(SuiteRunner.java:377)
at org.testng.SuiteRunner.runSequentially(SuiteRunner.java:371)
at org.testng.SuiteRunner.privateRun(SuiteRunner.java:332)
at org.testng.SuiteRunner.run(SuiteRunner.java:276)
at org.testng.SuiteRunnerWorker.runSuite(SuiteRunnerWorker.java:53)
at org.testng.SuiteRunnerWorker.run(SuiteRunnerWorker.java:96)
at org.testng.TestNG.runSuitesSequentially(TestNG.java:1212)
at org.testng.TestNG.runSuitesLocally(TestNG.java:1134)
at org.testng.TestNG.runSuites(TestNG.java:1063)
at org.testng.TestNG.run(TestNG.java:1031)
at org.testng.remote.AbstractRemoteTestNG.run(AbstractRemoteTestNG.java:115)
at org.testng.remote.RemoteTestNG.initAndRun(RemoteTestNG.java:251)
at org.testng.remote.RemoteTestNG.main(RemoteTestNG.java:77)
]]>
    </error>
  </testcase> <!-- browserClose -->
  <system-out/>
</testsuite> <!-- KiteAppTestClasses.ValidatepasswordErrorMsg -->
