<?xml version="1.0" encoding="UTF-8"?>
<!-- Generated by org.testng.reporters.JUnitReportReporter -->
<testsuite hostname="Sudarshan" failures="0" tests="1" name="TestNG_Study.KiteAnnotationStudy" time="0.016" errors="0" timestamp="2022-03-18T19:50:17 IST" skipped="0">
  <testcase classname="TestNG_Study.KiteAnnotationStudy" name="validateUserID" time="0.016"/>
  <system-out>
    <![CDATA[userID validate,Test case is passed]]>
  </system-out>
</testsuite> <!-- TestNG_Study.KiteAnnotationStudy -->
