<?xml version="1.0" encoding="UTF-8"?>
<!-- Generated by org.testng.reporters.JUnitReportReporter -->
<testsuite hostname="Sudarshan" failures="0" tests="2" name="TestNG_Study.TestNGKeywordStudy" time="0.027" errors="0" timestamp="2022-03-21T19:55:50 IST" skipped="0">
  <testcase classname="TestNG_Study.TestNGKeywordStudy" name="MethodC" time="0.003"/>
  <system-out>
    <![CDATA[TC 3 is running]]>
  </system-out>
  <testcase classname="TestNG_Study.TestNGKeywordStudy" name="MethodA" time="0.024"/>
  <system-out>
    <![CDATA[TC 1 is running]]>
  </system-out>
</testsuite> <!-- TestNG_Study.TestNGKeywordStudy -->
