<?xml version="1.0" encoding="UTF-8"?>
<!-- Generated by org.testng.reporters.JUnitReportReporter -->
<testsuite hostname="Sudarshan" failures="0" tests="1" name="KiteAppTestClasses.ValidateKiteAppUserID" time="21.961" errors="0" timestamp="2022-03-30T22:17:40 IST" skipped="0">
  <testcase classname="KiteAppTestClasses.ValidateKiteAppUserID" name="validatekiteAPPuserID" time="21.961"/>
  <system-out>
    <![CDATA[Validated UserName
screenshot taken for TC 100
Validated UserName]]>
  </system-out>
</testsuite> <!-- KiteAppTestClasses.ValidateKiteAppUserID -->
