<?xml version="1.0" encoding="UTF-8"?>
<!-- Generated by org.testng.reporters.JUnitReportReporter -->
<testsuite hostname="Sudarshan" failures="0" tests="2" name="crossBrowserStudy.CT1" time="92.957" errors="0" timestamp="2022-03-24T23:51:27 IST" skipped="0">
  <testcase classname="crossBrowserStudy.CT1" name="crossbrowser" time="47.399"/>
  <system-out/>
  <testcase classname="crossBrowserStudy.CT1" name="crossbrowser" time="45.558"/>
  <system-out/>
</testsuite> <!-- crossBrowserStudy.CT1 -->
